[0.000000] (-) TimerEvent: {}
[0.000262] (Robowarepkg) JobQueued: {'identifier': 'Robowarepkg', 'dependencies': OrderedDict()}
[0.000321] (Robowarepkg) JobStarted: {'identifier': 'Robowarepkg'}
[0.099303] (-) TimerEvent: {}
[0.199605] (-) TimerEvent: {}
[0.299960] (-) TimerEvent: {}
[0.400466] (-) TimerEvent: {}
[0.500865] (-) TimerEvent: {}
[0.601215] (-) TimerEvent: {}
[0.701690] (-) TimerEvent: {}
[0.801969] (-) TimerEvent: {}
[0.902275] (-) TimerEvent: {}
[1.002570] (-) TimerEvent: {}
[1.056230] (Robowarepkg) Command: {'cmd': ['/usr/bin/python3', '-W', 'ignore:setup.py install is deprecated', '-W', 'ignore:easy_install command is deprecated', 'setup.py', 'egg_info', '--egg-base', '../../build/Robowarepkg', 'build', '--build-base', '/home/altair/Roboware/build/Robowarepkg/build', 'install', '--record', '/home/altair/Roboware/build/Robowarepkg/install.log', '--single-version-externally-managed', 'install_data'], 'cwd': '/home/altair/Roboware/src/Robowarepkg', 'env': {'USER': 'altair', 'XDG_SESSION_TYPE': 'wayland', 'SHLVL': '1', 'HOME': '/home/altair', 'DESKTOP_SESSION': 'ubuntu', 'GNOME_SHELL_SESSION_MODE': 'ubuntu', 'GTK_MODULES': 'gail:atk-bridge', 'SYSTEMD_EXEC_PID': '1380', 'DBUS_SESSION_BUS_ADDRESS': 'unix:path=/run/user/1000/bus', 'COLORTERM': 'truecolor', 'IM_CONFIG_PHASE': '1', 'WAYLAND_DISPLAY': 'wayland-0', 'LOGNAME': 'altair', '_': '/usr/bin/colcon', 'XDG_SESSION_CLASS': 'user', 'USERNAME': 'altair', 'COLUMNS': '204', 'TERM': 'xterm-256color', 'GNOME_DESKTOP_SESSION_ID': 'this-is-deprecated', 'PATH': '/home/altair/.local/bin:/usr/local/sbin:/usr/local/bin:/usr/sbin:/usr/bin:/sbin:/bin:/usr/games:/usr/local/games:/snap/bin:/snap/bin', 'SESSION_MANAGER': 'local/altair-HCAR5000-MI:@/tmp/.ICE-unix/1343,unix/altair-HCAR5000-MI:/tmp/.ICE-unix/1343', 'XDG_MENU_PREFIX': 'gnome-', 'GNOME_TERMINAL_SCREEN': '/org/gnome/Terminal/screen/c7928f26_ef38_4c7b_8b46_873a74fd36fd', 'GNOME_SETUP_DISPLAY': ':1', 'XDG_RUNTIME_DIR': '/run/user/1000', 'DISPLAY': ':0', 'LANG': 'ja_JP.UTF-8', 'XDG_CURRENT_DESKTOP': 'ubuntu:GNOME', 'XMODIFIERS': '@im=ibus', 'XDG_SESSION_DESKTOP': 'ubuntu', 'XAUTHORITY': '/run/user/1000/.mutter-Xwaylandauth.7RRWY2', 'GNOME_TERMINAL_SERVICE': ':1.160', 'SSH_AGENT_LAUNCHER': 'gnome-keyring', 'SSH_AUTH_SOCK': '/run/user/1000/keyring/ssh', 'SHELL': '/bin/bash', 'QT_ACCESSIBILITY': '1', 'GDMSESSION': 'ubuntu', 'QT_IM_MODULE': 'ibus', 'PWD': '/home/altair/Roboware/build/Robowarepkg', 'LC_ALL': 'ja_JP.UTF-8', 'XDG_CONFIG_DIRS': '/etc/xdg/xdg-ubuntu:/etc/xdg', 'XDG_DATA_DIRS': '/usr/share/ubuntu:/usr/local/share/:/usr/share/:/var/lib/snapd/desktop', 'LINES': '38', 'COLCON': '1', 'VTE_VERSION': '6800', 'PYTHONPATH': '/home/altair/Roboware/build/Robowarepkg/prefix_override:/usr/lib/python3/dist-packages/colcon_core/task/python/colcon_distutils_commands:/home/altair/Roboware/install/Robowarepkg/lib/python3.10/site-packages:'}, 'shell': False}
[1.102782] (-) TimerEvent: {}
[1.203189] (-) TimerEvent: {}
[1.303504] (-) TimerEvent: {}
[1.350504] (Robowarepkg) StdoutLine: {'line': b'running egg_info\n'}
[1.363907] (Robowarepkg) StdoutLine: {'line': b'writing ../../build/Robowarepkg/Robowarepkg.egg-info/PKG-INFO\n'}
[1.367668] (Robowarepkg) StdoutLine: {'line': b'writing dependency_links to ../../build/Robowarepkg/Robowarepkg.egg-info/dependency_links.txt\n'}
[1.367969] (Robowarepkg) StdoutLine: {'line': b'writing entry points to ../../build/Robowarepkg/Robowarepkg.egg-info/entry_points.txt\n'}
[1.368262] (Robowarepkg) StdoutLine: {'line': b'writing requirements to ../../build/Robowarepkg/Robowarepkg.egg-info/requires.txt\n'}
[1.368627] (Robowarepkg) StdoutLine: {'line': b'writing top-level names to ../../build/Robowarepkg/Robowarepkg.egg-info/top_level.txt\n'}
[1.396427] (Robowarepkg) StdoutLine: {'line': b"reading manifest file '../../build/Robowarepkg/Robowarepkg.egg-info/SOURCES.txt'\n"}
[1.397719] (Robowarepkg) StdoutLine: {'line': b"writing manifest file '../../build/Robowarepkg/Robowarepkg.egg-info/SOURCES.txt'\n"}
[1.398031] (Robowarepkg) StdoutLine: {'line': b'running build\n'}
[1.398150] (Robowarepkg) StdoutLine: {'line': b'running build_py\n'}
[1.398461] (Robowarepkg) StdoutLine: {'line': b'copying Robowarepkg/serial_read_node.py -> /home/altair/Roboware/build/Robowarepkg/build/lib/Robowarepkg\n'}
[1.398777] (Robowarepkg) StdoutLine: {'line': b'copying Robowarepkg/Roboware_node_mpn.py -> /home/altair/Roboware/build/Robowarepkg/build/lib/Robowarepkg\n'}
[1.399183] (Robowarepkg) StdoutLine: {'line': b'copying Robowarepkg/PID_node.py -> /home/altair/Roboware/build/Robowarepkg/build/lib/Robowarepkg\n'}
[1.399360] (Robowarepkg) StdoutLine: {'line': b'copying Robowarepkg/Roboware_node_newmpn.py -> /home/altair/Roboware/build/Robowarepkg/build/lib/Robowarepkg\n'}
[1.399555] (Robowarepkg) StdoutLine: {'line': b'copying Robowarepkg/Roboware_node.py -> /home/altair/Roboware/build/Robowarepkg/build/lib/Robowarepkg\n'}
[1.399751] (Robowarepkg) StdoutLine: {'line': b'copying Robowarepkg/serial_send_node.py -> /home/altair/Roboware/build/Robowarepkg/build/lib/Robowarepkg\n'}
[1.400000] (Robowarepkg) StdoutLine: {'line': b'copying Robowarepkg/web_socket_node.py -> /home/altair/Roboware/build/Robowarepkg/build/lib/Robowarepkg\n'}
[1.400235] (Robowarepkg) StdoutLine: {'line': b'copying Robowarepkg/RealSense_node.py -> /home/altair/Roboware/build/Robowarepkg/build/lib/Robowarepkg\n'}
[1.400479] (Robowarepkg) StdoutLine: {'line': b'copying Robowarepkg/__init__.py -> /home/altair/Roboware/build/Robowarepkg/build/lib/Robowarepkg\n'}
[1.400599] (Robowarepkg) StdoutLine: {'line': b'copying Robowarepkg/Roboware_node_np.py -> /home/altair/Roboware/build/Robowarepkg/build/lib/Robowarepkg\n'}
[1.401016] (Robowarepkg) StdoutLine: {'line': b'running install\n'}
[1.403616] (-) TimerEvent: {}
[1.404770] (Robowarepkg) StdoutLine: {'line': b'running install_lib\n'}
[1.419267] (Robowarepkg) StdoutLine: {'line': b'running install_data\n'}
[1.419777] (Robowarepkg) StdoutLine: {'line': b'copying resource/Robowarepkg -> /home/altair/Roboware/install/Robowarepkg/share/ament_index/resource_index/packages\n'}
[1.420104] (Robowarepkg) StdoutLine: {'line': b'copying package.xml -> /home/altair/Roboware/install/Robowarepkg/share/Robowarepkg\n'}
[1.420313] (Robowarepkg) StdoutLine: {'line': b'running install_egg_info\n'}
[1.435158] (Robowarepkg) StdoutLine: {'line': b"removing '/home/altair/Roboware/install/Robowarepkg/lib/python3.10/site-packages/Robowarepkg-0.0.0-py3.10.egg-info' (and everything under it)\n"}
[1.435621] (Robowarepkg) StdoutLine: {'line': b'Copying ../../build/Robowarepkg/Robowarepkg.egg-info to /home/altair/Roboware/install/Robowarepkg/lib/python3.10/site-packages/Robowarepkg-0.0.0-py3.10.egg-info\n'}
[1.436536] (Robowarepkg) StdoutLine: {'line': b'running install_scripts\n'}
[1.503704] (-) TimerEvent: {}
[1.539183] (Robowarepkg) StdoutLine: {'line': b'Installing PID_node script to /home/altair/Roboware/install/Robowarepkg/lib/Robowarepkg\n'}
[1.542476] (Robowarepkg) StdoutLine: {'line': b'Installing RealSense_node script to /home/altair/Roboware/install/Robowarepkg/lib/Robowarepkg\n'}
[1.542743] (Robowarepkg) StdoutLine: {'line': b'Installing Roboware_node script to /home/altair/Roboware/install/Robowarepkg/lib/Robowarepkg\n'}
[1.543103] (Robowarepkg) StdoutLine: {'line': b'Installing serial_read_node script to /home/altair/Roboware/install/Robowarepkg/lib/Robowarepkg\n'}
[1.543433] (Robowarepkg) StdoutLine: {'line': b'Installing serial_send_node script to /home/altair/Roboware/install/Robowarepkg/lib/Robowarepkg\n'}
[1.543651] (Robowarepkg) StdoutLine: {'line': b'Installing web_socket_node script to /home/altair/Roboware/install/Robowarepkg/lib/Robowarepkg\n'}
[1.544045] (Robowarepkg) StdoutLine: {'line': b"writing list of installed files to '/home/altair/Roboware/build/Robowarepkg/install.log'\n"}
[1.603799] (-) TimerEvent: {}
[1.606242] (Robowarepkg) CommandEnded: {'returncode': 0}
[1.618334] (Robowarepkg) JobEnded: {'identifier': 'Robowarepkg', 'rc': 0}
[1.619034] (-) EventReactorShutdown: {}
