running egg_info
writing ../../build/Robowarepkg/Robowarepkg.egg-info/PKG-INFO
writing dependency_links to ../../build/Robowarepkg/Robowarepkg.egg-info/dependency_links.txt
writing entry points to ../../build/Robowarepkg/Robowarepkg.egg-info/entry_points.txt
writing requirements to ../../build/Robowarepkg/Robowarepkg.egg-info/requires.txt
writing top-level names to ../../build/Robowarepkg/Robowarepkg.egg-info/top_level.txt
reading manifest file '../../build/Robowarepkg/Robowarepkg.egg-info/SOURCES.txt'
writing manifest file '../../build/Robowarepkg/Robowarepkg.egg-info/SOURCES.txt'
running build
running build_py
running install
running install_lib
running install_data
running install_egg_info
removing '/home/altair/Roboware/install/Robowarepkg/lib/python3.10/site-packages/Robowarepkg-0.0.0-py3.10.egg-info' (and everything under it)
Copying ../../build/Robowarepkg/Robowarepkg.egg-info to /home/altair/Roboware/install/Robowarepkg/lib/python3.10/site-packages/Robowarepkg-0.0.0-py3.10.egg-info
running install_scripts
Installing Roboware_node script to /home/altair/Roboware/install/Robowarepkg/lib/Robowarepkg
Installing serial_read_node script to /home/altair/Roboware/install/Robowarepkg/lib/Robowarepkg
Installing serial_send_node script to /home/altair/Roboware/install/Robowarepkg/lib/Robowarepkg
writing list of installed files to '/home/altair/Roboware/build/Robowarepkg/install.log'
