[0.433s] DEBUG:colcon:Command line arguments: ['/usr/bin/colcon', 'build']
[0.433s] DEBUG:colcon:Parsed command line arguments: Namespace(log_base=None, log_level=None, verb_name='build', build_base='build', install_base='install', merge_install=False, symlink_install=False, test_result_base=None, continue_on_error=False, executor='parallel', parallel_workers=16, event_handlers=None, ignore_user_meta=False, metas=['./colcon.meta'], base_paths=['.'], packages_ignore=None, packages_ignore_regex=None, paths=None, packages_up_to=None, packages_up_to_regex=None, packages_above=None, packages_above_and_dependencies=None, packages_above_depth=None, packages_select_by_dep=None, packages_skip_by_dep=None, packages_skip_up_to=None, packages_select_build_failed=False, packages_skip_build_finished=False, packages_select_test_failures=False, packages_skip_test_passed=False, packages_select=None, packages_skip=None, packages_select_regex=None, packages_skip_regex=None, packages_start=None, packages_end=None, allow_overriding=[], cmake_args=None, cmake_target=None, cmake_target_skip_unavailable=False, cmake_clean_cache=False, cmake_clean_first=False, cmake_force_configure=False, ament_cmake_args=None, catkin_cmake_args=None, catkin_skip_building_tests=False, verb_parser=<colcon_defaults.argument_parser.defaults.DefaultArgumentsDecorator object at 0x7db7d279d3c0>, verb_extension=<colcon_core.verb.build.BuildVerb object at 0x7db7d28aea40>, main=<bound method BuildVerb.main of <colcon_core.verb.build.BuildVerb object at 0x7db7d28aea40>>)
[0.500s] Level 1:colcon.colcon_core.package_discovery:discover_packages(colcon_meta) check parameters
[0.500s] Level 1:colcon.colcon_core.package_discovery:discover_packages(recursive) check parameters
[0.500s] Level 1:colcon.colcon_core.package_discovery:discover_packages(ignore) check parameters
[0.500s] Level 1:colcon.colcon_core.package_discovery:discover_packages(path) check parameters
[0.500s] Level 1:colcon.colcon_core.package_discovery:discover_packages(colcon_meta) discover
[0.500s] Level 1:colcon.colcon_core.package_discovery:discover_packages(recursive) discover
[0.500s] INFO:colcon.colcon_core.package_discovery:Crawling recursively for packages in '/home/altair/Roboware'
[0.500s] Level 1:colcon.colcon_core.package_identification:_identify(.) by extensions ['ignore', 'ignore_ament_install']
[0.500s] Level 1:colcon.colcon_core.package_identification:_identify(.) by extension 'ignore'
[0.500s] Level 1:colcon.colcon_core.package_identification:_identify(.) by extension 'ignore_ament_install'
[0.500s] Level 1:colcon.colcon_core.package_identification:_identify(.) by extensions ['colcon_pkg']
[0.500s] Level 1:colcon.colcon_core.package_identification:_identify(.) by extension 'colcon_pkg'
[0.500s] Level 1:colcon.colcon_core.package_identification:_identify(.) by extensions ['colcon_meta']
[0.500s] Level 1:colcon.colcon_core.package_identification:_identify(.) by extension 'colcon_meta'
[0.500s] Level 1:colcon.colcon_core.package_identification:_identify(.) by extensions ['ros']
[0.500s] Level 1:colcon.colcon_core.package_identification:_identify(.) by extension 'ros'
[0.521s] Level 1:colcon.colcon_core.package_identification:_identify(.) by extensions ['cmake', 'python']
[0.521s] Level 1:colcon.colcon_core.package_identification:_identify(.) by extension 'cmake'
[0.521s] Level 1:colcon.colcon_core.package_identification:_identify(.) by extension 'python'
[0.521s] Level 1:colcon.colcon_core.package_identification:_identify(.) by extensions ['python_setup_py']
[0.521s] Level 1:colcon.colcon_core.package_identification:_identify(.) by extension 'python_setup_py'
[0.521s] Level 1:colcon.colcon_core.package_identification:_identify(build) by extensions ['ignore', 'ignore_ament_install']
[0.521s] Level 1:colcon.colcon_core.package_identification:_identify(build) by extension 'ignore'
[0.521s] Level 1:colcon.colcon_core.package_identification:_identify(build) ignored
[0.521s] Level 1:colcon.colcon_core.package_identification:_identify(install) by extensions ['ignore', 'ignore_ament_install']
[0.521s] Level 1:colcon.colcon_core.package_identification:_identify(install) by extension 'ignore'
[0.521s] Level 1:colcon.colcon_core.package_identification:_identify(install) ignored
[0.522s] Level 1:colcon.colcon_core.package_identification:_identify(log) by extensions ['ignore', 'ignore_ament_install']
[0.522s] Level 1:colcon.colcon_core.package_identification:_identify(log) by extension 'ignore'
[0.522s] Level 1:colcon.colcon_core.package_identification:_identify(log) ignored
[0.522s] Level 1:colcon.colcon_core.package_identification:_identify(src) by extensions ['ignore', 'ignore_ament_install']
[0.522s] Level 1:colcon.colcon_core.package_identification:_identify(src) by extension 'ignore'
[0.522s] Level 1:colcon.colcon_core.package_identification:_identify(src) by extension 'ignore_ament_install'
[0.522s] Level 1:colcon.colcon_core.package_identification:_identify(src) by extensions ['colcon_pkg']
[0.522s] Level 1:colcon.colcon_core.package_identification:_identify(src) by extension 'colcon_pkg'
[0.522s] Level 1:colcon.colcon_core.package_identification:_identify(src) by extensions ['colcon_meta']
[0.522s] Level 1:colcon.colcon_core.package_identification:_identify(src) by extension 'colcon_meta'
[0.522s] Level 1:colcon.colcon_core.package_identification:_identify(src) by extensions ['ros']
[0.523s] Level 1:colcon.colcon_core.package_identification:_identify(src) by extension 'ros'
[0.523s] Level 1:colcon.colcon_core.package_identification:_identify(src) by extensions ['cmake', 'python']
[0.523s] Level 1:colcon.colcon_core.package_identification:_identify(src) by extension 'cmake'
[0.523s] Level 1:colcon.colcon_core.package_identification:_identify(src) by extension 'python'
[0.523s] Level 1:colcon.colcon_core.package_identification:_identify(src) by extensions ['python_setup_py']
[0.523s] Level 1:colcon.colcon_core.package_identification:_identify(src) by extension 'python_setup_py'
[0.523s] Level 1:colcon.colcon_core.package_identification:_identify(src/Robowarepkg) by extensions ['ignore', 'ignore_ament_install']
[0.523s] Level 1:colcon.colcon_core.package_identification:_identify(src/Robowarepkg) by extension 'ignore'
[0.523s] Level 1:colcon.colcon_core.package_identification:_identify(src/Robowarepkg) by extension 'ignore_ament_install'
[0.523s] Level 1:colcon.colcon_core.package_identification:_identify(src/Robowarepkg) by extensions ['colcon_pkg']
[0.523s] Level 1:colcon.colcon_core.package_identification:_identify(src/Robowarepkg) by extension 'colcon_pkg'
[0.523s] Level 1:colcon.colcon_core.package_identification:_identify(src/Robowarepkg) by extensions ['colcon_meta']
[0.523s] Level 1:colcon.colcon_core.package_identification:_identify(src/Robowarepkg) by extension 'colcon_meta'
[0.523s] Level 1:colcon.colcon_core.package_identification:_identify(src/Robowarepkg) by extensions ['ros']
[0.523s] Level 1:colcon.colcon_core.package_identification:_identify(src/Robowarepkg) by extension 'ros'
[0.526s] DEBUG:colcon.colcon_core.package_identification:Package 'src/Robowarepkg' with type 'ros.ament_python' and name 'Robowarepkg'
[0.526s] Level 1:colcon.colcon_core.package_identification:_identify(ultralytics) by extensions ['ignore', 'ignore_ament_install']
[0.527s] Level 1:colcon.colcon_core.package_identification:_identify(ultralytics) by extension 'ignore'
[0.527s] Level 1:colcon.colcon_core.package_identification:_identify(ultralytics) by extension 'ignore_ament_install'
[0.527s] Level 1:colcon.colcon_core.package_identification:_identify(ultralytics) by extensions ['colcon_pkg']
[0.527s] Level 1:colcon.colcon_core.package_identification:_identify(ultralytics) by extension 'colcon_pkg'
[0.527s] Level 1:colcon.colcon_core.package_identification:_identify(ultralytics) by extensions ['colcon_meta']
[0.527s] Level 1:colcon.colcon_core.package_identification:_identify(ultralytics) by extension 'colcon_meta'
[0.527s] Level 1:colcon.colcon_core.package_identification:_identify(ultralytics) by extensions ['ros']
[0.527s] Level 1:colcon.colcon_core.package_identification:_identify(ultralytics) by extension 'ros'
[0.527s] Level 1:colcon.colcon_core.package_identification:_identify(ultralytics) by extensions ['cmake', 'python']
[0.527s] Level 1:colcon.colcon_core.package_identification:_identify(ultralytics) by extension 'cmake'
[0.527s] Level 1:colcon.colcon_core.package_identification:_identify(ultralytics) by extension 'python'
[0.527s] Level 1:colcon.colcon_core.package_identification:_identify(ultralytics) by extensions ['python_setup_py']
[0.527s] Level 1:colcon.colcon_core.package_identification:_identify(ultralytics) by extension 'python_setup_py'
[0.528s] Level 1:colcon.colcon_core.package_identification:_identify(ultralytics/yolov5) by extensions ['ignore', 'ignore_ament_install']
[0.528s] Level 1:colcon.colcon_core.package_identification:_identify(ultralytics/yolov5) by extension 'ignore'
[0.528s] Level 1:colcon.colcon_core.package_identification:_identify(ultralytics/yolov5) by extension 'ignore_ament_install'
[0.528s] Level 1:colcon.colcon_core.package_identification:_identify(ultralytics/yolov5) by extensions ['colcon_pkg']
[0.528s] Level 1:colcon.colcon_core.package_identification:_identify(ultralytics/yolov5) by extension 'colcon_pkg'
[0.528s] Level 1:colcon.colcon_core.package_identification:_identify(ultralytics/yolov5) by extensions ['colcon_meta']
[0.528s] Level 1:colcon.colcon_core.package_identification:_identify(ultralytics/yolov5) by extension 'colcon_meta'
[0.528s] Level 1:colcon.colcon_core.package_identification:_identify(ultralytics/yolov5) by extensions ['ros']
[0.528s] Level 1:colcon.colcon_core.package_identification:_identify(ultralytics/yolov5) by extension 'ros'
[0.528s] Level 1:colcon.colcon_core.package_identification:_identify(ultralytics/yolov5) by extensions ['cmake', 'python']
[0.528s] Level 1:colcon.colcon_core.package_identification:_identify(ultralytics/yolov5) by extension 'cmake'
[0.529s] Level 1:colcon.colcon_core.package_identification:_identify(ultralytics/yolov5) by extension 'python'
[0.529s] Level 1:colcon.colcon_core.package_identification:_identify(ultralytics/yolov5) by extensions ['python_setup_py']
[0.529s] Level 1:colcon.colcon_core.package_identification:_identify(ultralytics/yolov5) by extension 'python_setup_py'
[0.529s] Level 1:colcon.colcon_core.package_identification:_identify(ultralytics/yolov5/__pycache__) by extensions ['ignore', 'ignore_ament_install']
[0.529s] Level 1:colcon.colcon_core.package_identification:_identify(ultralytics/yolov5/__pycache__) by extension 'ignore'
[0.529s] Level 1:colcon.colcon_core.package_identification:_identify(ultralytics/yolov5/__pycache__) by extension 'ignore_ament_install'
[0.529s] Level 1:colcon.colcon_core.package_identification:_identify(ultralytics/yolov5/__pycache__) by extensions ['colcon_pkg']
[0.529s] Level 1:colcon.colcon_core.package_identification:_identify(ultralytics/yolov5/__pycache__) by extension 'colcon_pkg'
[0.529s] Level 1:colcon.colcon_core.package_identification:_identify(ultralytics/yolov5/__pycache__) by extensions ['colcon_meta']
[0.529s] Level 1:colcon.colcon_core.package_identification:_identify(ultralytics/yolov5/__pycache__) by extension 'colcon_meta'
[0.529s] Level 1:colcon.colcon_core.package_identification:_identify(ultralytics/yolov5/__pycache__) by extensions ['ros']
[0.529s] Level 1:colcon.colcon_core.package_identification:_identify(ultralytics/yolov5/__pycache__) by extension 'ros'
[0.529s] Level 1:colcon.colcon_core.package_identification:_identify(ultralytics/yolov5/__pycache__) by extensions ['cmake', 'python']
[0.529s] Level 1:colcon.colcon_core.package_identification:_identify(ultralytics/yolov5/__pycache__) by extension 'cmake'
[0.529s] Level 1:colcon.colcon_core.package_identification:_identify(ultralytics/yolov5/__pycache__) by extension 'python'
[0.529s] Level 1:colcon.colcon_core.package_identification:_identify(ultralytics/yolov5/__pycache__) by extensions ['python_setup_py']
[0.529s] Level 1:colcon.colcon_core.package_identification:_identify(ultralytics/yolov5/__pycache__) by extension 'python_setup_py'
[0.530s] Level 1:colcon.colcon_core.package_identification:_identify(ultralytics/yolov5/classify) by extensions ['ignore', 'ignore_ament_install']
[0.530s] Level 1:colcon.colcon_core.package_identification:_identify(ultralytics/yolov5/classify) by extension 'ignore'
[0.530s] Level 1:colcon.colcon_core.package_identification:_identify(ultralytics/yolov5/classify) by extension 'ignore_ament_install'
[0.530s] Level 1:colcon.colcon_core.package_identification:_identify(ultralytics/yolov5/classify) by extensions ['colcon_pkg']
[0.530s] Level 1:colcon.colcon_core.package_identification:_identify(ultralytics/yolov5/classify) by extension 'colcon_pkg'
[0.530s] Level 1:colcon.colcon_core.package_identification:_identify(ultralytics/yolov5/classify) by extensions ['colcon_meta']
[0.530s] Level 1:colcon.colcon_core.package_identification:_identify(ultralytics/yolov5/classify) by extension 'colcon_meta'
[0.530s] Level 1:colcon.colcon_core.package_identification:_identify(ultralytics/yolov5/classify) by extensions ['ros']
[0.530s] Level 1:colcon.colcon_core.package_identification:_identify(ultralytics/yolov5/classify) by extension 'ros'
[0.530s] Level 1:colcon.colcon_core.package_identification:_identify(ultralytics/yolov5/classify) by extensions ['cmake', 'python']
[0.530s] Level 1:colcon.colcon_core.package_identification:_identify(ultralytics/yolov5/classify) by extension 'cmake'
[0.530s] Level 1:colcon.colcon_core.package_identification:_identify(ultralytics/yolov5/classify) by extension 'python'
[0.530s] Level 1:colcon.colcon_core.package_identification:_identify(ultralytics/yolov5/classify) by extensions ['python_setup_py']
[0.530s] Level 1:colcon.colcon_core.package_identification:_identify(ultralytics/yolov5/classify) by extension 'python_setup_py'
[0.530s] Level 1:colcon.colcon_core.package_identification:_identify(ultralytics/yolov5/data) by extensions ['ignore', 'ignore_ament_install']
[0.530s] Level 1:colcon.colcon_core.package_identification:_identify(ultralytics/yolov5/data) by extension 'ignore'
[0.530s] Level 1:colcon.colcon_core.package_identification:_identify(ultralytics/yolov5/data) by extension 'ignore_ament_install'
[0.531s] Level 1:colcon.colcon_core.package_identification:_identify(ultralytics/yolov5/data) by extensions ['colcon_pkg']
[0.531s] Level 1:colcon.colcon_core.package_identification:_identify(ultralytics/yolov5/data) by extension 'colcon_pkg'
[0.531s] Level 1:colcon.colcon_core.package_identification:_identify(ultralytics/yolov5/data) by extensions ['colcon_meta']
[0.531s] Level 1:colcon.colcon_core.package_identification:_identify(ultralytics/yolov5/data) by extension 'colcon_meta'
[0.531s] Level 1:colcon.colcon_core.package_identification:_identify(ultralytics/yolov5/data) by extensions ['ros']
[0.531s] Level 1:colcon.colcon_core.package_identification:_identify(ultralytics/yolov5/data) by extension 'ros'
[0.531s] Level 1:colcon.colcon_core.package_identification:_identify(ultralytics/yolov5/data) by extensions ['cmake', 'python']
[0.531s] Level 1:colcon.colcon_core.package_identification:_identify(ultralytics/yolov5/data) by extension 'cmake'
[0.531s] Level 1:colcon.colcon_core.package_identification:_identify(ultralytics/yolov5/data) by extension 'python'
[0.531s] Level 1:colcon.colcon_core.package_identification:_identify(ultralytics/yolov5/data) by extensions ['python_setup_py']
[0.531s] Level 1:colcon.colcon_core.package_identification:_identify(ultralytics/yolov5/data) by extension 'python_setup_py'
[0.531s] Level 1:colcon.colcon_core.package_identification:_identify(ultralytics/yolov5/data/hyps) by extensions ['ignore', 'ignore_ament_install']
[0.531s] Level 1:colcon.colcon_core.package_identification:_identify(ultralytics/yolov5/data/hyps) by extension 'ignore'
[0.531s] Level 1:colcon.colcon_core.package_identification:_identify(ultralytics/yolov5/data/hyps) by extension 'ignore_ament_install'
[0.531s] Level 1:colcon.colcon_core.package_identification:_identify(ultralytics/yolov5/data/hyps) by extensions ['colcon_pkg']
[0.531s] Level 1:colcon.colcon_core.package_identification:_identify(ultralytics/yolov5/data/hyps) by extension 'colcon_pkg'
[0.531s] Level 1:colcon.colcon_core.package_identification:_identify(ultralytics/yolov5/data/hyps) by extensions ['colcon_meta']
[0.531s] Level 1:colcon.colcon_core.package_identification:_identify(ultralytics/yolov5/data/hyps) by extension 'colcon_meta'
[0.531s] Level 1:colcon.colcon_core.package_identification:_identify(ultralytics/yolov5/data/hyps) by extensions ['ros']
[0.531s] Level 1:colcon.colcon_core.package_identification:_identify(ultralytics/yolov5/data/hyps) by extension 'ros'
[0.531s] Level 1:colcon.colcon_core.package_identification:_identify(ultralytics/yolov5/data/hyps) by extensions ['cmake', 'python']
[0.531s] Level 1:colcon.colcon_core.package_identification:_identify(ultralytics/yolov5/data/hyps) by extension 'cmake'
[0.532s] Level 1:colcon.colcon_core.package_identification:_identify(ultralytics/yolov5/data/hyps) by extension 'python'
[0.532s] Level 1:colcon.colcon_core.package_identification:_identify(ultralytics/yolov5/data/hyps) by extensions ['python_setup_py']
[0.532s] Level 1:colcon.colcon_core.package_identification:_identify(ultralytics/yolov5/data/hyps) by extension 'python_setup_py'
[0.532s] Level 1:colcon.colcon_core.package_identification:_identify(ultralytics/yolov5/data/images) by extensions ['ignore', 'ignore_ament_install']
[0.532s] Level 1:colcon.colcon_core.package_identification:_identify(ultralytics/yolov5/data/images) by extension 'ignore'
[0.532s] Level 1:colcon.colcon_core.package_identification:_identify(ultralytics/yolov5/data/images) by extension 'ignore_ament_install'
[0.532s] Level 1:colcon.colcon_core.package_identification:_identify(ultralytics/yolov5/data/images) by extensions ['colcon_pkg']
[0.532s] Level 1:colcon.colcon_core.package_identification:_identify(ultralytics/yolov5/data/images) by extension 'colcon_pkg'
[0.532s] Level 1:colcon.colcon_core.package_identification:_identify(ultralytics/yolov5/data/images) by extensions ['colcon_meta']
[0.532s] Level 1:colcon.colcon_core.package_identification:_identify(ultralytics/yolov5/data/images) by extension 'colcon_meta'
[0.532s] Level 1:colcon.colcon_core.package_identification:_identify(ultralytics/yolov5/data/images) by extensions ['ros']
[0.532s] Level 1:colcon.colcon_core.package_identification:_identify(ultralytics/yolov5/data/images) by extension 'ros'
[0.532s] Level 1:colcon.colcon_core.package_identification:_identify(ultralytics/yolov5/data/images) by extensions ['cmake', 'python']
[0.532s] Level 1:colcon.colcon_core.package_identification:_identify(ultralytics/yolov5/data/images) by extension 'cmake'
[0.532s] Level 1:colcon.colcon_core.package_identification:_identify(ultralytics/yolov5/data/images) by extension 'python'
[0.532s] Level 1:colcon.colcon_core.package_identification:_identify(ultralytics/yolov5/data/images) by extensions ['python_setup_py']
[0.532s] Level 1:colcon.colcon_core.package_identification:_identify(ultralytics/yolov5/data/images) by extension 'python_setup_py'
[0.533s] Level 1:colcon.colcon_core.package_identification:_identify(ultralytics/yolov5/data/scripts) by extensions ['ignore', 'ignore_ament_install']
[0.533s] Level 1:colcon.colcon_core.package_identification:_identify(ultralytics/yolov5/data/scripts) by extension 'ignore'
[0.533s] Level 1:colcon.colcon_core.package_identification:_identify(ultralytics/yolov5/data/scripts) by extension 'ignore_ament_install'
[0.533s] Level 1:colcon.colcon_core.package_identification:_identify(ultralytics/yolov5/data/scripts) by extensions ['colcon_pkg']
[0.533s] Level 1:colcon.colcon_core.package_identification:_identify(ultralytics/yolov5/data/scripts) by extension 'colcon_pkg'
[0.533s] Level 1:colcon.colcon_core.package_identification:_identify(ultralytics/yolov5/data/scripts) by extensions ['colcon_meta']
[0.533s] Level 1:colcon.colcon_core.package_identification:_identify(ultralytics/yolov5/data/scripts) by extension 'colcon_meta'
[0.533s] Level 1:colcon.colcon_core.package_identification:_identify(ultralytics/yolov5/data/scripts) by extensions ['ros']
[0.533s] Level 1:colcon.colcon_core.package_identification:_identify(ultralytics/yolov5/data/scripts) by extension 'ros'
[0.533s] Level 1:colcon.colcon_core.package_identification:_identify(ultralytics/yolov5/data/scripts) by extensions ['cmake', 'python']
[0.533s] Level 1:colcon.colcon_core.package_identification:_identify(ultralytics/yolov5/data/scripts) by extension 'cmake'
[0.533s] Level 1:colcon.colcon_core.package_identification:_identify(ultralytics/yolov5/data/scripts) by extension 'python'
[0.533s] Level 1:colcon.colcon_core.package_identification:_identify(ultralytics/yolov5/data/scripts) by extensions ['python_setup_py']
[0.533s] Level 1:colcon.colcon_core.package_identification:_identify(ultralytics/yolov5/data/scripts) by extension 'python_setup_py'
[0.533s] Level 1:colcon.colcon_core.package_identification:_identify(ultralytics/yolov5/models) by extensions ['ignore', 'ignore_ament_install']
[0.533s] Level 1:colcon.colcon_core.package_identification:_identify(ultralytics/yolov5/models) by extension 'ignore'
[0.533s] Level 1:colcon.colcon_core.package_identification:_identify(ultralytics/yolov5/models) by extension 'ignore_ament_install'
[0.533s] Level 1:colcon.colcon_core.package_identification:_identify(ultralytics/yolov5/models) by extensions ['colcon_pkg']
[0.533s] Level 1:colcon.colcon_core.package_identification:_identify(ultralytics/yolov5/models) by extension 'colcon_pkg'
[0.533s] Level 1:colcon.colcon_core.package_identification:_identify(ultralytics/yolov5/models) by extensions ['colcon_meta']
[0.534s] Level 1:colcon.colcon_core.package_identification:_identify(ultralytics/yolov5/models) by extension 'colcon_meta'
[0.534s] Level 1:colcon.colcon_core.package_identification:_identify(ultralytics/yolov5/models) by extensions ['ros']
[0.534s] Level 1:colcon.colcon_core.package_identification:_identify(ultralytics/yolov5/models) by extension 'ros'
[0.534s] Level 1:colcon.colcon_core.package_identification:_identify(ultralytics/yolov5/models) by extensions ['cmake', 'python']
[0.534s] Level 1:colcon.colcon_core.package_identification:_identify(ultralytics/yolov5/models) by extension 'cmake'
[0.534s] Level 1:colcon.colcon_core.package_identification:_identify(ultralytics/yolov5/models) by extension 'python'
[0.534s] Level 1:colcon.colcon_core.package_identification:_identify(ultralytics/yolov5/models) by extensions ['python_setup_py']
[0.534s] Level 1:colcon.colcon_core.package_identification:_identify(ultralytics/yolov5/models) by extension 'python_setup_py'
[0.534s] Level 1:colcon.colcon_core.package_identification:_identify(ultralytics/yolov5/models/__pycache__) by extensions ['ignore', 'ignore_ament_install']
[0.534s] Level 1:colcon.colcon_core.package_identification:_identify(ultralytics/yolov5/models/__pycache__) by extension 'ignore'
[0.534s] Level 1:colcon.colcon_core.package_identification:_identify(ultralytics/yolov5/models/__pycache__) by extension 'ignore_ament_install'
[0.534s] Level 1:colcon.colcon_core.package_identification:_identify(ultralytics/yolov5/models/__pycache__) by extensions ['colcon_pkg']
[0.534s] Level 1:colcon.colcon_core.package_identification:_identify(ultralytics/yolov5/models/__pycache__) by extension 'colcon_pkg'
[0.534s] Level 1:colcon.colcon_core.package_identification:_identify(ultralytics/yolov5/models/__pycache__) by extensions ['colcon_meta']
[0.534s] Level 1:colcon.colcon_core.package_identification:_identify(ultralytics/yolov5/models/__pycache__) by extension 'colcon_meta'
[0.534s] Level 1:colcon.colcon_core.package_identification:_identify(ultralytics/yolov5/models/__pycache__) by extensions ['ros']
[0.534s] Level 1:colcon.colcon_core.package_identification:_identify(ultralytics/yolov5/models/__pycache__) by extension 'ros'
[0.534s] Level 1:colcon.colcon_core.package_identification:_identify(ultralytics/yolov5/models/__pycache__) by extensions ['cmake', 'python']
[0.534s] Level 1:colcon.colcon_core.package_identification:_identify(ultralytics/yolov5/models/__pycache__) by extension 'cmake'
[0.534s] Level 1:colcon.colcon_core.package_identification:_identify(ultralytics/yolov5/models/__pycache__) by extension 'python'
[0.534s] Level 1:colcon.colcon_core.package_identification:_identify(ultralytics/yolov5/models/__pycache__) by extensions ['python_setup_py']
[0.534s] Level 1:colcon.colcon_core.package_identification:_identify(ultralytics/yolov5/models/__pycache__) by extension 'python_setup_py'
[0.535s] Level 1:colcon.colcon_core.package_identification:_identify(ultralytics/yolov5/models/hub) by extensions ['ignore', 'ignore_ament_install']
[0.535s] Level 1:colcon.colcon_core.package_identification:_identify(ultralytics/yolov5/models/hub) by extension 'ignore'
[0.535s] Level 1:colcon.colcon_core.package_identification:_identify(ultralytics/yolov5/models/hub) by extension 'ignore_ament_install'
[0.535s] Level 1:colcon.colcon_core.package_identification:_identify(ultralytics/yolov5/models/hub) by extensions ['colcon_pkg']
[0.535s] Level 1:colcon.colcon_core.package_identification:_identify(ultralytics/yolov5/models/hub) by extension 'colcon_pkg'
[0.535s] Level 1:colcon.colcon_core.package_identification:_identify(ultralytics/yolov5/models/hub) by extensions ['colcon_meta']
[0.535s] Level 1:colcon.colcon_core.package_identification:_identify(ultralytics/yolov5/models/hub) by extension 'colcon_meta'
[0.535s] Level 1:colcon.colcon_core.package_identification:_identify(ultralytics/yolov5/models/hub) by extensions ['ros']
[0.535s] Level 1:colcon.colcon_core.package_identification:_identify(ultralytics/yolov5/models/hub) by extension 'ros'
[0.535s] Level 1:colcon.colcon_core.package_identification:_identify(ultralytics/yolov5/models/hub) by extensions ['cmake', 'python']
[0.535s] Level 1:colcon.colcon_core.package_identification:_identify(ultralytics/yolov5/models/hub) by extension 'cmake'
[0.535s] Level 1:colcon.colcon_core.package_identification:_identify(ultralytics/yolov5/models/hub) by extension 'python'
[0.535s] Level 1:colcon.colcon_core.package_identification:_identify(ultralytics/yolov5/models/hub) by extensions ['python_setup_py']
[0.535s] Level 1:colcon.colcon_core.package_identification:_identify(ultralytics/yolov5/models/hub) by extension 'python_setup_py'
[0.536s] Level 1:colcon.colcon_core.package_identification:_identify(ultralytics/yolov5/models/segment) by extensions ['ignore', 'ignore_ament_install']
[0.536s] Level 1:colcon.colcon_core.package_identification:_identify(ultralytics/yolov5/models/segment) by extension 'ignore'
[0.536s] Level 1:colcon.colcon_core.package_identification:_identify(ultralytics/yolov5/models/segment) by extension 'ignore_ament_install'
[0.536s] Level 1:colcon.colcon_core.package_identification:_identify(ultralytics/yolov5/models/segment) by extensions ['colcon_pkg']
[0.536s] Level 1:colcon.colcon_core.package_identification:_identify(ultralytics/yolov5/models/segment) by extension 'colcon_pkg'
[0.536s] Level 1:colcon.colcon_core.package_identification:_identify(ultralytics/yolov5/models/segment) by extensions ['colcon_meta']
[0.536s] Level 1:colcon.colcon_core.package_identification:_identify(ultralytics/yolov5/models/segment) by extension 'colcon_meta'
[0.536s] Level 1:colcon.colcon_core.package_identification:_identify(ultralytics/yolov5/models/segment) by extensions ['ros']
[0.536s] Level 1:colcon.colcon_core.package_identification:_identify(ultralytics/yolov5/models/segment) by extension 'ros'
[0.536s] Level 1:colcon.colcon_core.package_identification:_identify(ultralytics/yolov5/models/segment) by extensions ['cmake', 'python']
[0.536s] Level 1:colcon.colcon_core.package_identification:_identify(ultralytics/yolov5/models/segment) by extension 'cmake'
[0.536s] Level 1:colcon.colcon_core.package_identification:_identify(ultralytics/yolov5/models/segment) by extension 'python'
[0.536s] Level 1:colcon.colcon_core.package_identification:_identify(ultralytics/yolov5/models/segment) by extensions ['python_setup_py']
[0.536s] Level 1:colcon.colcon_core.package_identification:_identify(ultralytics/yolov5/models/segment) by extension 'python_setup_py'
[0.536s] Level 1:colcon.colcon_core.package_identification:_identify(ultralytics/yolov5/segment) by extensions ['ignore', 'ignore_ament_install']
[0.536s] Level 1:colcon.colcon_core.package_identification:_identify(ultralytics/yolov5/segment) by extension 'ignore'
[0.536s] Level 1:colcon.colcon_core.package_identification:_identify(ultralytics/yolov5/segment) by extension 'ignore_ament_install'
[0.537s] Level 1:colcon.colcon_core.package_identification:_identify(ultralytics/yolov5/segment) by extensions ['colcon_pkg']
[0.537s] Level 1:colcon.colcon_core.package_identification:_identify(ultralytics/yolov5/segment) by extension 'colcon_pkg'
[0.537s] Level 1:colcon.colcon_core.package_identification:_identify(ultralytics/yolov5/segment) by extensions ['colcon_meta']
[0.537s] Level 1:colcon.colcon_core.package_identification:_identify(ultralytics/yolov5/segment) by extension 'colcon_meta'
[0.537s] Level 1:colcon.colcon_core.package_identification:_identify(ultralytics/yolov5/segment) by extensions ['ros']
[0.537s] Level 1:colcon.colcon_core.package_identification:_identify(ultralytics/yolov5/segment) by extension 'ros'
[0.537s] Level 1:colcon.colcon_core.package_identification:_identify(ultralytics/yolov5/segment) by extensions ['cmake', 'python']
[0.537s] Level 1:colcon.colcon_core.package_identification:_identify(ultralytics/yolov5/segment) by extension 'cmake'
[0.537s] Level 1:colcon.colcon_core.package_identification:_identify(ultralytics/yolov5/segment) by extension 'python'
[0.537s] Level 1:colcon.colcon_core.package_identification:_identify(ultralytics/yolov5/segment) by extensions ['python_setup_py']
[0.537s] Level 1:colcon.colcon_core.package_identification:_identify(ultralytics/yolov5/segment) by extension 'python_setup_py'
[0.537s] Level 1:colcon.colcon_core.package_identification:_identify(ultralytics/yolov5/utils) by extensions ['ignore', 'ignore_ament_install']
[0.537s] Level 1:colcon.colcon_core.package_identification:_identify(ultralytics/yolov5/utils) by extension 'ignore'
[0.537s] Level 1:colcon.colcon_core.package_identification:_identify(ultralytics/yolov5/utils) by extension 'ignore_ament_install'
[0.537s] Level 1:colcon.colcon_core.package_identification:_identify(ultralytics/yolov5/utils) by extensions ['colcon_pkg']
[0.537s] Level 1:colcon.colcon_core.package_identification:_identify(ultralytics/yolov5/utils) by extension 'colcon_pkg'
[0.537s] Level 1:colcon.colcon_core.package_identification:_identify(ultralytics/yolov5/utils) by extensions ['colcon_meta']
[0.537s] Level 1:colcon.colcon_core.package_identification:_identify(ultralytics/yolov5/utils) by extension 'colcon_meta'
[0.537s] Level 1:colcon.colcon_core.package_identification:_identify(ultralytics/yolov5/utils) by extensions ['ros']
[0.537s] Level 1:colcon.colcon_core.package_identification:_identify(ultralytics/yolov5/utils) by extension 'ros'
[0.537s] Level 1:colcon.colcon_core.package_identification:_identify(ultralytics/yolov5/utils) by extensions ['cmake', 'python']
[0.537s] Level 1:colcon.colcon_core.package_identification:_identify(ultralytics/yolov5/utils) by extension 'cmake'
[0.537s] Level 1:colcon.colcon_core.package_identification:_identify(ultralytics/yolov5/utils) by extension 'python'
[0.538s] Level 1:colcon.colcon_core.package_identification:_identify(ultralytics/yolov5/utils) by extensions ['python_setup_py']
[0.538s] Level 1:colcon.colcon_core.package_identification:_identify(ultralytics/yolov5/utils) by extension 'python_setup_py'
[0.538s] Level 1:colcon.colcon_core.package_identification:_identify(ultralytics/yolov5/utils/__pycache__) by extensions ['ignore', 'ignore_ament_install']
[0.538s] Level 1:colcon.colcon_core.package_identification:_identify(ultralytics/yolov5/utils/__pycache__) by extension 'ignore'
[0.538s] Level 1:colcon.colcon_core.package_identification:_identify(ultralytics/yolov5/utils/__pycache__) by extension 'ignore_ament_install'
[0.538s] Level 1:colcon.colcon_core.package_identification:_identify(ultralytics/yolov5/utils/__pycache__) by extensions ['colcon_pkg']
[0.538s] Level 1:colcon.colcon_core.package_identification:_identify(ultralytics/yolov5/utils/__pycache__) by extension 'colcon_pkg'
[0.538s] Level 1:colcon.colcon_core.package_identification:_identify(ultralytics/yolov5/utils/__pycache__) by extensions ['colcon_meta']
[0.538s] Level 1:colcon.colcon_core.package_identification:_identify(ultralytics/yolov5/utils/__pycache__) by extension 'colcon_meta'
[0.538s] Level 1:colcon.colcon_core.package_identification:_identify(ultralytics/yolov5/utils/__pycache__) by extensions ['ros']
[0.538s] Level 1:colcon.colcon_core.package_identification:_identify(ultralytics/yolov5/utils/__pycache__) by extension 'ros'
[0.538s] Level 1:colcon.colcon_core.package_identification:_identify(ultralytics/yolov5/utils/__pycache__) by extensions ['cmake', 'python']
[0.538s] Level 1:colcon.colcon_core.package_identification:_identify(ultralytics/yolov5/utils/__pycache__) by extension 'cmake'
[0.538s] Level 1:colcon.colcon_core.package_identification:_identify(ultralytics/yolov5/utils/__pycache__) by extension 'python'
[0.538s] Level 1:colcon.colcon_core.package_identification:_identify(ultralytics/yolov5/utils/__pycache__) by extensions ['python_setup_py']
[0.538s] Level 1:colcon.colcon_core.package_identification:_identify(ultralytics/yolov5/utils/__pycache__) by extension 'python_setup_py'
[0.539s] Level 1:colcon.colcon_core.package_identification:_identify(ultralytics/yolov5/utils/aws) by extensions ['ignore', 'ignore_ament_install']
[0.539s] Level 1:colcon.colcon_core.package_identification:_identify(ultralytics/yolov5/utils/aws) by extension 'ignore'
[0.539s] Level 1:colcon.colcon_core.package_identification:_identify(ultralytics/yolov5/utils/aws) by extension 'ignore_ament_install'
[0.539s] Level 1:colcon.colcon_core.package_identification:_identify(ultralytics/yolov5/utils/aws) by extensions ['colcon_pkg']
[0.539s] Level 1:colcon.colcon_core.package_identification:_identify(ultralytics/yolov5/utils/aws) by extension 'colcon_pkg'
[0.539s] Level 1:colcon.colcon_core.package_identification:_identify(ultralytics/yolov5/utils/aws) by extensions ['colcon_meta']
[0.539s] Level 1:colcon.colcon_core.package_identification:_identify(ultralytics/yolov5/utils/aws) by extension 'colcon_meta'
[0.539s] Level 1:colcon.colcon_core.package_identification:_identify(ultralytics/yolov5/utils/aws) by extensions ['ros']
[0.539s] Level 1:colcon.colcon_core.package_identification:_identify(ultralytics/yolov5/utils/aws) by extension 'ros'
[0.539s] Level 1:colcon.colcon_core.package_identification:_identify(ultralytics/yolov5/utils/aws) by extensions ['cmake', 'python']
[0.539s] Level 1:colcon.colcon_core.package_identification:_identify(ultralytics/yolov5/utils/aws) by extension 'cmake'
[0.539s] Level 1:colcon.colcon_core.package_identification:_identify(ultralytics/yolov5/utils/aws) by extension 'python'
[0.539s] Level 1:colcon.colcon_core.package_identification:_identify(ultralytics/yolov5/utils/aws) by extensions ['python_setup_py']
[0.539s] Level 1:colcon.colcon_core.package_identification:_identify(ultralytics/yolov5/utils/aws) by extension 'python_setup_py'
[0.539s] Level 1:colcon.colcon_core.package_identification:_identify(ultralytics/yolov5/utils/docker) by extensions ['ignore', 'ignore_ament_install']
[0.540s] Level 1:colcon.colcon_core.package_identification:_identify(ultralytics/yolov5/utils/docker) by extension 'ignore'
[0.540s] Level 1:colcon.colcon_core.package_identification:_identify(ultralytics/yolov5/utils/docker) by extension 'ignore_ament_install'
[0.540s] Level 1:colcon.colcon_core.package_identification:_identify(ultralytics/yolov5/utils/docker) by extensions ['colcon_pkg']
[0.540s] Level 1:colcon.colcon_core.package_identification:_identify(ultralytics/yolov5/utils/docker) by extension 'colcon_pkg'
[0.540s] Level 1:colcon.colcon_core.package_identification:_identify(ultralytics/yolov5/utils/docker) by extensions ['colcon_meta']
[0.540s] Level 1:colcon.colcon_core.package_identification:_identify(ultralytics/yolov5/utils/docker) by extension 'colcon_meta'
[0.540s] Level 1:colcon.colcon_core.package_identification:_identify(ultralytics/yolov5/utils/docker) by extensions ['ros']
[0.540s] Level 1:colcon.colcon_core.package_identification:_identify(ultralytics/yolov5/utils/docker) by extension 'ros'
[0.540s] Level 1:colcon.colcon_core.package_identification:_identify(ultralytics/yolov5/utils/docker) by extensions ['cmake', 'python']
[0.540s] Level 1:colcon.colcon_core.package_identification:_identify(ultralytics/yolov5/utils/docker) by extension 'cmake'
[0.540s] Level 1:colcon.colcon_core.package_identification:_identify(ultralytics/yolov5/utils/docker) by extension 'python'
[0.540s] Level 1:colcon.colcon_core.package_identification:_identify(ultralytics/yolov5/utils/docker) by extensions ['python_setup_py']
[0.540s] Level 1:colcon.colcon_core.package_identification:_identify(ultralytics/yolov5/utils/docker) by extension 'python_setup_py'
[0.540s] Level 1:colcon.colcon_core.package_identification:_identify(ultralytics/yolov5/utils/flask_rest_api) by extensions ['ignore', 'ignore_ament_install']
[0.540s] Level 1:colcon.colcon_core.package_identification:_identify(ultralytics/yolov5/utils/flask_rest_api) by extension 'ignore'
[0.540s] Level 1:colcon.colcon_core.package_identification:_identify(ultralytics/yolov5/utils/flask_rest_api) by extension 'ignore_ament_install'
[0.540s] Level 1:colcon.colcon_core.package_identification:_identify(ultralytics/yolov5/utils/flask_rest_api) by extensions ['colcon_pkg']
[0.540s] Level 1:colcon.colcon_core.package_identification:_identify(ultralytics/yolov5/utils/flask_rest_api) by extension 'colcon_pkg'
[0.540s] Level 1:colcon.colcon_core.package_identification:_identify(ultralytics/yolov5/utils/flask_rest_api) by extensions ['colcon_meta']
[0.540s] Level 1:colcon.colcon_core.package_identification:_identify(ultralytics/yolov5/utils/flask_rest_api) by extension 'colcon_meta'
[0.541s] Level 1:colcon.colcon_core.package_identification:_identify(ultralytics/yolov5/utils/flask_rest_api) by extensions ['ros']
[0.541s] Level 1:colcon.colcon_core.package_identification:_identify(ultralytics/yolov5/utils/flask_rest_api) by extension 'ros'
[0.541s] Level 1:colcon.colcon_core.package_identification:_identify(ultralytics/yolov5/utils/flask_rest_api) by extensions ['cmake', 'python']
[0.541s] Level 1:colcon.colcon_core.package_identification:_identify(ultralytics/yolov5/utils/flask_rest_api) by extension 'cmake'
[0.541s] Level 1:colcon.colcon_core.package_identification:_identify(ultralytics/yolov5/utils/flask_rest_api) by extension 'python'
[0.541s] Level 1:colcon.colcon_core.package_identification:_identify(ultralytics/yolov5/utils/flask_rest_api) by extensions ['python_setup_py']
[0.541s] Level 1:colcon.colcon_core.package_identification:_identify(ultralytics/yolov5/utils/flask_rest_api) by extension 'python_setup_py'
[0.541s] Level 1:colcon.colcon_core.package_identification:_identify(ultralytics/yolov5/utils/google_app_engine) by extensions ['ignore', 'ignore_ament_install']
[0.541s] Level 1:colcon.colcon_core.package_identification:_identify(ultralytics/yolov5/utils/google_app_engine) by extension 'ignore'
[0.541s] Level 1:colcon.colcon_core.package_identification:_identify(ultralytics/yolov5/utils/google_app_engine) by extension 'ignore_ament_install'
[0.541s] Level 1:colcon.colcon_core.package_identification:_identify(ultralytics/yolov5/utils/google_app_engine) by extensions ['colcon_pkg']
[0.541s] Level 1:colcon.colcon_core.package_identification:_identify(ultralytics/yolov5/utils/google_app_engine) by extension 'colcon_pkg'
[0.541s] Level 1:colcon.colcon_core.package_identification:_identify(ultralytics/yolov5/utils/google_app_engine) by extensions ['colcon_meta']
[0.541s] Level 1:colcon.colcon_core.package_identification:_identify(ultralytics/yolov5/utils/google_app_engine) by extension 'colcon_meta'
[0.541s] Level 1:colcon.colcon_core.package_identification:_identify(ultralytics/yolov5/utils/google_app_engine) by extensions ['ros']
[0.541s] Level 1:colcon.colcon_core.package_identification:_identify(ultralytics/yolov5/utils/google_app_engine) by extension 'ros'
[0.541s] Level 1:colcon.colcon_core.package_identification:_identify(ultralytics/yolov5/utils/google_app_engine) by extensions ['cmake', 'python']
[0.541s] Level 1:colcon.colcon_core.package_identification:_identify(ultralytics/yolov5/utils/google_app_engine) by extension 'cmake'
[0.541s] Level 1:colcon.colcon_core.package_identification:_identify(ultralytics/yolov5/utils/google_app_engine) by extension 'python'
[0.542s] Level 1:colcon.colcon_core.package_identification:_identify(ultralytics/yolov5/utils/google_app_engine) by extensions ['python_setup_py']
[0.542s] Level 1:colcon.colcon_core.package_identification:_identify(ultralytics/yolov5/utils/google_app_engine) by extension 'python_setup_py'
[0.542s] Level 1:colcon.colcon_core.package_identification:_identify(ultralytics/yolov5/utils/loggers) by extensions ['ignore', 'ignore_ament_install']
[0.542s] Level 1:colcon.colcon_core.package_identification:_identify(ultralytics/yolov5/utils/loggers) by extension 'ignore'
[0.542s] Level 1:colcon.colcon_core.package_identification:_identify(ultralytics/yolov5/utils/loggers) by extension 'ignore_ament_install'
[0.542s] Level 1:colcon.colcon_core.package_identification:_identify(ultralytics/yolov5/utils/loggers) by extensions ['colcon_pkg']
[0.542s] Level 1:colcon.colcon_core.package_identification:_identify(ultralytics/yolov5/utils/loggers) by extension 'colcon_pkg'
[0.542s] Level 1:colcon.colcon_core.package_identification:_identify(ultralytics/yolov5/utils/loggers) by extensions ['colcon_meta']
[0.542s] Level 1:colcon.colcon_core.package_identification:_identify(ultralytics/yolov5/utils/loggers) by extension 'colcon_meta'
[0.542s] Level 1:colcon.colcon_core.package_identification:_identify(ultralytics/yolov5/utils/loggers) by extensions ['ros']
[0.542s] Level 1:colcon.colcon_core.package_identification:_identify(ultralytics/yolov5/utils/loggers) by extension 'ros'
[0.542s] Level 1:colcon.colcon_core.package_identification:_identify(ultralytics/yolov5/utils/loggers) by extensions ['cmake', 'python']
[0.542s] Level 1:colcon.colcon_core.package_identification:_identify(ultralytics/yolov5/utils/loggers) by extension 'cmake'
[0.542s] Level 1:colcon.colcon_core.package_identification:_identify(ultralytics/yolov5/utils/loggers) by extension 'python'
[0.542s] Level 1:colcon.colcon_core.package_identification:_identify(ultralytics/yolov5/utils/loggers) by extensions ['python_setup_py']
[0.542s] Level 1:colcon.colcon_core.package_identification:_identify(ultralytics/yolov5/utils/loggers) by extension 'python_setup_py'
[0.543s] Level 1:colcon.colcon_core.package_identification:_identify(ultralytics/yolov5/utils/loggers/clearml) by extensions ['ignore', 'ignore_ament_install']
[0.543s] Level 1:colcon.colcon_core.package_identification:_identify(ultralytics/yolov5/utils/loggers/clearml) by extension 'ignore'
[0.543s] Level 1:colcon.colcon_core.package_identification:_identify(ultralytics/yolov5/utils/loggers/clearml) by extension 'ignore_ament_install'
[0.543s] Level 1:colcon.colcon_core.package_identification:_identify(ultralytics/yolov5/utils/loggers/clearml) by extensions ['colcon_pkg']
[0.543s] Level 1:colcon.colcon_core.package_identification:_identify(ultralytics/yolov5/utils/loggers/clearml) by extension 'colcon_pkg'
[0.543s] Level 1:colcon.colcon_core.package_identification:_identify(ultralytics/yolov5/utils/loggers/clearml) by extensions ['colcon_meta']
[0.543s] Level 1:colcon.colcon_core.package_identification:_identify(ultralytics/yolov5/utils/loggers/clearml) by extension 'colcon_meta'
[0.543s] Level 1:colcon.colcon_core.package_identification:_identify(ultralytics/yolov5/utils/loggers/clearml) by extensions ['ros']
[0.543s] Level 1:colcon.colcon_core.package_identification:_identify(ultralytics/yolov5/utils/loggers/clearml) by extension 'ros'
[0.543s] Level 1:colcon.colcon_core.package_identification:_identify(ultralytics/yolov5/utils/loggers/clearml) by extensions ['cmake', 'python']
[0.543s] Level 1:colcon.colcon_core.package_identification:_identify(ultralytics/yolov5/utils/loggers/clearml) by extension 'cmake'
[0.543s] Level 1:colcon.colcon_core.package_identification:_identify(ultralytics/yolov5/utils/loggers/clearml) by extension 'python'
[0.543s] Level 1:colcon.colcon_core.package_identification:_identify(ultralytics/yolov5/utils/loggers/clearml) by extensions ['python_setup_py']
[0.543s] Level 1:colcon.colcon_core.package_identification:_identify(ultralytics/yolov5/utils/loggers/clearml) by extension 'python_setup_py'
[0.544s] Level 1:colcon.colcon_core.package_identification:_identify(ultralytics/yolov5/utils/loggers/comet) by extensions ['ignore', 'ignore_ament_install']
[0.544s] Level 1:colcon.colcon_core.package_identification:_identify(ultralytics/yolov5/utils/loggers/comet) by extension 'ignore'
[0.544s] Level 1:colcon.colcon_core.package_identification:_identify(ultralytics/yolov5/utils/loggers/comet) by extension 'ignore_ament_install'
[0.544s] Level 1:colcon.colcon_core.package_identification:_identify(ultralytics/yolov5/utils/loggers/comet) by extensions ['colcon_pkg']
[0.544s] Level 1:colcon.colcon_core.package_identification:_identify(ultralytics/yolov5/utils/loggers/comet) by extension 'colcon_pkg'
[0.544s] Level 1:colcon.colcon_core.package_identification:_identify(ultralytics/yolov5/utils/loggers/comet) by extensions ['colcon_meta']
[0.544s] Level 1:colcon.colcon_core.package_identification:_identify(ultralytics/yolov5/utils/loggers/comet) by extension 'colcon_meta'
[0.544s] Level 1:colcon.colcon_core.package_identification:_identify(ultralytics/yolov5/utils/loggers/comet) by extensions ['ros']
[0.544s] Level 1:colcon.colcon_core.package_identification:_identify(ultralytics/yolov5/utils/loggers/comet) by extension 'ros'
[0.544s] Level 1:colcon.colcon_core.package_identification:_identify(ultralytics/yolov5/utils/loggers/comet) by extensions ['cmake', 'python']
[0.544s] Level 1:colcon.colcon_core.package_identification:_identify(ultralytics/yolov5/utils/loggers/comet) by extension 'cmake'
[0.544s] Level 1:colcon.colcon_core.package_identification:_identify(ultralytics/yolov5/utils/loggers/comet) by extension 'python'
[0.544s] Level 1:colcon.colcon_core.package_identification:_identify(ultralytics/yolov5/utils/loggers/comet) by extensions ['python_setup_py']
[0.544s] Level 1:colcon.colcon_core.package_identification:_identify(ultralytics/yolov5/utils/loggers/comet) by extension 'python_setup_py'
[0.544s] Level 1:colcon.colcon_core.package_identification:_identify(ultralytics/yolov5/utils/loggers/wandb) by extensions ['ignore', 'ignore_ament_install']
[0.544s] Level 1:colcon.colcon_core.package_identification:_identify(ultralytics/yolov5/utils/loggers/wandb) by extension 'ignore'
[0.544s] Level 1:colcon.colcon_core.package_identification:_identify(ultralytics/yolov5/utils/loggers/wandb) by extension 'ignore_ament_install'
[0.544s] Level 1:colcon.colcon_core.package_identification:_identify(ultralytics/yolov5/utils/loggers/wandb) by extensions ['colcon_pkg']
[0.544s] Level 1:colcon.colcon_core.package_identification:_identify(ultralytics/yolov5/utils/loggers/wandb) by extension 'colcon_pkg'
[0.545s] Level 1:colcon.colcon_core.package_identification:_identify(ultralytics/yolov5/utils/loggers/wandb) by extensions ['colcon_meta']
[0.545s] Level 1:colcon.colcon_core.package_identification:_identify(ultralytics/yolov5/utils/loggers/wandb) by extension 'colcon_meta'
[0.545s] Level 1:colcon.colcon_core.package_identification:_identify(ultralytics/yolov5/utils/loggers/wandb) by extensions ['ros']
[0.545s] Level 1:colcon.colcon_core.package_identification:_identify(ultralytics/yolov5/utils/loggers/wandb) by extension 'ros'
[0.545s] Level 1:colcon.colcon_core.package_identification:_identify(ultralytics/yolov5/utils/loggers/wandb) by extensions ['cmake', 'python']
[0.545s] Level 1:colcon.colcon_core.package_identification:_identify(ultralytics/yolov5/utils/loggers/wandb) by extension 'cmake'
[0.545s] Level 1:colcon.colcon_core.package_identification:_identify(ultralytics/yolov5/utils/loggers/wandb) by extension 'python'
[0.545s] Level 1:colcon.colcon_core.package_identification:_identify(ultralytics/yolov5/utils/loggers/wandb) by extensions ['python_setup_py']
[0.545s] Level 1:colcon.colcon_core.package_identification:_identify(ultralytics/yolov5/utils/loggers/wandb) by extension 'python_setup_py'
[0.545s] Level 1:colcon.colcon_core.package_identification:_identify(ultralytics/yolov5/utils/segment) by extensions ['ignore', 'ignore_ament_install']
[0.545s] Level 1:colcon.colcon_core.package_identification:_identify(ultralytics/yolov5/utils/segment) by extension 'ignore'
[0.545s] Level 1:colcon.colcon_core.package_identification:_identify(ultralytics/yolov5/utils/segment) by extension 'ignore_ament_install'
[0.545s] Level 1:colcon.colcon_core.package_identification:_identify(ultralytics/yolov5/utils/segment) by extensions ['colcon_pkg']
[0.545s] Level 1:colcon.colcon_core.package_identification:_identify(ultralytics/yolov5/utils/segment) by extension 'colcon_pkg'
[0.545s] Level 1:colcon.colcon_core.package_identification:_identify(ultralytics/yolov5/utils/segment) by extensions ['colcon_meta']
[0.545s] Level 1:colcon.colcon_core.package_identification:_identify(ultralytics/yolov5/utils/segment) by extension 'colcon_meta'
[0.545s] Level 1:colcon.colcon_core.package_identification:_identify(ultralytics/yolov5/utils/segment) by extensions ['ros']
[0.545s] Level 1:colcon.colcon_core.package_identification:_identify(ultralytics/yolov5/utils/segment) by extension 'ros'
[0.545s] Level 1:colcon.colcon_core.package_identification:_identify(ultralytics/yolov5/utils/segment) by extensions ['cmake', 'python']
[0.545s] Level 1:colcon.colcon_core.package_identification:_identify(ultralytics/yolov5/utils/segment) by extension 'cmake'
[0.545s] Level 1:colcon.colcon_core.package_identification:_identify(ultralytics/yolov5/utils/segment) by extension 'python'
[0.545s] Level 1:colcon.colcon_core.package_identification:_identify(ultralytics/yolov5/utils/segment) by extensions ['python_setup_py']
[0.545s] Level 1:colcon.colcon_core.package_identification:_identify(ultralytics/yolov5/utils/segment) by extension 'python_setup_py'
[0.546s] Level 1:colcon.colcon_core.package_discovery:discover_packages(recursive) using defaults
[0.546s] Level 1:colcon.colcon_core.package_discovery:discover_packages(ignore) discover
[0.546s] Level 1:colcon.colcon_core.package_discovery:discover_packages(ignore) using defaults
[0.546s] Level 1:colcon.colcon_core.package_discovery:discover_packages(path) discover
[0.546s] Level 1:colcon.colcon_core.package_discovery:discover_packages(path) using defaults
[0.579s] Level 1:colcon.colcon_core.package_discovery:discover_packages(prefix_path) check parameters
[0.579s] Level 1:colcon.colcon_core.package_discovery:discover_packages(prefix_path) discover
[0.583s] DEBUG:colcon.colcon_installed_package_information.package_discovery:Found 275 installed packages in /opt/ros/humble
[0.584s] Level 1:colcon.colcon_core.package_discovery:discover_packages(prefix_path) using defaults
[0.613s] Level 5:colcon.colcon_core.verb:set package 'Robowarepkg' build argument 'cmake_args' from command line to 'None'
[0.613s] Level 5:colcon.colcon_core.verb:set package 'Robowarepkg' build argument 'cmake_target' from command line to 'None'
[0.613s] Level 5:colcon.colcon_core.verb:set package 'Robowarepkg' build argument 'cmake_target_skip_unavailable' from command line to 'False'
[0.613s] Level 5:colcon.colcon_core.verb:set package 'Robowarepkg' build argument 'cmake_clean_cache' from command line to 'False'
[0.613s] Level 5:colcon.colcon_core.verb:set package 'Robowarepkg' build argument 'cmake_clean_first' from command line to 'False'
[0.613s] Level 5:colcon.colcon_core.verb:set package 'Robowarepkg' build argument 'cmake_force_configure' from command line to 'False'
[0.613s] Level 5:colcon.colcon_core.verb:set package 'Robowarepkg' build argument 'ament_cmake_args' from command line to 'None'
[0.613s] Level 5:colcon.colcon_core.verb:set package 'Robowarepkg' build argument 'catkin_cmake_args' from command line to 'None'
[0.613s] Level 5:colcon.colcon_core.verb:set package 'Robowarepkg' build argument 'catkin_skip_building_tests' from command line to 'False'
[0.613s] DEBUG:colcon.colcon_core.verb:Building package 'Robowarepkg' with the following arguments: {'ament_cmake_args': None, 'build_base': '/home/altair/Roboware/build/Robowarepkg', 'catkin_cmake_args': None, 'catkin_skip_building_tests': False, 'cmake_args': None, 'cmake_clean_cache': False, 'cmake_clean_first': False, 'cmake_force_configure': False, 'cmake_target': None, 'cmake_target_skip_unavailable': False, 'install_base': '/home/altair/Roboware/install/Robowarepkg', 'merge_install': False, 'path': '/home/altair/Roboware/src/Robowarepkg', 'symlink_install': False, 'test_result_base': None}
[0.614s] INFO:colcon.colcon_core.executor:Executing jobs using 'parallel' executor
[0.614s] DEBUG:colcon.colcon_parallel_executor.executor.parallel:run_until_complete
[0.615s] INFO:colcon.colcon_ros.task.ament_python.build:Building ROS package in '/home/altair/Roboware/src/Robowarepkg' with build type 'ament_python'
[0.615s] Level 1:colcon.colcon_core.shell:create_environment_hook('Robowarepkg', 'ament_prefix_path')
[0.621s] INFO:colcon.colcon_core.plugin_system:Skipping extension 'colcon_core.shell.bat': Not used on non-Windows systems
[0.621s] INFO:colcon.colcon_core.shell:Creating environment hook '/home/altair/Roboware/install/Robowarepkg/share/Robowarepkg/hook/ament_prefix_path.ps1'
[0.624s] INFO:colcon.colcon_core.shell:Creating environment descriptor '/home/altair/Roboware/install/Robowarepkg/share/Robowarepkg/hook/ament_prefix_path.dsv'
[0.625s] INFO:colcon.colcon_core.shell:Creating environment hook '/home/altair/Roboware/install/Robowarepkg/share/Robowarepkg/hook/ament_prefix_path.sh'
[0.625s] INFO:colcon.colcon_core.shell:Skip shell extension 'powershell' for command environment: Not usable outside of PowerShell
[0.625s] DEBUG:colcon.colcon_core.shell:Skip shell extension 'dsv' for command environment
[1.150s] INFO:colcon.colcon_core.task.python.build:Building Python package in '/home/altair/Roboware/src/Robowarepkg'
[1.150s] INFO:colcon.colcon_core.shell:Skip shell extension 'powershell' for command environment: Not usable outside of PowerShell
[1.150s] DEBUG:colcon.colcon_core.shell:Skip shell extension 'dsv' for command environment
[2.032s] DEBUG:colcon.colcon_core.event_handler.log_command:Invoking command in '/home/altair/Roboware/src/Robowarepkg': PYTHONPATH=/home/altair/Roboware/build/Robowarepkg/prefix_override:/usr/lib/python3/dist-packages/colcon_core/task/python/colcon_distutils_commands:/home/altair/Roboware/install/Robowarepkg/lib/python3.10/site-packages:${PYTHONPATH} /usr/bin/python3 -W ignore:setup.py install is deprecated -W ignore:easy_install command is deprecated setup.py egg_info --egg-base ../../build/Robowarepkg build --build-base /home/altair/Roboware/build/Robowarepkg/build install --record /home/altair/Roboware/build/Robowarepkg/install.log --single-version-externally-managed install_data
[2.715s] DEBUG:colcon.colcon_core.event_handler.log_command:Invoked command in '/home/altair/Roboware/src/Robowarepkg' returned '0': PYTHONPATH=/home/altair/Roboware/build/Robowarepkg/prefix_override:/usr/lib/python3/dist-packages/colcon_core/task/python/colcon_distutils_commands:/home/altair/Roboware/install/Robowarepkg/lib/python3.10/site-packages:${PYTHONPATH} /usr/bin/python3 -W ignore:setup.py install is deprecated -W ignore:easy_install command is deprecated setup.py egg_info --egg-base ../../build/Robowarepkg build --build-base /home/altair/Roboware/build/Robowarepkg/build install --record /home/altair/Roboware/build/Robowarepkg/install.log --single-version-externally-managed install_data
[2.720s] Level 1:colcon.colcon_core.environment:checking '/home/altair/Roboware/install/Robowarepkg' for CMake module files
[2.721s] Level 1:colcon.colcon_core.environment:checking '/home/altair/Roboware/install/Robowarepkg' for CMake config files
[2.724s] Level 1:colcon.colcon_core.environment:checking '/home/altair/Roboware/install/Robowarepkg/lib'
[2.724s] Level 1:colcon.colcon_core.environment:checking '/home/altair/Roboware/install/Robowarepkg/bin'
[2.724s] Level 1:colcon.colcon_core.environment:checking '/home/altair/Roboware/install/Robowarepkg/lib/pkgconfig/Robowarepkg.pc'
[2.724s] Level 1:colcon.colcon_core.environment:checking '/home/altair/Roboware/install/Robowarepkg/lib/python3.10/site-packages'
[2.724s] Level 1:colcon.colcon_core.shell:create_environment_hook('Robowarepkg', 'pythonpath')
[2.724s] INFO:colcon.colcon_core.shell:Creating environment hook '/home/altair/Roboware/install/Robowarepkg/share/Robowarepkg/hook/pythonpath.ps1'
[2.725s] INFO:colcon.colcon_core.shell:Creating environment descriptor '/home/altair/Roboware/install/Robowarepkg/share/Robowarepkg/hook/pythonpath.dsv'
[2.725s] INFO:colcon.colcon_core.shell:Creating environment hook '/home/altair/Roboware/install/Robowarepkg/share/Robowarepkg/hook/pythonpath.sh'
[2.725s] Level 1:colcon.colcon_core.environment:checking '/home/altair/Roboware/install/Robowarepkg/bin'
[2.725s] Level 1:colcon.colcon_core.environment:create_environment_scripts_only(Robowarepkg)
[2.726s] INFO:colcon.colcon_core.shell:Creating package script '/home/altair/Roboware/install/Robowarepkg/share/Robowarepkg/package.ps1'
[2.727s] INFO:colcon.colcon_core.shell:Creating package descriptor '/home/altair/Roboware/install/Robowarepkg/share/Robowarepkg/package.dsv'
[2.727s] INFO:colcon.colcon_core.shell:Creating package script '/home/altair/Roboware/install/Robowarepkg/share/Robowarepkg/package.sh'
[2.728s] INFO:colcon.colcon_core.shell:Creating package script '/home/altair/Roboware/install/Robowarepkg/share/Robowarepkg/package.bash'
[2.729s] INFO:colcon.colcon_core.shell:Creating package script '/home/altair/Roboware/install/Robowarepkg/share/Robowarepkg/package.zsh'
[2.730s] Level 1:colcon.colcon_core.environment:create_file_with_runtime_dependencies(/home/altair/Roboware/install/Robowarepkg/share/colcon-core/packages/Robowarepkg)
[2.730s] DEBUG:colcon.colcon_parallel_executor.executor.parallel:closing loop
[2.730s] DEBUG:colcon.colcon_parallel_executor.executor.parallel:loop closed
[2.730s] DEBUG:colcon.colcon_parallel_executor.executor.parallel:run_until_complete finished with '0'
[2.731s] DEBUG:colcon.colcon_core.event_reactor:joining thread
[2.736s] INFO:colcon.colcon_core.plugin_system:Skipping extension 'colcon_notification.desktop_notification.terminal_notifier': Not used on non-Darwin systems
[2.736s] INFO:colcon.colcon_core.plugin_system:Skipping extension 'colcon_notification.desktop_notification.win32': Not used on non-Windows systems
[2.736s] INFO:colcon.colcon_notification.desktop_notification:Sending desktop notification using 'notify2'
[2.745s] DEBUG:colcon.colcon_core.event_reactor:joined thread
[2.745s] INFO:colcon.colcon_core.shell:Creating prefix script '/home/altair/Roboware/install/local_setup.ps1'
[2.746s] INFO:colcon.colcon_core.shell:Creating prefix util module '/home/altair/Roboware/install/_local_setup_util_ps1.py'
[2.747s] INFO:colcon.colcon_core.shell:Creating prefix chain script '/home/altair/Roboware/install/setup.ps1'
[2.749s] INFO:colcon.colcon_core.shell:Creating prefix script '/home/altair/Roboware/install/local_setup.sh'
[2.749s] INFO:colcon.colcon_core.shell:Creating prefix util module '/home/altair/Roboware/install/_local_setup_util_sh.py'
[2.750s] INFO:colcon.colcon_core.shell:Creating prefix chain script '/home/altair/Roboware/install/setup.sh'
[2.751s] INFO:colcon.colcon_core.shell:Creating prefix script '/home/altair/Roboware/install/local_setup.bash'
[2.752s] INFO:colcon.colcon_core.shell:Creating prefix chain script '/home/altair/Roboware/install/setup.bash'
[2.752s] INFO:colcon.colcon_core.shell:Creating prefix script '/home/altair/Roboware/install/local_setup.zsh'
[2.754s] INFO:colcon.colcon_core.shell:Creating prefix chain script '/home/altair/Roboware/install/setup.zsh'
