running egg_info
creating ../../build/Robowarepkg/Robowarepkg.egg-info
writing ../../build/Robowarepkg/Robowarepkg.egg-info/PKG-INFO
writing dependency_links to ../../build/Robowarepkg/Robowarepkg.egg-info/dependency_links.txt
writing entry points to ../../build/Robowarepkg/Robowarepkg.egg-info/entry_points.txt
writing requirements to ../../build/Robowarepkg/Robowarepkg.egg-info/requires.txt
writing top-level names to ../../build/Robowarepkg/Robowarepkg.egg-info/top_level.txt
writing manifest file '../../build/Robowarepkg/Robowarepkg.egg-info/SOURCES.txt'
reading manifest file '../../build/Robowarepkg/Robowarepkg.egg-info/SOURCES.txt'
writing manifest file '../../build/Robowarepkg/Robowarepkg.egg-info/SOURCES.txt'
running build
running build_py
creating /home/altair/Roboware/build/Robowarepkg/build
creating /home/altair/Roboware/build/Robowarepkg/build/lib
creating /home/altair/Roboware/build/Robowarepkg/build/lib/Robowarepkg
copying Robowarepkg/serial_read_node.py -> /home/altair/Roboware/build/Robowarepkg/build/lib/Robowarepkg
copying Robowarepkg/Robowarenode.py -> /home/altair/Roboware/build/Robowarepkg/build/lib/Robowarepkg
copying Robowarepkg/position_node.py -> /home/altair/Roboware/build/Robowarepkg/build/lib/Robowarepkg
copying Robowarepkg/serial_send_node.py -> /home/altair/Roboware/build/Robowarepkg/build/lib/Robowarepkg
copying Robowarepkg/web_socket_node.py -> /home/altair/Roboware/build/Robowarepkg/build/lib/Robowarepkg
copying Robowarepkg/__init__.py -> /home/altair/Roboware/build/Robowarepkg/build/lib/Robowarepkg
running install
running install_lib
creating /home/altair/Roboware/install/Robowarepkg/lib/python3.10/site-packages/Robowarepkg
copying /home/altair/Roboware/build/Robowarepkg/build/lib/Robowarepkg/serial_read_node.py -> /home/altair/Roboware/install/Robowarepkg/lib/python3.10/site-packages/Robowarepkg
copying /home/altair/Roboware/build/Robowarepkg/build/lib/Robowarepkg/Robowarenode.py -> /home/altair/Roboware/install/Robowarepkg/lib/python3.10/site-packages/Robowarepkg
copying /home/altair/Roboware/build/Robowarepkg/build/lib/Robowarepkg/position_node.py -> /home/altair/Roboware/install/Robowarepkg/lib/python3.10/site-packages/Robowarepkg
copying /home/altair/Roboware/build/Robowarepkg/build/lib/Robowarepkg/serial_send_node.py -> /home/altair/Roboware/install/Robowarepkg/lib/python3.10/site-packages/Robowarepkg
copying /home/altair/Roboware/build/Robowarepkg/build/lib/Robowarepkg/web_socket_node.py -> /home/altair/Roboware/install/Robowarepkg/lib/python3.10/site-packages/Robowarepkg
copying /home/altair/Roboware/build/Robowarepkg/build/lib/Robowarepkg/__init__.py -> /home/altair/Roboware/install/Robowarepkg/lib/python3.10/site-packages/Robowarepkg
byte-compiling /home/altair/Roboware/install/Robowarepkg/lib/python3.10/site-packages/Robowarepkg/serial_read_node.py to serial_read_node.cpython-310.pyc
byte-compiling /home/altair/Roboware/install/Robowarepkg/lib/python3.10/site-packages/Robowarepkg/Robowarenode.py to Robowarenode.cpython-310.pyc
byte-compiling /home/altair/Roboware/install/Robowarepkg/lib/python3.10/site-packages/Robowarepkg/position_node.py to position_node.cpython-310.pyc
byte-compiling /home/altair/Roboware/install/Robowarepkg/lib/python3.10/site-packages/Robowarepkg/serial_send_node.py to serial_send_node.cpython-310.pyc
byte-compiling /home/altair/Roboware/install/Robowarepkg/lib/python3.10/site-packages/Robowarepkg/web_socket_node.py to web_socket_node.cpython-310.pyc
byte-compiling /home/altair/Roboware/install/Robowarepkg/lib/python3.10/site-packages/Robowarepkg/__init__.py to __init__.cpython-310.pyc
running install_data
creating /home/altair/Roboware/install/Robowarepkg/share/ament_index
creating /home/altair/Roboware/install/Robowarepkg/share/ament_index/resource_index
creating /home/altair/Roboware/install/Robowarepkg/share/ament_index/resource_index/packages
copying resource/Robowarepkg -> /home/altair/Roboware/install/Robowarepkg/share/ament_index/resource_index/packages
copying package.xml -> /home/altair/Roboware/install/Robowarepkg/share/Robowarepkg
running install_egg_info
Copying ../../build/Robowarepkg/Robowarepkg.egg-info to /home/altair/Roboware/install/Robowarepkg/lib/python3.10/site-packages/Robowarepkg-0.0.0-py3.10.egg-info
running install_scripts
Installing Robowarenode script to /home/altair/Roboware/install/Robowarepkg/lib/Robowarepkg
Installing serial_read_node script to /home/altair/Roboware/install/Robowarepkg/lib/Robowarepkg
Installing serial_send_node script to /home/altair/Roboware/install/Robowarepkg/lib/Robowarepkg
writing list of installed files to '/home/altair/Roboware/build/Robowarepkg/install.log'
