[0.977s] Invoking command in '/home/altair/Roboware/src/Robowarepkg': PYTHONPATH=/home/altair/Roboware/build/Robowarepkg/prefix_override:/usr/lib/python3/dist-packages/colcon_core/task/python/colcon_distutils_commands:/home/altair/Roboware/install/Robowarepkg/lib/python3.10/site-packages:${PYTHONPATH} /usr/bin/python3 -W ignore:setup.py install is deprecated setup.py egg_info --egg-base ../../build/Robowarepkg build --build-base /home/altair/Roboware/build/Robowarepkg/build install --record /home/altair/Roboware/build/Robowarepkg/install.log --single-version-externally-managed install_data
[1.282s] running egg_info
[1.283s] creating ../../build/Robowarepkg/Robowarepkg.egg-info
[1.283s] writing ../../build/Robowarepkg/Robowarepkg.egg-info/PKG-INFO
[1.283s] writing dependency_links to ../../build/Robowarepkg/Robowarepkg.egg-info/dependency_links.txt
[1.283s] writing entry points to ../../build/Robowarepkg/Robowarepkg.egg-info/entry_points.txt
[1.283s] writing requirements to ../../build/Robowarepkg/Robowarepkg.egg-info/requires.txt
[1.283s] writing top-level names to ../../build/Robowarepkg/Robowarepkg.egg-info/top_level.txt
[1.283s] writing manifest file '../../build/Robowarepkg/Robowarepkg.egg-info/SOURCES.txt'
[1.285s] reading manifest file '../../build/Robowarepkg/Robowarepkg.egg-info/SOURCES.txt'
[1.286s] writing manifest file '../../build/Robowarepkg/Robowarepkg.egg-info/SOURCES.txt'
[1.286s] running build
[1.286s] running build_py
[1.286s] creating /home/altair/Roboware/build/Robowarepkg/build
[1.286s] creating /home/altair/Roboware/build/Robowarepkg/build/lib
[1.286s] creating /home/altair/Roboware/build/Robowarepkg/build/lib/Robowarepkg
[1.286s] copying Robowarepkg/serial_read_node.py -> /home/altair/Roboware/build/Robowarepkg/build/lib/Robowarepkg
[1.286s] copying Robowarepkg/Robowarenode.py -> /home/altair/Roboware/build/Robowarepkg/build/lib/Robowarepkg
[1.286s] copying Robowarepkg/position_node.py -> /home/altair/Roboware/build/Robowarepkg/build/lib/Robowarepkg
[1.286s] copying Robowarepkg/serial_send_node.py -> /home/altair/Roboware/build/Robowarepkg/build/lib/Robowarepkg
[1.286s] copying Robowarepkg/web_socket_node.py -> /home/altair/Roboware/build/Robowarepkg/build/lib/Robowarepkg
[1.286s] copying Robowarepkg/__init__.py -> /home/altair/Roboware/build/Robowarepkg/build/lib/Robowarepkg
[1.286s] running install
[1.287s] running install_lib
[1.287s] creating /home/altair/Roboware/install/Robowarepkg/lib/python3.10/site-packages/Robowarepkg
[1.288s] copying /home/altair/Roboware/build/Robowarepkg/build/lib/Robowarepkg/serial_read_node.py -> /home/altair/Roboware/install/Robowarepkg/lib/python3.10/site-packages/Robowarepkg
[1.288s] copying /home/altair/Roboware/build/Robowarepkg/build/lib/Robowarepkg/Robowarenode.py -> /home/altair/Roboware/install/Robowarepkg/lib/python3.10/site-packages/Robowarepkg
[1.288s] copying /home/altair/Roboware/build/Robowarepkg/build/lib/Robowarepkg/position_node.py -> /home/altair/Roboware/install/Robowarepkg/lib/python3.10/site-packages/Robowarepkg
[1.288s] copying /home/altair/Roboware/build/Robowarepkg/build/lib/Robowarepkg/serial_send_node.py -> /home/altair/Roboware/install/Robowarepkg/lib/python3.10/site-packages/Robowarepkg
[1.288s] copying /home/altair/Roboware/build/Robowarepkg/build/lib/Robowarepkg/web_socket_node.py -> /home/altair/Roboware/install/Robowarepkg/lib/python3.10/site-packages/Robowarepkg
[1.288s] copying /home/altair/Roboware/build/Robowarepkg/build/lib/Robowarepkg/__init__.py -> /home/altair/Roboware/install/Robowarepkg/lib/python3.10/site-packages/Robowarepkg
[1.288s] byte-compiling /home/altair/Roboware/install/Robowarepkg/lib/python3.10/site-packages/Robowarepkg/serial_read_node.py to serial_read_node.cpython-310.pyc
[1.289s] byte-compiling /home/altair/Roboware/install/Robowarepkg/lib/python3.10/site-packages/Robowarepkg/Robowarenode.py to Robowarenode.cpython-310.pyc
[1.289s] byte-compiling /home/altair/Roboware/install/Robowarepkg/lib/python3.10/site-packages/Robowarepkg/position_node.py to position_node.cpython-310.pyc
[1.290s] byte-compiling /home/altair/Roboware/install/Robowarepkg/lib/python3.10/site-packages/Robowarepkg/serial_send_node.py to serial_send_node.cpython-310.pyc
[1.290s] byte-compiling /home/altair/Roboware/install/Robowarepkg/lib/python3.10/site-packages/Robowarepkg/web_socket_node.py to web_socket_node.cpython-310.pyc
[1.290s] byte-compiling /home/altair/Roboware/install/Robowarepkg/lib/python3.10/site-packages/Robowarepkg/__init__.py to __init__.cpython-310.pyc
[1.290s] running install_data
[1.291s] creating /home/altair/Roboware/install/Robowarepkg/share/ament_index
[1.291s] creating /home/altair/Roboware/install/Robowarepkg/share/ament_index/resource_index
[1.291s] creating /home/altair/Roboware/install/Robowarepkg/share/ament_index/resource_index/packages
[1.291s] copying resource/Robowarepkg -> /home/altair/Roboware/install/Robowarepkg/share/ament_index/resource_index/packages
[1.291s] copying package.xml -> /home/altair/Roboware/install/Robowarepkg/share/Robowarepkg
[1.291s] running install_egg_info
[1.292s] Copying ../../build/Robowarepkg/Robowarepkg.egg-info to /home/altair/Roboware/install/Robowarepkg/lib/python3.10/site-packages/Robowarepkg-0.0.0-py3.10.egg-info
[1.293s] running install_scripts
[1.309s] Installing Robowarenode script to /home/altair/Roboware/install/Robowarepkg/lib/Robowarepkg
[1.310s] Installing serial_read_node script to /home/altair/Roboware/install/Robowarepkg/lib/Robowarepkg
[1.310s] Installing serial_send_node script to /home/altair/Roboware/install/Robowarepkg/lib/Robowarepkg
[1.310s] writing list of installed files to '/home/altair/Roboware/build/Robowarepkg/install.log'
[1.377s] Invoked command in '/home/altair/Roboware/src/Robowarepkg' returned '0': PYTHONPATH=/home/altair/Roboware/build/Robowarepkg/prefix_override:/usr/lib/python3/dist-packages/colcon_core/task/python/colcon_distutils_commands:/home/altair/Roboware/install/Robowarepkg/lib/python3.10/site-packages:${PYTHONPATH} /usr/bin/python3 -W ignore:setup.py install is deprecated setup.py egg_info --egg-base ../../build/Robowarepkg build --build-base /home/altair/Roboware/build/Robowarepkg/build install --record /home/altair/Roboware/build/Robowarepkg/install.log --single-version-externally-managed install_data
