[1.078s] Invoking command in '/home/altair/Roboware/src/Robowarepkg': PYTHONPATH=/home/altair/Roboware/build/Robowarepkg/prefix_override:/usr/lib/python3/dist-packages/colcon_core/task/python/colcon_distutils_commands:/home/altair/Roboware/install/Robowarepkg/lib/python3.10/site-packages:${PYTHONPATH} /usr/bin/python3 -W ignore:setup.py install is deprecated -W ignore:easy_install command is deprecated setup.py egg_info --egg-base ../../build/Robowarepkg build --build-base /home/altair/Roboware/build/Robowarepkg/build install --record /home/altair/Roboware/build/Robowarepkg/install.log --single-version-externally-managed install_data
[1.460s] running egg_info
[1.488s] writing ../../build/Robowarepkg/Robowarepkg.egg-info/PKG-INFO
[1.489s] writing dependency_links to ../../build/Robowarepkg/Robowarepkg.egg-info/dependency_links.txt
[1.489s] writing entry points to ../../build/Robowarepkg/Robowarepkg.egg-info/entry_points.txt
[1.489s] writing requirements to ../../build/Robowarepkg/Robowarepkg.egg-info/requires.txt
[1.489s] writing top-level names to ../../build/Robowarepkg/Robowarepkg.egg-info/top_level.txt
[1.532s] reading manifest file '../../build/Robowarepkg/Robowarepkg.egg-info/SOURCES.txt'
[1.533s] writing manifest file '../../build/Robowarepkg/Robowarepkg.egg-info/SOURCES.txt'
[1.533s] running build
[1.533s] running build_py
[1.534s] copying Robowarepkg/serial_read_node.py -> /home/altair/Roboware/build/Robowarepkg/build/lib/Robowarepkg
[1.534s] copying Robowarepkg/Roboware_node_mpn.py -> /home/altair/Roboware/build/Robowarepkg/build/lib/Robowarepkg
[1.534s] copying Robowarepkg/PID_node.py -> /home/altair/Roboware/build/Robowarepkg/build/lib/Robowarepkg
[1.534s] copying Robowarepkg/Roboware_node_newmpn.py -> /home/altair/Roboware/build/Robowarepkg/build/lib/Robowarepkg
[1.534s] copying Robowarepkg/Roboware_node.py -> /home/altair/Roboware/build/Robowarepkg/build/lib/Robowarepkg
[1.535s] copying Robowarepkg/serial_send_node.py -> /home/altair/Roboware/build/Robowarepkg/build/lib/Robowarepkg
[1.535s] copying Robowarepkg/web_socket_node.py -> /home/altair/Roboware/build/Robowarepkg/build/lib/Robowarepkg
[1.535s] copying Robowarepkg/RealSense_node.py -> /home/altair/Roboware/build/Robowarepkg/build/lib/Robowarepkg
[1.535s] copying Robowarepkg/__init__.py -> /home/altair/Roboware/build/Robowarepkg/build/lib/Robowarepkg
[1.535s] copying Robowarepkg/FaceAnimation_node.py -> /home/altair/Roboware/build/Robowarepkg/build/lib/Robowarepkg
[1.536s] copying Robowarepkg/Roboware_node_np.py -> /home/altair/Roboware/build/Robowarepkg/build/lib/Robowarepkg
[1.536s] running install
[1.541s] running install_lib
[1.562s] copying /home/altair/Roboware/build/Robowarepkg/build/lib/Robowarepkg/FaceAnimation_node.py -> /home/altair/Roboware/install/Robowarepkg/lib/python3.10/site-packages/Robowarepkg
[1.562s] byte-compiling /home/altair/Roboware/install/Robowarepkg/lib/python3.10/site-packages/Robowarepkg/FaceAnimation_node.py to FaceAnimation_node.cpython-310.pyc
[1.564s] running install_data
[1.564s] copying resource/Robowarepkg -> /home/altair/Roboware/install/Robowarepkg/share/ament_index/resource_index/packages
[1.565s] copying package.xml -> /home/altair/Roboware/install/Robowarepkg/share/Robowarepkg
[1.565s] running install_egg_info
[1.586s] removing '/home/altair/Roboware/install/Robowarepkg/lib/python3.10/site-packages/Robowarepkg-0.0.0-py3.10.egg-info' (and everything under it)
[1.586s] Copying ../../build/Robowarepkg/Robowarepkg.egg-info to /home/altair/Roboware/install/Robowarepkg/lib/python3.10/site-packages/Robowarepkg-0.0.0-py3.10.egg-info
[1.587s] running install_scripts
[1.750s] Installing FaceAnimation_node script to /home/altair/Roboware/install/Robowarepkg/lib/Robowarepkg
[1.750s] Installing PID_node script to /home/altair/Roboware/install/Robowarepkg/lib/Robowarepkg
[1.751s] Installing RealSense_node script to /home/altair/Roboware/install/Robowarepkg/lib/Robowarepkg
[1.751s] Installing Roboware_node script to /home/altair/Roboware/install/Robowarepkg/lib/Robowarepkg
[1.751s] Installing serial_read_node script to /home/altair/Roboware/install/Robowarepkg/lib/Robowarepkg
[1.751s] Installing serial_send_node script to /home/altair/Roboware/install/Robowarepkg/lib/Robowarepkg
[1.751s] Installing web_socket_node script to /home/altair/Roboware/install/Robowarepkg/lib/Robowarepkg
[1.752s] writing list of installed files to '/home/altair/Roboware/build/Robowarepkg/install.log'
[1.830s] Invoked command in '/home/altair/Roboware/src/Robowarepkg' returned '0': PYTHONPATH=/home/altair/Roboware/build/Robowarepkg/prefix_override:/usr/lib/python3/dist-packages/colcon_core/task/python/colcon_distutils_commands:/home/altair/Roboware/install/Robowarepkg/lib/python3.10/site-packages:${PYTHONPATH} /usr/bin/python3 -W ignore:setup.py install is deprecated -W ignore:easy_install command is deprecated setup.py egg_info --egg-base ../../build/Robowarepkg build --build-base /home/altair/Roboware/build/Robowarepkg/build install --record /home/altair/Roboware/build/Robowarepkg/install.log --single-version-externally-managed install_data
