[1.308s] Invoking command in '/home/altair/Roboware/src/Robowarepkg': PYTHONPATH=/home/altair/Roboware/build/Robowarepkg/prefix_override:/usr/lib/python3/dist-packages/colcon_core/task/python/colcon_distutils_commands:/home/altair/Roboware/install/Robowarepkg/lib/python3.10/site-packages:${PYTHONPATH} /usr/bin/python3 -W ignore:setup.py install is deprecated -W ignore:easy_install command is deprecated setup.py egg_info --egg-base ../../build/Robowarepkg build --build-base /home/altair/Roboware/build/Robowarepkg/build install --record /home/altair/Roboware/build/Robowarepkg/install.log --single-version-externally-managed install_data
[1.656s] running egg_info
[1.675s] writing ../../build/Robowarepkg/Robowarepkg.egg-info/PKG-INFO
[1.676s] writing dependency_links to ../../build/Robowarepkg/Robowarepkg.egg-info/dependency_links.txt
[1.676s] writing entry points to ../../build/Robowarepkg/Robowarepkg.egg-info/entry_points.txt
[1.676s] writing requirements to ../../build/Robowarepkg/Robowarepkg.egg-info/requires.txt
[1.676s] writing top-level names to ../../build/Robowarepkg/Robowarepkg.egg-info/top_level.txt
[1.718s] reading manifest file '../../build/Robowarepkg/Robowarepkg.egg-info/SOURCES.txt'
[1.719s] writing manifest file '../../build/Robowarepkg/Robowarepkg.egg-info/SOURCES.txt'
[1.719s] running build
[1.720s] running build_py
[1.720s] copying Robowarepkg/serial_read_node.py -> /home/altair/Roboware/build/Robowarepkg/build/lib/Robowarepkg
[1.721s] copying Robowarepkg/Roboware_node_mpn.py -> /home/altair/Roboware/build/Robowarepkg/build/lib/Robowarepkg
[1.722s] copying Robowarepkg/PID_node.py -> /home/altair/Roboware/build/Robowarepkg/build/lib/Robowarepkg
[1.722s] copying Robowarepkg/Roboware_node_newmpn.py -> /home/altair/Roboware/build/Robowarepkg/build/lib/Robowarepkg
[1.722s] copying Robowarepkg/Roboware_node.py -> /home/altair/Roboware/build/Robowarepkg/build/lib/Robowarepkg
[1.723s] copying Robowarepkg/serial_send_node.py -> /home/altair/Roboware/build/Robowarepkg/build/lib/Robowarepkg
[1.723s] copying Robowarepkg/web_socket_node.py -> /home/altair/Roboware/build/Robowarepkg/build/lib/Robowarepkg
[1.723s] copying Robowarepkg/RealSense_node.py -> /home/altair/Roboware/build/Robowarepkg/build/lib/Robowarepkg
[1.724s] copying Robowarepkg/__init__.py -> /home/altair/Roboware/build/Robowarepkg/build/lib/Robowarepkg
[1.724s] copying Robowarepkg/Roboware_node_np.py -> /home/altair/Roboware/build/Robowarepkg/build/lib/Robowarepkg
[1.725s] running install
[1.729s] running install_lib
[1.751s] running install_data
[1.751s] copying resource/Robowarepkg -> /home/altair/Roboware/install/Robowarepkg/share/ament_index/resource_index/packages
[1.751s] copying package.xml -> /home/altair/Roboware/install/Robowarepkg/share/Robowarepkg
[1.751s] running install_egg_info
[1.772s] removing '/home/altair/Roboware/install/Robowarepkg/lib/python3.10/site-packages/Robowarepkg-0.0.0-py3.10.egg-info' (and everything under it)
[1.772s] Copying ../../build/Robowarepkg/Robowarepkg.egg-info to /home/altair/Roboware/install/Robowarepkg/lib/python3.10/site-packages/Robowarepkg-0.0.0-py3.10.egg-info
[1.773s] running install_scripts
[1.925s] Installing PID_node script to /home/altair/Roboware/install/Robowarepkg/lib/Robowarepkg
[1.929s] Installing RealSense_node script to /home/altair/Roboware/install/Robowarepkg/lib/Robowarepkg
[1.929s] Installing Roboware_node script to /home/altair/Roboware/install/Robowarepkg/lib/Robowarepkg
[1.929s] Installing serial_read_node script to /home/altair/Roboware/install/Robowarepkg/lib/Robowarepkg
[1.929s] Installing serial_send_node script to /home/altair/Roboware/install/Robowarepkg/lib/Robowarepkg
[1.929s] Installing web_socket_node script to /home/altair/Roboware/install/Robowarepkg/lib/Robowarepkg
[1.930s] writing list of installed files to '/home/altair/Roboware/build/Robowarepkg/install.log'
[1.994s] Invoked command in '/home/altair/Roboware/src/Robowarepkg' returned '0': PYTHONPATH=/home/altair/Roboware/build/Robowarepkg/prefix_override:/usr/lib/python3/dist-packages/colcon_core/task/python/colcon_distutils_commands:/home/altair/Roboware/install/Robowarepkg/lib/python3.10/site-packages:${PYTHONPATH} /usr/bin/python3 -W ignore:setup.py install is deprecated -W ignore:easy_install command is deprecated setup.py egg_info --egg-base ../../build/Robowarepkg build --build-base /home/altair/Roboware/build/Robowarepkg/build install --record /home/altair/Roboware/build/Robowarepkg/install.log --single-version-externally-managed install_data
