[0.167s] DEBUG:colcon:Command line arguments: ['/usr/bin/colcon', 'build']
[0.167s] DEBUG:colcon:Parsed command line arguments: Namespace(log_base=None, log_level=None, verb_name='build', build_base='build', install_base='install', merge_install=False, symlink_install=False, test_result_base=None, continue_on_error=False, executor='parallel', parallel_workers=16, event_handlers=None, ignore_user_meta=False, metas=['./colcon.meta'], base_paths=['.'], packages_ignore=None, packages_ignore_regex=None, paths=None, packages_up_to=None, packages_up_to_regex=None, packages_above=None, packages_above_and_dependencies=None, packages_above_depth=None, packages_select_by_dep=None, packages_skip_by_dep=None, packages_skip_up_to=None, packages_select_build_failed=False, packages_skip_build_finished=False, packages_select_test_failures=False, packages_skip_test_passed=False, packages_select=None, packages_skip=None, packages_select_regex=None, packages_skip_regex=None, packages_start=None, packages_end=None, allow_overriding=[], cmake_args=None, cmake_target=None, cmake_target_skip_unavailable=False, cmake_clean_cache=False, cmake_clean_first=False, cmake_force_configure=False, ament_cmake_args=None, catkin_cmake_args=None, catkin_skip_building_tests=False, verb_parser=<colcon_defaults.argument_parser.defaults.DefaultArgumentsDecorator object at 0x767bd247d5a0>, verb_extension=<colcon_core.verb.build.BuildVerb object at 0x767bd25bac20>, main=<bound method BuildVerb.main of <colcon_core.verb.build.BuildVerb object at 0x767bd25bac20>>)
[0.229s] Level 1:colcon.colcon_core.package_discovery:discover_packages(colcon_meta) check parameters
[0.230s] Level 1:colcon.colcon_core.package_discovery:discover_packages(recursive) check parameters
[0.230s] Level 1:colcon.colcon_core.package_discovery:discover_packages(ignore) check parameters
[0.230s] Level 1:colcon.colcon_core.package_discovery:discover_packages(path) check parameters
[0.230s] Level 1:colcon.colcon_core.package_discovery:discover_packages(colcon_meta) discover
[0.230s] Level 1:colcon.colcon_core.package_discovery:discover_packages(recursive) discover
[0.230s] INFO:colcon.colcon_core.package_discovery:Crawling recursively for packages in '/home/altair/Roboware'
[0.230s] Level 1:colcon.colcon_core.package_identification:_identify(.) by extensions ['ignore', 'ignore_ament_install']
[0.230s] Level 1:colcon.colcon_core.package_identification:_identify(.) by extension 'ignore'
[0.231s] Level 1:colcon.colcon_core.package_identification:_identify(.) by extension 'ignore_ament_install'
[0.231s] Level 1:colcon.colcon_core.package_identification:_identify(.) by extensions ['colcon_pkg']
[0.231s] Level 1:colcon.colcon_core.package_identification:_identify(.) by extension 'colcon_pkg'
[0.231s] Level 1:colcon.colcon_core.package_identification:_identify(.) by extensions ['colcon_meta']
[0.231s] Level 1:colcon.colcon_core.package_identification:_identify(.) by extension 'colcon_meta'
[0.231s] Level 1:colcon.colcon_core.package_identification:_identify(.) by extensions ['ros']
[0.231s] Level 1:colcon.colcon_core.package_identification:_identify(.) by extension 'ros'
[0.254s] Level 1:colcon.colcon_core.package_identification:_identify(.) by extensions ['cmake', 'python']
[0.254s] Level 1:colcon.colcon_core.package_identification:_identify(.) by extension 'cmake'
[0.254s] Level 1:colcon.colcon_core.package_identification:_identify(.) by extension 'python'
[0.254s] Level 1:colcon.colcon_core.package_identification:_identify(.) by extensions ['python_setup_py']
[0.254s] Level 1:colcon.colcon_core.package_identification:_identify(.) by extension 'python_setup_py'
[0.254s] Level 1:colcon.colcon_core.package_identification:_identify(build) by extensions ['ignore', 'ignore_ament_install']
[0.254s] Level 1:colcon.colcon_core.package_identification:_identify(build) by extension 'ignore'
[0.255s] Level 1:colcon.colcon_core.package_identification:_identify(build) ignored
[0.255s] Level 1:colcon.colcon_core.package_identification:_identify(install) by extensions ['ignore', 'ignore_ament_install']
[0.255s] Level 1:colcon.colcon_core.package_identification:_identify(install) by extension 'ignore'
[0.255s] Level 1:colcon.colcon_core.package_identification:_identify(install) ignored
[0.255s] Level 1:colcon.colcon_core.package_identification:_identify(log) by extensions ['ignore', 'ignore_ament_install']
[0.256s] Level 1:colcon.colcon_core.package_identification:_identify(log) by extension 'ignore'
[0.256s] Level 1:colcon.colcon_core.package_identification:_identify(log) ignored
[0.256s] Level 1:colcon.colcon_core.package_identification:_identify(src) by extensions ['ignore', 'ignore_ament_install']
[0.256s] Level 1:colcon.colcon_core.package_identification:_identify(src) by extension 'ignore'
[0.256s] Level 1:colcon.colcon_core.package_identification:_identify(src) by extension 'ignore_ament_install'
[0.257s] Level 1:colcon.colcon_core.package_identification:_identify(src) by extensions ['colcon_pkg']
[0.257s] Level 1:colcon.colcon_core.package_identification:_identify(src) by extension 'colcon_pkg'
[0.257s] Level 1:colcon.colcon_core.package_identification:_identify(src) by extensions ['colcon_meta']
[0.257s] Level 1:colcon.colcon_core.package_identification:_identify(src) by extension 'colcon_meta'
[0.257s] Level 1:colcon.colcon_core.package_identification:_identify(src) by extensions ['ros']
[0.257s] Level 1:colcon.colcon_core.package_identification:_identify(src) by extension 'ros'
[0.257s] Level 1:colcon.colcon_core.package_identification:_identify(src) by extensions ['cmake', 'python']
[0.257s] Level 1:colcon.colcon_core.package_identification:_identify(src) by extension 'cmake'
[0.257s] Level 1:colcon.colcon_core.package_identification:_identify(src) by extension 'python'
[0.257s] Level 1:colcon.colcon_core.package_identification:_identify(src) by extensions ['python_setup_py']
[0.257s] Level 1:colcon.colcon_core.package_identification:_identify(src) by extension 'python_setup_py'
[0.257s] Level 1:colcon.colcon_core.package_identification:_identify(src/Robowarepkg) by extensions ['ignore', 'ignore_ament_install']
[0.258s] Level 1:colcon.colcon_core.package_identification:_identify(src/Robowarepkg) by extension 'ignore'
[0.258s] Level 1:colcon.colcon_core.package_identification:_identify(src/Robowarepkg) by extension 'ignore_ament_install'
[0.258s] Level 1:colcon.colcon_core.package_identification:_identify(src/Robowarepkg) by extensions ['colcon_pkg']
[0.258s] Level 1:colcon.colcon_core.package_identification:_identify(src/Robowarepkg) by extension 'colcon_pkg'
[0.258s] Level 1:colcon.colcon_core.package_identification:_identify(src/Robowarepkg) by extensions ['colcon_meta']
[0.258s] Level 1:colcon.colcon_core.package_identification:_identify(src/Robowarepkg) by extension 'colcon_meta'
[0.258s] Level 1:colcon.colcon_core.package_identification:_identify(src/Robowarepkg) by extensions ['ros']
[0.258s] Level 1:colcon.colcon_core.package_identification:_identify(src/Robowarepkg) by extension 'ros'
[0.261s] DEBUG:colcon.colcon_core.package_identification:Package 'src/Robowarepkg' with type 'ros.ament_python' and name 'Robowarepkg'
[0.261s] Level 1:colcon.colcon_core.package_identification:_identify(ultralytics) by extensions ['ignore', 'ignore_ament_install']
[0.262s] Level 1:colcon.colcon_core.package_identification:_identify(ultralytics) by extension 'ignore'
[0.262s] Level 1:colcon.colcon_core.package_identification:_identify(ultralytics) by extension 'ignore_ament_install'
[0.262s] Level 1:colcon.colcon_core.package_identification:_identify(ultralytics) by extensions ['colcon_pkg']
[0.262s] Level 1:colcon.colcon_core.package_identification:_identify(ultralytics) by extension 'colcon_pkg'
[0.262s] Level 1:colcon.colcon_core.package_identification:_identify(ultralytics) by extensions ['colcon_meta']
[0.262s] Level 1:colcon.colcon_core.package_identification:_identify(ultralytics) by extension 'colcon_meta'
[0.262s] Level 1:colcon.colcon_core.package_identification:_identify(ultralytics) by extensions ['ros']
[0.262s] Level 1:colcon.colcon_core.package_identification:_identify(ultralytics) by extension 'ros'
[0.262s] Level 1:colcon.colcon_core.package_identification:_identify(ultralytics) by extensions ['cmake', 'python']
[0.262s] Level 1:colcon.colcon_core.package_identification:_identify(ultralytics) by extension 'cmake'
[0.262s] Level 1:colcon.colcon_core.package_identification:_identify(ultralytics) by extension 'python'
[0.262s] Level 1:colcon.colcon_core.package_identification:_identify(ultralytics) by extensions ['python_setup_py']
[0.262s] Level 1:colcon.colcon_core.package_identification:_identify(ultralytics) by extension 'python_setup_py'
[0.263s] Level 1:colcon.colcon_core.package_identification:_identify(ultralytics/yolov5) by extensions ['ignore', 'ignore_ament_install']
[0.263s] Level 1:colcon.colcon_core.package_identification:_identify(ultralytics/yolov5) by extension 'ignore'
[0.263s] Level 1:colcon.colcon_core.package_identification:_identify(ultralytics/yolov5) by extension 'ignore_ament_install'
[0.263s] Level 1:colcon.colcon_core.package_identification:_identify(ultralytics/yolov5) by extensions ['colcon_pkg']
[0.263s] Level 1:colcon.colcon_core.package_identification:_identify(ultralytics/yolov5) by extension 'colcon_pkg'
[0.263s] Level 1:colcon.colcon_core.package_identification:_identify(ultralytics/yolov5) by extensions ['colcon_meta']
[0.263s] Level 1:colcon.colcon_core.package_identification:_identify(ultralytics/yolov5) by extension 'colcon_meta'
[0.263s] Level 1:colcon.colcon_core.package_identification:_identify(ultralytics/yolov5) by extensions ['ros']
[0.263s] Level 1:colcon.colcon_core.package_identification:_identify(ultralytics/yolov5) by extension 'ros'
[0.263s] Level 1:colcon.colcon_core.package_identification:_identify(ultralytics/yolov5) by extensions ['cmake', 'python']
[0.263s] Level 1:colcon.colcon_core.package_identification:_identify(ultralytics/yolov5) by extension 'cmake'
[0.263s] Level 1:colcon.colcon_core.package_identification:_identify(ultralytics/yolov5) by extension 'python'
[0.264s] Level 1:colcon.colcon_core.package_identification:_identify(ultralytics/yolov5) by extensions ['python_setup_py']
[0.264s] Level 1:colcon.colcon_core.package_identification:_identify(ultralytics/yolov5) by extension 'python_setup_py'
[0.264s] Level 1:colcon.colcon_core.package_identification:_identify(ultralytics/yolov5/__pycache__) by extensions ['ignore', 'ignore_ament_install']
[0.264s] Level 1:colcon.colcon_core.package_identification:_identify(ultralytics/yolov5/__pycache__) by extension 'ignore'
[0.264s] Level 1:colcon.colcon_core.package_identification:_identify(ultralytics/yolov5/__pycache__) by extension 'ignore_ament_install'
[0.264s] Level 1:colcon.colcon_core.package_identification:_identify(ultralytics/yolov5/__pycache__) by extensions ['colcon_pkg']
[0.264s] Level 1:colcon.colcon_core.package_identification:_identify(ultralytics/yolov5/__pycache__) by extension 'colcon_pkg'
[0.264s] Level 1:colcon.colcon_core.package_identification:_identify(ultralytics/yolov5/__pycache__) by extensions ['colcon_meta']
[0.264s] Level 1:colcon.colcon_core.package_identification:_identify(ultralytics/yolov5/__pycache__) by extension 'colcon_meta'
[0.264s] Level 1:colcon.colcon_core.package_identification:_identify(ultralytics/yolov5/__pycache__) by extensions ['ros']
[0.264s] Level 1:colcon.colcon_core.package_identification:_identify(ultralytics/yolov5/__pycache__) by extension 'ros'
[0.264s] Level 1:colcon.colcon_core.package_identification:_identify(ultralytics/yolov5/__pycache__) by extensions ['cmake', 'python']
[0.264s] Level 1:colcon.colcon_core.package_identification:_identify(ultralytics/yolov5/__pycache__) by extension 'cmake'
[0.264s] Level 1:colcon.colcon_core.package_identification:_identify(ultralytics/yolov5/__pycache__) by extension 'python'
[0.264s] Level 1:colcon.colcon_core.package_identification:_identify(ultralytics/yolov5/__pycache__) by extensions ['python_setup_py']
[0.264s] Level 1:colcon.colcon_core.package_identification:_identify(ultralytics/yolov5/__pycache__) by extension 'python_setup_py'
[0.264s] Level 1:colcon.colcon_core.package_identification:_identify(ultralytics/yolov5/classify) by extensions ['ignore', 'ignore_ament_install']
[0.265s] Level 1:colcon.colcon_core.package_identification:_identify(ultralytics/yolov5/classify) by extension 'ignore'
[0.265s] Level 1:colcon.colcon_core.package_identification:_identify(ultralytics/yolov5/classify) by extension 'ignore_ament_install'
[0.265s] Level 1:colcon.colcon_core.package_identification:_identify(ultralytics/yolov5/classify) by extensions ['colcon_pkg']
[0.265s] Level 1:colcon.colcon_core.package_identification:_identify(ultralytics/yolov5/classify) by extension 'colcon_pkg'
[0.265s] Level 1:colcon.colcon_core.package_identification:_identify(ultralytics/yolov5/classify) by extensions ['colcon_meta']
[0.265s] Level 1:colcon.colcon_core.package_identification:_identify(ultralytics/yolov5/classify) by extension 'colcon_meta'
[0.265s] Level 1:colcon.colcon_core.package_identification:_identify(ultralytics/yolov5/classify) by extensions ['ros']
[0.265s] Level 1:colcon.colcon_core.package_identification:_identify(ultralytics/yolov5/classify) by extension 'ros'
[0.265s] Level 1:colcon.colcon_core.package_identification:_identify(ultralytics/yolov5/classify) by extensions ['cmake', 'python']
[0.265s] Level 1:colcon.colcon_core.package_identification:_identify(ultralytics/yolov5/classify) by extension 'cmake'
[0.265s] Level 1:colcon.colcon_core.package_identification:_identify(ultralytics/yolov5/classify) by extension 'python'
[0.265s] Level 1:colcon.colcon_core.package_identification:_identify(ultralytics/yolov5/classify) by extensions ['python_setup_py']
[0.265s] Level 1:colcon.colcon_core.package_identification:_identify(ultralytics/yolov5/classify) by extension 'python_setup_py'
[0.265s] Level 1:colcon.colcon_core.package_identification:_identify(ultralytics/yolov5/data) by extensions ['ignore', 'ignore_ament_install']
[0.265s] Level 1:colcon.colcon_core.package_identification:_identify(ultralytics/yolov5/data) by extension 'ignore'
[0.265s] Level 1:colcon.colcon_core.package_identification:_identify(ultralytics/yolov5/data) by extension 'ignore_ament_install'
[0.265s] Level 1:colcon.colcon_core.package_identification:_identify(ultralytics/yolov5/data) by extensions ['colcon_pkg']
[0.265s] Level 1:colcon.colcon_core.package_identification:_identify(ultralytics/yolov5/data) by extension 'colcon_pkg'
[0.265s] Level 1:colcon.colcon_core.package_identification:_identify(ultralytics/yolov5/data) by extensions ['colcon_meta']
[0.265s] Level 1:colcon.colcon_core.package_identification:_identify(ultralytics/yolov5/data) by extension 'colcon_meta'
[0.265s] Level 1:colcon.colcon_core.package_identification:_identify(ultralytics/yolov5/data) by extensions ['ros']
[0.265s] Level 1:colcon.colcon_core.package_identification:_identify(ultralytics/yolov5/data) by extension 'ros'
[0.266s] Level 1:colcon.colcon_core.package_identification:_identify(ultralytics/yolov5/data) by extensions ['cmake', 'python']
[0.266s] Level 1:colcon.colcon_core.package_identification:_identify(ultralytics/yolov5/data) by extension 'cmake'
[0.266s] Level 1:colcon.colcon_core.package_identification:_identify(ultralytics/yolov5/data) by extension 'python'
[0.266s] Level 1:colcon.colcon_core.package_identification:_identify(ultralytics/yolov5/data) by extensions ['python_setup_py']
[0.266s] Level 1:colcon.colcon_core.package_identification:_identify(ultralytics/yolov5/data) by extension 'python_setup_py'
[0.266s] Level 1:colcon.colcon_core.package_identification:_identify(ultralytics/yolov5/data/hyps) by extensions ['ignore', 'ignore_ament_install']
[0.266s] Level 1:colcon.colcon_core.package_identification:_identify(ultralytics/yolov5/data/hyps) by extension 'ignore'
[0.266s] Level 1:colcon.colcon_core.package_identification:_identify(ultralytics/yolov5/data/hyps) by extension 'ignore_ament_install'
[0.266s] Level 1:colcon.colcon_core.package_identification:_identify(ultralytics/yolov5/data/hyps) by extensions ['colcon_pkg']
[0.266s] Level 1:colcon.colcon_core.package_identification:_identify(ultralytics/yolov5/data/hyps) by extension 'colcon_pkg'
[0.266s] Level 1:colcon.colcon_core.package_identification:_identify(ultralytics/yolov5/data/hyps) by extensions ['colcon_meta']
[0.266s] Level 1:colcon.colcon_core.package_identification:_identify(ultralytics/yolov5/data/hyps) by extension 'colcon_meta'
[0.266s] Level 1:colcon.colcon_core.package_identification:_identify(ultralytics/yolov5/data/hyps) by extensions ['ros']
[0.266s] Level 1:colcon.colcon_core.package_identification:_identify(ultralytics/yolov5/data/hyps) by extension 'ros'
[0.266s] Level 1:colcon.colcon_core.package_identification:_identify(ultralytics/yolov5/data/hyps) by extensions ['cmake', 'python']
[0.266s] Level 1:colcon.colcon_core.package_identification:_identify(ultralytics/yolov5/data/hyps) by extension 'cmake'
[0.266s] Level 1:colcon.colcon_core.package_identification:_identify(ultralytics/yolov5/data/hyps) by extension 'python'
[0.266s] Level 1:colcon.colcon_core.package_identification:_identify(ultralytics/yolov5/data/hyps) by extensions ['python_setup_py']
[0.266s] Level 1:colcon.colcon_core.package_identification:_identify(ultralytics/yolov5/data/hyps) by extension 'python_setup_py'
[0.266s] Level 1:colcon.colcon_core.package_identification:_identify(ultralytics/yolov5/data/images) by extensions ['ignore', 'ignore_ament_install']
[0.267s] Level 1:colcon.colcon_core.package_identification:_identify(ultralytics/yolov5/data/images) by extension 'ignore'
[0.267s] Level 1:colcon.colcon_core.package_identification:_identify(ultralytics/yolov5/data/images) by extension 'ignore_ament_install'
[0.267s] Level 1:colcon.colcon_core.package_identification:_identify(ultralytics/yolov5/data/images) by extensions ['colcon_pkg']
[0.267s] Level 1:colcon.colcon_core.package_identification:_identify(ultralytics/yolov5/data/images) by extension 'colcon_pkg'
[0.267s] Level 1:colcon.colcon_core.package_identification:_identify(ultralytics/yolov5/data/images) by extensions ['colcon_meta']
[0.267s] Level 1:colcon.colcon_core.package_identification:_identify(ultralytics/yolov5/data/images) by extension 'colcon_meta'
[0.267s] Level 1:colcon.colcon_core.package_identification:_identify(ultralytics/yolov5/data/images) by extensions ['ros']
[0.267s] Level 1:colcon.colcon_core.package_identification:_identify(ultralytics/yolov5/data/images) by extension 'ros'
[0.267s] Level 1:colcon.colcon_core.package_identification:_identify(ultralytics/yolov5/data/images) by extensions ['cmake', 'python']
[0.267s] Level 1:colcon.colcon_core.package_identification:_identify(ultralytics/yolov5/data/images) by extension 'cmake'
[0.267s] Level 1:colcon.colcon_core.package_identification:_identify(ultralytics/yolov5/data/images) by extension 'python'
[0.267s] Level 1:colcon.colcon_core.package_identification:_identify(ultralytics/yolov5/data/images) by extensions ['python_setup_py']
[0.267s] Level 1:colcon.colcon_core.package_identification:_identify(ultralytics/yolov5/data/images) by extension 'python_setup_py'
[0.267s] Level 1:colcon.colcon_core.package_identification:_identify(ultralytics/yolov5/data/scripts) by extensions ['ignore', 'ignore_ament_install']
[0.267s] Level 1:colcon.colcon_core.package_identification:_identify(ultralytics/yolov5/data/scripts) by extension 'ignore'
[0.267s] Level 1:colcon.colcon_core.package_identification:_identify(ultralytics/yolov5/data/scripts) by extension 'ignore_ament_install'
[0.267s] Level 1:colcon.colcon_core.package_identification:_identify(ultralytics/yolov5/data/scripts) by extensions ['colcon_pkg']
[0.267s] Level 1:colcon.colcon_core.package_identification:_identify(ultralytics/yolov5/data/scripts) by extension 'colcon_pkg'
[0.267s] Level 1:colcon.colcon_core.package_identification:_identify(ultralytics/yolov5/data/scripts) by extensions ['colcon_meta']
[0.267s] Level 1:colcon.colcon_core.package_identification:_identify(ultralytics/yolov5/data/scripts) by extension 'colcon_meta'
[0.267s] Level 1:colcon.colcon_core.package_identification:_identify(ultralytics/yolov5/data/scripts) by extensions ['ros']
[0.267s] Level 1:colcon.colcon_core.package_identification:_identify(ultralytics/yolov5/data/scripts) by extension 'ros'
[0.267s] Level 1:colcon.colcon_core.package_identification:_identify(ultralytics/yolov5/data/scripts) by extensions ['cmake', 'python']
[0.268s] Level 1:colcon.colcon_core.package_identification:_identify(ultralytics/yolov5/data/scripts) by extension 'cmake'
[0.268s] Level 1:colcon.colcon_core.package_identification:_identify(ultralytics/yolov5/data/scripts) by extension 'python'
[0.268s] Level 1:colcon.colcon_core.package_identification:_identify(ultralytics/yolov5/data/scripts) by extensions ['python_setup_py']
[0.268s] Level 1:colcon.colcon_core.package_identification:_identify(ultralytics/yolov5/data/scripts) by extension 'python_setup_py'
[0.268s] Level 1:colcon.colcon_core.package_identification:_identify(ultralytics/yolov5/models) by extensions ['ignore', 'ignore_ament_install']
[0.268s] Level 1:colcon.colcon_core.package_identification:_identify(ultralytics/yolov5/models) by extension 'ignore'
[0.268s] Level 1:colcon.colcon_core.package_identification:_identify(ultralytics/yolov5/models) by extension 'ignore_ament_install'
[0.268s] Level 1:colcon.colcon_core.package_identification:_identify(ultralytics/yolov5/models) by extensions ['colcon_pkg']
[0.268s] Level 1:colcon.colcon_core.package_identification:_identify(ultralytics/yolov5/models) by extension 'colcon_pkg'
[0.268s] Level 1:colcon.colcon_core.package_identification:_identify(ultralytics/yolov5/models) by extensions ['colcon_meta']
[0.268s] Level 1:colcon.colcon_core.package_identification:_identify(ultralytics/yolov5/models) by extension 'colcon_meta'
[0.268s] Level 1:colcon.colcon_core.package_identification:_identify(ultralytics/yolov5/models) by extensions ['ros']
[0.268s] Level 1:colcon.colcon_core.package_identification:_identify(ultralytics/yolov5/models) by extension 'ros'
[0.268s] Level 1:colcon.colcon_core.package_identification:_identify(ultralytics/yolov5/models) by extensions ['cmake', 'python']
[0.268s] Level 1:colcon.colcon_core.package_identification:_identify(ultralytics/yolov5/models) by extension 'cmake'
[0.268s] Level 1:colcon.colcon_core.package_identification:_identify(ultralytics/yolov5/models) by extension 'python'
[0.268s] Level 1:colcon.colcon_core.package_identification:_identify(ultralytics/yolov5/models) by extensions ['python_setup_py']
[0.268s] Level 1:colcon.colcon_core.package_identification:_identify(ultralytics/yolov5/models) by extension 'python_setup_py'
[0.268s] Level 1:colcon.colcon_core.package_identification:_identify(ultralytics/yolov5/models/__pycache__) by extensions ['ignore', 'ignore_ament_install']
[0.268s] Level 1:colcon.colcon_core.package_identification:_identify(ultralytics/yolov5/models/__pycache__) by extension 'ignore'
[0.268s] Level 1:colcon.colcon_core.package_identification:_identify(ultralytics/yolov5/models/__pycache__) by extension 'ignore_ament_install'
[0.269s] Level 1:colcon.colcon_core.package_identification:_identify(ultralytics/yolov5/models/__pycache__) by extensions ['colcon_pkg']
[0.269s] Level 1:colcon.colcon_core.package_identification:_identify(ultralytics/yolov5/models/__pycache__) by extension 'colcon_pkg'
[0.269s] Level 1:colcon.colcon_core.package_identification:_identify(ultralytics/yolov5/models/__pycache__) by extensions ['colcon_meta']
[0.269s] Level 1:colcon.colcon_core.package_identification:_identify(ultralytics/yolov5/models/__pycache__) by extension 'colcon_meta'
[0.269s] Level 1:colcon.colcon_core.package_identification:_identify(ultralytics/yolov5/models/__pycache__) by extensions ['ros']
[0.269s] Level 1:colcon.colcon_core.package_identification:_identify(ultralytics/yolov5/models/__pycache__) by extension 'ros'
[0.269s] Level 1:colcon.colcon_core.package_identification:_identify(ultralytics/yolov5/models/__pycache__) by extensions ['cmake', 'python']
[0.269s] Level 1:colcon.colcon_core.package_identification:_identify(ultralytics/yolov5/models/__pycache__) by extension 'cmake'
[0.269s] Level 1:colcon.colcon_core.package_identification:_identify(ultralytics/yolov5/models/__pycache__) by extension 'python'
[0.269s] Level 1:colcon.colcon_core.package_identification:_identify(ultralytics/yolov5/models/__pycache__) by extensions ['python_setup_py']
[0.269s] Level 1:colcon.colcon_core.package_identification:_identify(ultralytics/yolov5/models/__pycache__) by extension 'python_setup_py'
[0.269s] Level 1:colcon.colcon_core.package_identification:_identify(ultralytics/yolov5/models/hub) by extensions ['ignore', 'ignore_ament_install']
[0.269s] Level 1:colcon.colcon_core.package_identification:_identify(ultralytics/yolov5/models/hub) by extension 'ignore'
[0.269s] Level 1:colcon.colcon_core.package_identification:_identify(ultralytics/yolov5/models/hub) by extension 'ignore_ament_install'
[0.269s] Level 1:colcon.colcon_core.package_identification:_identify(ultralytics/yolov5/models/hub) by extensions ['colcon_pkg']
[0.269s] Level 1:colcon.colcon_core.package_identification:_identify(ultralytics/yolov5/models/hub) by extension 'colcon_pkg'
[0.269s] Level 1:colcon.colcon_core.package_identification:_identify(ultralytics/yolov5/models/hub) by extensions ['colcon_meta']
[0.269s] Level 1:colcon.colcon_core.package_identification:_identify(ultralytics/yolov5/models/hub) by extension 'colcon_meta'
[0.269s] Level 1:colcon.colcon_core.package_identification:_identify(ultralytics/yolov5/models/hub) by extensions ['ros']
[0.269s] Level 1:colcon.colcon_core.package_identification:_identify(ultralytics/yolov5/models/hub) by extension 'ros'
[0.269s] Level 1:colcon.colcon_core.package_identification:_identify(ultralytics/yolov5/models/hub) by extensions ['cmake', 'python']
[0.269s] Level 1:colcon.colcon_core.package_identification:_identify(ultralytics/yolov5/models/hub) by extension 'cmake'
[0.270s] Level 1:colcon.colcon_core.package_identification:_identify(ultralytics/yolov5/models/hub) by extension 'python'
[0.270s] Level 1:colcon.colcon_core.package_identification:_identify(ultralytics/yolov5/models/hub) by extensions ['python_setup_py']
[0.270s] Level 1:colcon.colcon_core.package_identification:_identify(ultralytics/yolov5/models/hub) by extension 'python_setup_py'
[0.270s] Level 1:colcon.colcon_core.package_identification:_identify(ultralytics/yolov5/models/segment) by extensions ['ignore', 'ignore_ament_install']
[0.270s] Level 1:colcon.colcon_core.package_identification:_identify(ultralytics/yolov5/models/segment) by extension 'ignore'
[0.270s] Level 1:colcon.colcon_core.package_identification:_identify(ultralytics/yolov5/models/segment) by extension 'ignore_ament_install'
[0.270s] Level 1:colcon.colcon_core.package_identification:_identify(ultralytics/yolov5/models/segment) by extensions ['colcon_pkg']
[0.270s] Level 1:colcon.colcon_core.package_identification:_identify(ultralytics/yolov5/models/segment) by extension 'colcon_pkg'
[0.270s] Level 1:colcon.colcon_core.package_identification:_identify(ultralytics/yolov5/models/segment) by extensions ['colcon_meta']
[0.270s] Level 1:colcon.colcon_core.package_identification:_identify(ultralytics/yolov5/models/segment) by extension 'colcon_meta'
[0.270s] Level 1:colcon.colcon_core.package_identification:_identify(ultralytics/yolov5/models/segment) by extensions ['ros']
[0.270s] Level 1:colcon.colcon_core.package_identification:_identify(ultralytics/yolov5/models/segment) by extension 'ros'
[0.270s] Level 1:colcon.colcon_core.package_identification:_identify(ultralytics/yolov5/models/segment) by extensions ['cmake', 'python']
[0.270s] Level 1:colcon.colcon_core.package_identification:_identify(ultralytics/yolov5/models/segment) by extension 'cmake'
[0.270s] Level 1:colcon.colcon_core.package_identification:_identify(ultralytics/yolov5/models/segment) by extension 'python'
[0.270s] Level 1:colcon.colcon_core.package_identification:_identify(ultralytics/yolov5/models/segment) by extensions ['python_setup_py']
[0.270s] Level 1:colcon.colcon_core.package_identification:_identify(ultralytics/yolov5/models/segment) by extension 'python_setup_py'
[0.270s] Level 1:colcon.colcon_core.package_identification:_identify(ultralytics/yolov5/segment) by extensions ['ignore', 'ignore_ament_install']
[0.270s] Level 1:colcon.colcon_core.package_identification:_identify(ultralytics/yolov5/segment) by extension 'ignore'
[0.270s] Level 1:colcon.colcon_core.package_identification:_identify(ultralytics/yolov5/segment) by extension 'ignore_ament_install'
[0.270s] Level 1:colcon.colcon_core.package_identification:_identify(ultralytics/yolov5/segment) by extensions ['colcon_pkg']
[0.271s] Level 1:colcon.colcon_core.package_identification:_identify(ultralytics/yolov5/segment) by extension 'colcon_pkg'
[0.271s] Level 1:colcon.colcon_core.package_identification:_identify(ultralytics/yolov5/segment) by extensions ['colcon_meta']
[0.271s] Level 1:colcon.colcon_core.package_identification:_identify(ultralytics/yolov5/segment) by extension 'colcon_meta'
[0.271s] Level 1:colcon.colcon_core.package_identification:_identify(ultralytics/yolov5/segment) by extensions ['ros']
[0.271s] Level 1:colcon.colcon_core.package_identification:_identify(ultralytics/yolov5/segment) by extension 'ros'
[0.271s] Level 1:colcon.colcon_core.package_identification:_identify(ultralytics/yolov5/segment) by extensions ['cmake', 'python']
[0.271s] Level 1:colcon.colcon_core.package_identification:_identify(ultralytics/yolov5/segment) by extension 'cmake'
[0.271s] Level 1:colcon.colcon_core.package_identification:_identify(ultralytics/yolov5/segment) by extension 'python'
[0.271s] Level 1:colcon.colcon_core.package_identification:_identify(ultralytics/yolov5/segment) by extensions ['python_setup_py']
[0.271s] Level 1:colcon.colcon_core.package_identification:_identify(ultralytics/yolov5/segment) by extension 'python_setup_py'
[0.271s] Level 1:colcon.colcon_core.package_identification:_identify(ultralytics/yolov5/utils) by extensions ['ignore', 'ignore_ament_install']
[0.271s] Level 1:colcon.colcon_core.package_identification:_identify(ultralytics/yolov5/utils) by extension 'ignore'
[0.271s] Level 1:colcon.colcon_core.package_identification:_identify(ultralytics/yolov5/utils) by extension 'ignore_ament_install'
[0.271s] Level 1:colcon.colcon_core.package_identification:_identify(ultralytics/yolov5/utils) by extensions ['colcon_pkg']
[0.271s] Level 1:colcon.colcon_core.package_identification:_identify(ultralytics/yolov5/utils) by extension 'colcon_pkg'
[0.271s] Level 1:colcon.colcon_core.package_identification:_identify(ultralytics/yolov5/utils) by extensions ['colcon_meta']
[0.271s] Level 1:colcon.colcon_core.package_identification:_identify(ultralytics/yolov5/utils) by extension 'colcon_meta'
[0.272s] Level 1:colcon.colcon_core.package_identification:_identify(ultralytics/yolov5/utils) by extensions ['ros']
[0.272s] Level 1:colcon.colcon_core.package_identification:_identify(ultralytics/yolov5/utils) by extension 'ros'
[0.272s] Level 1:colcon.colcon_core.package_identification:_identify(ultralytics/yolov5/utils) by extensions ['cmake', 'python']
[0.272s] Level 1:colcon.colcon_core.package_identification:_identify(ultralytics/yolov5/utils) by extension 'cmake'
[0.272s] Level 1:colcon.colcon_core.package_identification:_identify(ultralytics/yolov5/utils) by extension 'python'
[0.272s] Level 1:colcon.colcon_core.package_identification:_identify(ultralytics/yolov5/utils) by extensions ['python_setup_py']
[0.272s] Level 1:colcon.colcon_core.package_identification:_identify(ultralytics/yolov5/utils) by extension 'python_setup_py'
[0.272s] Level 1:colcon.colcon_core.package_identification:_identify(ultralytics/yolov5/utils/__pycache__) by extensions ['ignore', 'ignore_ament_install']
[0.272s] Level 1:colcon.colcon_core.package_identification:_identify(ultralytics/yolov5/utils/__pycache__) by extension 'ignore'
[0.272s] Level 1:colcon.colcon_core.package_identification:_identify(ultralytics/yolov5/utils/__pycache__) by extension 'ignore_ament_install'
[0.272s] Level 1:colcon.colcon_core.package_identification:_identify(ultralytics/yolov5/utils/__pycache__) by extensions ['colcon_pkg']
[0.272s] Level 1:colcon.colcon_core.package_identification:_identify(ultralytics/yolov5/utils/__pycache__) by extension 'colcon_pkg'
[0.272s] Level 1:colcon.colcon_core.package_identification:_identify(ultralytics/yolov5/utils/__pycache__) by extensions ['colcon_meta']
[0.272s] Level 1:colcon.colcon_core.package_identification:_identify(ultralytics/yolov5/utils/__pycache__) by extension 'colcon_meta'
[0.273s] Level 1:colcon.colcon_core.package_identification:_identify(ultralytics/yolov5/utils/__pycache__) by extensions ['ros']
[0.273s] Level 1:colcon.colcon_core.package_identification:_identify(ultralytics/yolov5/utils/__pycache__) by extension 'ros'
[0.273s] Level 1:colcon.colcon_core.package_identification:_identify(ultralytics/yolov5/utils/__pycache__) by extensions ['cmake', 'python']
[0.273s] Level 1:colcon.colcon_core.package_identification:_identify(ultralytics/yolov5/utils/__pycache__) by extension 'cmake'
[0.273s] Level 1:colcon.colcon_core.package_identification:_identify(ultralytics/yolov5/utils/__pycache__) by extension 'python'
[0.273s] Level 1:colcon.colcon_core.package_identification:_identify(ultralytics/yolov5/utils/__pycache__) by extensions ['python_setup_py']
[0.273s] Level 1:colcon.colcon_core.package_identification:_identify(ultralytics/yolov5/utils/__pycache__) by extension 'python_setup_py'
[0.273s] Level 1:colcon.colcon_core.package_identification:_identify(ultralytics/yolov5/utils/aws) by extensions ['ignore', 'ignore_ament_install']
[0.273s] Level 1:colcon.colcon_core.package_identification:_identify(ultralytics/yolov5/utils/aws) by extension 'ignore'
[0.273s] Level 1:colcon.colcon_core.package_identification:_identify(ultralytics/yolov5/utils/aws) by extension 'ignore_ament_install'
[0.273s] Level 1:colcon.colcon_core.package_identification:_identify(ultralytics/yolov5/utils/aws) by extensions ['colcon_pkg']
[0.273s] Level 1:colcon.colcon_core.package_identification:_identify(ultralytics/yolov5/utils/aws) by extension 'colcon_pkg'
[0.273s] Level 1:colcon.colcon_core.package_identification:_identify(ultralytics/yolov5/utils/aws) by extensions ['colcon_meta']
[0.273s] Level 1:colcon.colcon_core.package_identification:_identify(ultralytics/yolov5/utils/aws) by extension 'colcon_meta'
[0.273s] Level 1:colcon.colcon_core.package_identification:_identify(ultralytics/yolov5/utils/aws) by extensions ['ros']
[0.273s] Level 1:colcon.colcon_core.package_identification:_identify(ultralytics/yolov5/utils/aws) by extension 'ros'
[0.273s] Level 1:colcon.colcon_core.package_identification:_identify(ultralytics/yolov5/utils/aws) by extensions ['cmake', 'python']
[0.273s] Level 1:colcon.colcon_core.package_identification:_identify(ultralytics/yolov5/utils/aws) by extension 'cmake'
[0.274s] Level 1:colcon.colcon_core.package_identification:_identify(ultralytics/yolov5/utils/aws) by extension 'python'
[0.274s] Level 1:colcon.colcon_core.package_identification:_identify(ultralytics/yolov5/utils/aws) by extensions ['python_setup_py']
[0.274s] Level 1:colcon.colcon_core.package_identification:_identify(ultralytics/yolov5/utils/aws) by extension 'python_setup_py'
[0.274s] Level 1:colcon.colcon_core.package_identification:_identify(ultralytics/yolov5/utils/docker) by extensions ['ignore', 'ignore_ament_install']
[0.274s] Level 1:colcon.colcon_core.package_identification:_identify(ultralytics/yolov5/utils/docker) by extension 'ignore'
[0.274s] Level 1:colcon.colcon_core.package_identification:_identify(ultralytics/yolov5/utils/docker) by extension 'ignore_ament_install'
[0.274s] Level 1:colcon.colcon_core.package_identification:_identify(ultralytics/yolov5/utils/docker) by extensions ['colcon_pkg']
[0.274s] Level 1:colcon.colcon_core.package_identification:_identify(ultralytics/yolov5/utils/docker) by extension 'colcon_pkg'
[0.274s] Level 1:colcon.colcon_core.package_identification:_identify(ultralytics/yolov5/utils/docker) by extensions ['colcon_meta']
[0.274s] Level 1:colcon.colcon_core.package_identification:_identify(ultralytics/yolov5/utils/docker) by extension 'colcon_meta'
[0.274s] Level 1:colcon.colcon_core.package_identification:_identify(ultralytics/yolov5/utils/docker) by extensions ['ros']
[0.274s] Level 1:colcon.colcon_core.package_identification:_identify(ultralytics/yolov5/utils/docker) by extension 'ros'
[0.274s] Level 1:colcon.colcon_core.package_identification:_identify(ultralytics/yolov5/utils/docker) by extensions ['cmake', 'python']
[0.274s] Level 1:colcon.colcon_core.package_identification:_identify(ultralytics/yolov5/utils/docker) by extension 'cmake'
[0.275s] Level 1:colcon.colcon_core.package_identification:_identify(ultralytics/yolov5/utils/docker) by extension 'python'
[0.275s] Level 1:colcon.colcon_core.package_identification:_identify(ultralytics/yolov5/utils/docker) by extensions ['python_setup_py']
[0.275s] Level 1:colcon.colcon_core.package_identification:_identify(ultralytics/yolov5/utils/docker) by extension 'python_setup_py'
[0.275s] Level 1:colcon.colcon_core.package_identification:_identify(ultralytics/yolov5/utils/flask_rest_api) by extensions ['ignore', 'ignore_ament_install']
[0.275s] Level 1:colcon.colcon_core.package_identification:_identify(ultralytics/yolov5/utils/flask_rest_api) by extension 'ignore'
[0.275s] Level 1:colcon.colcon_core.package_identification:_identify(ultralytics/yolov5/utils/flask_rest_api) by extension 'ignore_ament_install'
[0.275s] Level 1:colcon.colcon_core.package_identification:_identify(ultralytics/yolov5/utils/flask_rest_api) by extensions ['colcon_pkg']
[0.275s] Level 1:colcon.colcon_core.package_identification:_identify(ultralytics/yolov5/utils/flask_rest_api) by extension 'colcon_pkg'
[0.275s] Level 1:colcon.colcon_core.package_identification:_identify(ultralytics/yolov5/utils/flask_rest_api) by extensions ['colcon_meta']
[0.275s] Level 1:colcon.colcon_core.package_identification:_identify(ultralytics/yolov5/utils/flask_rest_api) by extension 'colcon_meta'
[0.275s] Level 1:colcon.colcon_core.package_identification:_identify(ultralytics/yolov5/utils/flask_rest_api) by extensions ['ros']
[0.275s] Level 1:colcon.colcon_core.package_identification:_identify(ultralytics/yolov5/utils/flask_rest_api) by extension 'ros'
[0.276s] Level 1:colcon.colcon_core.package_identification:_identify(ultralytics/yolov5/utils/flask_rest_api) by extensions ['cmake', 'python']
[0.276s] Level 1:colcon.colcon_core.package_identification:_identify(ultralytics/yolov5/utils/flask_rest_api) by extension 'cmake'
[0.276s] Level 1:colcon.colcon_core.package_identification:_identify(ultralytics/yolov5/utils/flask_rest_api) by extension 'python'
[0.276s] Level 1:colcon.colcon_core.package_identification:_identify(ultralytics/yolov5/utils/flask_rest_api) by extensions ['python_setup_py']
[0.276s] Level 1:colcon.colcon_core.package_identification:_identify(ultralytics/yolov5/utils/flask_rest_api) by extension 'python_setup_py'
[0.276s] Level 1:colcon.colcon_core.package_identification:_identify(ultralytics/yolov5/utils/google_app_engine) by extensions ['ignore', 'ignore_ament_install']
[0.276s] Level 1:colcon.colcon_core.package_identification:_identify(ultralytics/yolov5/utils/google_app_engine) by extension 'ignore'
[0.276s] Level 1:colcon.colcon_core.package_identification:_identify(ultralytics/yolov5/utils/google_app_engine) by extension 'ignore_ament_install'
[0.276s] Level 1:colcon.colcon_core.package_identification:_identify(ultralytics/yolov5/utils/google_app_engine) by extensions ['colcon_pkg']
[0.276s] Level 1:colcon.colcon_core.package_identification:_identify(ultralytics/yolov5/utils/google_app_engine) by extension 'colcon_pkg'
[0.276s] Level 1:colcon.colcon_core.package_identification:_identify(ultralytics/yolov5/utils/google_app_engine) by extensions ['colcon_meta']
[0.276s] Level 1:colcon.colcon_core.package_identification:_identify(ultralytics/yolov5/utils/google_app_engine) by extension 'colcon_meta'
[0.277s] Level 1:colcon.colcon_core.package_identification:_identify(ultralytics/yolov5/utils/google_app_engine) by extensions ['ros']
[0.277s] Level 1:colcon.colcon_core.package_identification:_identify(ultralytics/yolov5/utils/google_app_engine) by extension 'ros'
[0.277s] Level 1:colcon.colcon_core.package_identification:_identify(ultralytics/yolov5/utils/google_app_engine) by extensions ['cmake', 'python']
[0.277s] Level 1:colcon.colcon_core.package_identification:_identify(ultralytics/yolov5/utils/google_app_engine) by extension 'cmake'
[0.277s] Level 1:colcon.colcon_core.package_identification:_identify(ultralytics/yolov5/utils/google_app_engine) by extension 'python'
[0.277s] Level 1:colcon.colcon_core.package_identification:_identify(ultralytics/yolov5/utils/google_app_engine) by extensions ['python_setup_py']
[0.277s] Level 1:colcon.colcon_core.package_identification:_identify(ultralytics/yolov5/utils/google_app_engine) by extension 'python_setup_py'
[0.277s] Level 1:colcon.colcon_core.package_identification:_identify(ultralytics/yolov5/utils/loggers) by extensions ['ignore', 'ignore_ament_install']
[0.277s] Level 1:colcon.colcon_core.package_identification:_identify(ultralytics/yolov5/utils/loggers) by extension 'ignore'
[0.277s] Level 1:colcon.colcon_core.package_identification:_identify(ultralytics/yolov5/utils/loggers) by extension 'ignore_ament_install'
[0.277s] Level 1:colcon.colcon_core.package_identification:_identify(ultralytics/yolov5/utils/loggers) by extensions ['colcon_pkg']
[0.277s] Level 1:colcon.colcon_core.package_identification:_identify(ultralytics/yolov5/utils/loggers) by extension 'colcon_pkg'
[0.278s] Level 1:colcon.colcon_core.package_identification:_identify(ultralytics/yolov5/utils/loggers) by extensions ['colcon_meta']
[0.278s] Level 1:colcon.colcon_core.package_identification:_identify(ultralytics/yolov5/utils/loggers) by extension 'colcon_meta'
[0.278s] Level 1:colcon.colcon_core.package_identification:_identify(ultralytics/yolov5/utils/loggers) by extensions ['ros']
[0.278s] Level 1:colcon.colcon_core.package_identification:_identify(ultralytics/yolov5/utils/loggers) by extension 'ros'
[0.278s] Level 1:colcon.colcon_core.package_identification:_identify(ultralytics/yolov5/utils/loggers) by extensions ['cmake', 'python']
[0.278s] Level 1:colcon.colcon_core.package_identification:_identify(ultralytics/yolov5/utils/loggers) by extension 'cmake'
[0.278s] Level 1:colcon.colcon_core.package_identification:_identify(ultralytics/yolov5/utils/loggers) by extension 'python'
[0.278s] Level 1:colcon.colcon_core.package_identification:_identify(ultralytics/yolov5/utils/loggers) by extensions ['python_setup_py']
[0.278s] Level 1:colcon.colcon_core.package_identification:_identify(ultralytics/yolov5/utils/loggers) by extension 'python_setup_py'
[0.278s] Level 1:colcon.colcon_core.package_identification:_identify(ultralytics/yolov5/utils/loggers/clearml) by extensions ['ignore', 'ignore_ament_install']
[0.278s] Level 1:colcon.colcon_core.package_identification:_identify(ultralytics/yolov5/utils/loggers/clearml) by extension 'ignore'
[0.278s] Level 1:colcon.colcon_core.package_identification:_identify(ultralytics/yolov5/utils/loggers/clearml) by extension 'ignore_ament_install'
[0.279s] Level 1:colcon.colcon_core.package_identification:_identify(ultralytics/yolov5/utils/loggers/clearml) by extensions ['colcon_pkg']
[0.279s] Level 1:colcon.colcon_core.package_identification:_identify(ultralytics/yolov5/utils/loggers/clearml) by extension 'colcon_pkg'
[0.279s] Level 1:colcon.colcon_core.package_identification:_identify(ultralytics/yolov5/utils/loggers/clearml) by extensions ['colcon_meta']
[0.279s] Level 1:colcon.colcon_core.package_identification:_identify(ultralytics/yolov5/utils/loggers/clearml) by extension 'colcon_meta'
[0.279s] Level 1:colcon.colcon_core.package_identification:_identify(ultralytics/yolov5/utils/loggers/clearml) by extensions ['ros']
[0.279s] Level 1:colcon.colcon_core.package_identification:_identify(ultralytics/yolov5/utils/loggers/clearml) by extension 'ros'
[0.279s] Level 1:colcon.colcon_core.package_identification:_identify(ultralytics/yolov5/utils/loggers/clearml) by extensions ['cmake', 'python']
[0.279s] Level 1:colcon.colcon_core.package_identification:_identify(ultralytics/yolov5/utils/loggers/clearml) by extension 'cmake'
[0.279s] Level 1:colcon.colcon_core.package_identification:_identify(ultralytics/yolov5/utils/loggers/clearml) by extension 'python'
[0.279s] Level 1:colcon.colcon_core.package_identification:_identify(ultralytics/yolov5/utils/loggers/clearml) by extensions ['python_setup_py']
[0.279s] Level 1:colcon.colcon_core.package_identification:_identify(ultralytics/yolov5/utils/loggers/clearml) by extension 'python_setup_py'
[0.279s] Level 1:colcon.colcon_core.package_identification:_identify(ultralytics/yolov5/utils/loggers/comet) by extensions ['ignore', 'ignore_ament_install']
[0.279s] Level 1:colcon.colcon_core.package_identification:_identify(ultralytics/yolov5/utils/loggers/comet) by extension 'ignore'
[0.280s] Level 1:colcon.colcon_core.package_identification:_identify(ultralytics/yolov5/utils/loggers/comet) by extension 'ignore_ament_install'
[0.280s] Level 1:colcon.colcon_core.package_identification:_identify(ultralytics/yolov5/utils/loggers/comet) by extensions ['colcon_pkg']
[0.280s] Level 1:colcon.colcon_core.package_identification:_identify(ultralytics/yolov5/utils/loggers/comet) by extension 'colcon_pkg'
[0.280s] Level 1:colcon.colcon_core.package_identification:_identify(ultralytics/yolov5/utils/loggers/comet) by extensions ['colcon_meta']
[0.280s] Level 1:colcon.colcon_core.package_identification:_identify(ultralytics/yolov5/utils/loggers/comet) by extension 'colcon_meta'
[0.280s] Level 1:colcon.colcon_core.package_identification:_identify(ultralytics/yolov5/utils/loggers/comet) by extensions ['ros']
[0.280s] Level 1:colcon.colcon_core.package_identification:_identify(ultralytics/yolov5/utils/loggers/comet) by extension 'ros'
[0.280s] Level 1:colcon.colcon_core.package_identification:_identify(ultralytics/yolov5/utils/loggers/comet) by extensions ['cmake', 'python']
[0.280s] Level 1:colcon.colcon_core.package_identification:_identify(ultralytics/yolov5/utils/loggers/comet) by extension 'cmake'
[0.280s] Level 1:colcon.colcon_core.package_identification:_identify(ultralytics/yolov5/utils/loggers/comet) by extension 'python'
[0.280s] Level 1:colcon.colcon_core.package_identification:_identify(ultralytics/yolov5/utils/loggers/comet) by extensions ['python_setup_py']
[0.280s] Level 1:colcon.colcon_core.package_identification:_identify(ultralytics/yolov5/utils/loggers/comet) by extension 'python_setup_py'
[0.280s] Level 1:colcon.colcon_core.package_identification:_identify(ultralytics/yolov5/utils/loggers/wandb) by extensions ['ignore', 'ignore_ament_install']
[0.281s] Level 1:colcon.colcon_core.package_identification:_identify(ultralytics/yolov5/utils/loggers/wandb) by extension 'ignore'
[0.281s] Level 1:colcon.colcon_core.package_identification:_identify(ultralytics/yolov5/utils/loggers/wandb) by extension 'ignore_ament_install'
[0.281s] Level 1:colcon.colcon_core.package_identification:_identify(ultralytics/yolov5/utils/loggers/wandb) by extensions ['colcon_pkg']
[0.281s] Level 1:colcon.colcon_core.package_identification:_identify(ultralytics/yolov5/utils/loggers/wandb) by extension 'colcon_pkg'
[0.281s] Level 1:colcon.colcon_core.package_identification:_identify(ultralytics/yolov5/utils/loggers/wandb) by extensions ['colcon_meta']
[0.281s] Level 1:colcon.colcon_core.package_identification:_identify(ultralytics/yolov5/utils/loggers/wandb) by extension 'colcon_meta'
[0.281s] Level 1:colcon.colcon_core.package_identification:_identify(ultralytics/yolov5/utils/loggers/wandb) by extensions ['ros']
[0.281s] Level 1:colcon.colcon_core.package_identification:_identify(ultralytics/yolov5/utils/loggers/wandb) by extension 'ros'
[0.281s] Level 1:colcon.colcon_core.package_identification:_identify(ultralytics/yolov5/utils/loggers/wandb) by extensions ['cmake', 'python']
[0.281s] Level 1:colcon.colcon_core.package_identification:_identify(ultralytics/yolov5/utils/loggers/wandb) by extension 'cmake'
[0.281s] Level 1:colcon.colcon_core.package_identification:_identify(ultralytics/yolov5/utils/loggers/wandb) by extension 'python'
[0.281s] Level 1:colcon.colcon_core.package_identification:_identify(ultralytics/yolov5/utils/loggers/wandb) by extensions ['python_setup_py']
[0.281s] Level 1:colcon.colcon_core.package_identification:_identify(ultralytics/yolov5/utils/loggers/wandb) by extension 'python_setup_py'
[0.281s] Level 1:colcon.colcon_core.package_identification:_identify(ultralytics/yolov5/utils/segment) by extensions ['ignore', 'ignore_ament_install']
[0.282s] Level 1:colcon.colcon_core.package_identification:_identify(ultralytics/yolov5/utils/segment) by extension 'ignore'
[0.282s] Level 1:colcon.colcon_core.package_identification:_identify(ultralytics/yolov5/utils/segment) by extension 'ignore_ament_install'
[0.282s] Level 1:colcon.colcon_core.package_identification:_identify(ultralytics/yolov5/utils/segment) by extensions ['colcon_pkg']
[0.282s] Level 1:colcon.colcon_core.package_identification:_identify(ultralytics/yolov5/utils/segment) by extension 'colcon_pkg'
[0.282s] Level 1:colcon.colcon_core.package_identification:_identify(ultralytics/yolov5/utils/segment) by extensions ['colcon_meta']
[0.282s] Level 1:colcon.colcon_core.package_identification:_identify(ultralytics/yolov5/utils/segment) by extension 'colcon_meta'
[0.282s] Level 1:colcon.colcon_core.package_identification:_identify(ultralytics/yolov5/utils/segment) by extensions ['ros']
[0.282s] Level 1:colcon.colcon_core.package_identification:_identify(ultralytics/yolov5/utils/segment) by extension 'ros'
[0.282s] Level 1:colcon.colcon_core.package_identification:_identify(ultralytics/yolov5/utils/segment) by extensions ['cmake', 'python']
[0.282s] Level 1:colcon.colcon_core.package_identification:_identify(ultralytics/yolov5/utils/segment) by extension 'cmake'
[0.282s] Level 1:colcon.colcon_core.package_identification:_identify(ultralytics/yolov5/utils/segment) by extension 'python'
[0.282s] Level 1:colcon.colcon_core.package_identification:_identify(ultralytics/yolov5/utils/segment) by extensions ['python_setup_py']
[0.282s] Level 1:colcon.colcon_core.package_identification:_identify(ultralytics/yolov5/utils/segment) by extension 'python_setup_py'
[0.282s] Level 1:colcon.colcon_core.package_discovery:discover_packages(recursive) using defaults
[0.283s] Level 1:colcon.colcon_core.package_discovery:discover_packages(ignore) discover
[0.283s] Level 1:colcon.colcon_core.package_discovery:discover_packages(ignore) using defaults
[0.283s] Level 1:colcon.colcon_core.package_discovery:discover_packages(path) discover
[0.283s] Level 1:colcon.colcon_core.package_discovery:discover_packages(path) using defaults
[0.315s] Level 1:colcon.colcon_core.package_discovery:discover_packages(prefix_path) check parameters
[0.315s] Level 1:colcon.colcon_core.package_discovery:discover_packages(prefix_path) discover
[0.317s] DEBUG:colcon.colcon_installed_package_information.package_discovery:Found 1 installed packages in /home/altair/Roboware/install
[0.319s] DEBUG:colcon.colcon_installed_package_information.package_discovery:Found 275 installed packages in /opt/ros/humble
[0.320s] Level 1:colcon.colcon_core.package_discovery:discover_packages(prefix_path) using defaults
[0.364s] Level 5:colcon.colcon_core.verb:set package 'Robowarepkg' build argument 'cmake_args' from command line to 'None'
[0.364s] Level 5:colcon.colcon_core.verb:set package 'Robowarepkg' build argument 'cmake_target' from command line to 'None'
[0.364s] Level 5:colcon.colcon_core.verb:set package 'Robowarepkg' build argument 'cmake_target_skip_unavailable' from command line to 'False'
[0.364s] Level 5:colcon.colcon_core.verb:set package 'Robowarepkg' build argument 'cmake_clean_cache' from command line to 'False'
[0.364s] Level 5:colcon.colcon_core.verb:set package 'Robowarepkg' build argument 'cmake_clean_first' from command line to 'False'
[0.364s] Level 5:colcon.colcon_core.verb:set package 'Robowarepkg' build argument 'cmake_force_configure' from command line to 'False'
[0.364s] Level 5:colcon.colcon_core.verb:set package 'Robowarepkg' build argument 'ament_cmake_args' from command line to 'None'
[0.365s] Level 5:colcon.colcon_core.verb:set package 'Robowarepkg' build argument 'catkin_cmake_args' from command line to 'None'
[0.365s] Level 5:colcon.colcon_core.verb:set package 'Robowarepkg' build argument 'catkin_skip_building_tests' from command line to 'False'
[0.365s] DEBUG:colcon.colcon_core.verb:Building package 'Robowarepkg' with the following arguments: {'ament_cmake_args': None, 'build_base': '/home/altair/Roboware/build/Robowarepkg', 'catkin_cmake_args': None, 'catkin_skip_building_tests': False, 'cmake_args': None, 'cmake_clean_cache': False, 'cmake_clean_first': False, 'cmake_force_configure': False, 'cmake_target': None, 'cmake_target_skip_unavailable': False, 'install_base': '/home/altair/Roboware/install/Robowarepkg', 'merge_install': False, 'path': '/home/altair/Roboware/src/Robowarepkg', 'symlink_install': False, 'test_result_base': None}
[0.365s] INFO:colcon.colcon_core.executor:Executing jobs using 'parallel' executor
[0.367s] DEBUG:colcon.colcon_parallel_executor.executor.parallel:run_until_complete
[0.367s] INFO:colcon.colcon_ros.task.ament_python.build:Building ROS package in '/home/altair/Roboware/src/Robowarepkg' with build type 'ament_python'
[0.367s] Level 1:colcon.colcon_core.shell:create_environment_hook('Robowarepkg', 'ament_prefix_path')
[0.369s] INFO:colcon.colcon_core.plugin_system:Skipping extension 'colcon_core.shell.bat': Not used on non-Windows systems
[0.369s] INFO:colcon.colcon_core.shell:Creating environment hook '/home/altair/Roboware/install/Robowarepkg/share/Robowarepkg/hook/ament_prefix_path.ps1'
[0.370s] INFO:colcon.colcon_core.shell:Creating environment descriptor '/home/altair/Roboware/install/Robowarepkg/share/Robowarepkg/hook/ament_prefix_path.dsv'
[0.371s] INFO:colcon.colcon_core.shell:Creating environment hook '/home/altair/Roboware/install/Robowarepkg/share/Robowarepkg/hook/ament_prefix_path.sh'
[0.372s] INFO:colcon.colcon_core.shell:Skip shell extension 'powershell' for command environment: Not usable outside of PowerShell
[0.372s] DEBUG:colcon.colcon_core.shell:Skip shell extension 'dsv' for command environment
[0.974s] INFO:colcon.colcon_core.task.python.build:Building Python package in '/home/altair/Roboware/src/Robowarepkg'
[0.975s] INFO:colcon.colcon_core.shell:Skip shell extension 'powershell' for command environment: Not usable outside of PowerShell
[0.975s] DEBUG:colcon.colcon_core.shell:Skip shell extension 'dsv' for command environment
[2.424s] DEBUG:colcon.colcon_core.event_handler.log_command:Invoking command in '/home/altair/Roboware/src/Robowarepkg': PYTHONPATH=/home/altair/Roboware/build/Robowarepkg/prefix_override:/usr/lib/python3/dist-packages/colcon_core/task/python/colcon_distutils_commands:/home/altair/Roboware/install/Robowarepkg/lib/python3.10/site-packages:${PYTHONPATH} /usr/bin/python3 -W ignore:setup.py install is deprecated -W ignore:easy_install command is deprecated setup.py egg_info --egg-base ../../build/Robowarepkg build --build-base /home/altair/Roboware/build/Robowarepkg/build install --record /home/altair/Roboware/build/Robowarepkg/install.log --single-version-externally-managed install_data
[3.808s] DEBUG:colcon.colcon_core.event_handler.log_command:Invoked command in '/home/altair/Roboware/src/Robowarepkg' returned '0': PYTHONPATH=/home/altair/Roboware/build/Robowarepkg/prefix_override:/usr/lib/python3/dist-packages/colcon_core/task/python/colcon_distutils_commands:/home/altair/Roboware/install/Robowarepkg/lib/python3.10/site-packages:${PYTHONPATH} /usr/bin/python3 -W ignore:setup.py install is deprecated -W ignore:easy_install command is deprecated setup.py egg_info --egg-base ../../build/Robowarepkg build --build-base /home/altair/Roboware/build/Robowarepkg/build install --record /home/altair/Roboware/build/Robowarepkg/install.log --single-version-externally-managed install_data
[3.814s] Level 1:colcon.colcon_core.environment:checking '/home/altair/Roboware/install/Robowarepkg' for CMake module files
[3.815s] Level 1:colcon.colcon_core.environment:checking '/home/altair/Roboware/install/Robowarepkg' for CMake config files
[3.817s] Level 1:colcon.colcon_core.environment:checking '/home/altair/Roboware/install/Robowarepkg/lib'
[3.817s] Level 1:colcon.colcon_core.environment:checking '/home/altair/Roboware/install/Robowarepkg/bin'
[3.817s] Level 1:colcon.colcon_core.environment:checking '/home/altair/Roboware/install/Robowarepkg/lib/pkgconfig/Robowarepkg.pc'
[3.818s] Level 1:colcon.colcon_core.environment:checking '/home/altair/Roboware/install/Robowarepkg/lib/python3.10/site-packages'
[3.818s] Level 1:colcon.colcon_core.shell:create_environment_hook('Robowarepkg', 'pythonpath')
[3.818s] INFO:colcon.colcon_core.shell:Creating environment hook '/home/altair/Roboware/install/Robowarepkg/share/Robowarepkg/hook/pythonpath.ps1'
[3.819s] INFO:colcon.colcon_core.shell:Creating environment descriptor '/home/altair/Roboware/install/Robowarepkg/share/Robowarepkg/hook/pythonpath.dsv'
[3.820s] INFO:colcon.colcon_core.shell:Creating environment hook '/home/altair/Roboware/install/Robowarepkg/share/Robowarepkg/hook/pythonpath.sh'
[3.820s] Level 1:colcon.colcon_core.environment:checking '/home/altair/Roboware/install/Robowarepkg/bin'
[3.821s] Level 1:colcon.colcon_core.environment:create_environment_scripts_only(Robowarepkg)
[3.821s] INFO:colcon.colcon_core.shell:Creating package script '/home/altair/Roboware/install/Robowarepkg/share/Robowarepkg/package.ps1'
[3.823s] INFO:colcon.colcon_core.shell:Creating package descriptor '/home/altair/Roboware/install/Robowarepkg/share/Robowarepkg/package.dsv'
[3.824s] INFO:colcon.colcon_core.shell:Creating package script '/home/altair/Roboware/install/Robowarepkg/share/Robowarepkg/package.sh'
[3.825s] INFO:colcon.colcon_core.shell:Creating package script '/home/altair/Roboware/install/Robowarepkg/share/Robowarepkg/package.bash'
[3.826s] INFO:colcon.colcon_core.shell:Creating package script '/home/altair/Roboware/install/Robowarepkg/share/Robowarepkg/package.zsh'
[3.828s] Level 1:colcon.colcon_core.environment:create_file_with_runtime_dependencies(/home/altair/Roboware/install/Robowarepkg/share/colcon-core/packages/Robowarepkg)
[3.828s] DEBUG:colcon.colcon_parallel_executor.executor.parallel:closing loop
[3.829s] DEBUG:colcon.colcon_parallel_executor.executor.parallel:loop closed
[3.830s] DEBUG:colcon.colcon_parallel_executor.executor.parallel:run_until_complete finished with '0'
[3.830s] DEBUG:colcon.colcon_core.event_reactor:joining thread
[3.842s] INFO:colcon.colcon_core.plugin_system:Skipping extension 'colcon_notification.desktop_notification.terminal_notifier': Not used on non-Darwin systems
[3.842s] INFO:colcon.colcon_core.plugin_system:Skipping extension 'colcon_notification.desktop_notification.win32': Not used on non-Windows systems
[3.842s] INFO:colcon.colcon_notification.desktop_notification:Sending desktop notification using 'notify2'
[3.860s] DEBUG:colcon.colcon_core.event_reactor:joined thread
[3.861s] INFO:colcon.colcon_core.shell:Creating prefix script '/home/altair/Roboware/install/local_setup.ps1'
[3.863s] INFO:colcon.colcon_core.shell:Creating prefix util module '/home/altair/Roboware/install/_local_setup_util_ps1.py'
[3.864s] INFO:colcon.colcon_core.shell:Creating prefix chain script '/home/altair/Roboware/install/setup.ps1'
[3.865s] INFO:colcon.colcon_core.shell:Creating prefix script '/home/altair/Roboware/install/local_setup.sh'
[3.866s] INFO:colcon.colcon_core.shell:Creating prefix util module '/home/altair/Roboware/install/_local_setup_util_sh.py'
[3.866s] INFO:colcon.colcon_core.shell:Creating prefix chain script '/home/altair/Roboware/install/setup.sh'
[3.868s] INFO:colcon.colcon_core.shell:Creating prefix script '/home/altair/Roboware/install/local_setup.bash'
[3.868s] INFO:colcon.colcon_core.shell:Creating prefix chain script '/home/altair/Roboware/install/setup.bash'
[3.869s] INFO:colcon.colcon_core.shell:Creating prefix script '/home/altair/Roboware/install/local_setup.zsh'
[3.870s] INFO:colcon.colcon_core.shell:Creating prefix chain script '/home/altair/Roboware/install/setup.zsh'
