/home/altair/Roboware/install/Robowarepkg/lib/python3.10/site-packages/Robowarepkg/serial_read_node.py
/home/altair/Roboware/install/Robowarepkg/lib/python3.10/site-packages/Robowarepkg/Robowarenode.py
/home/altair/Roboware/install/Robowarepkg/lib/python3.10/site-packages/Robowarepkg/position_node.py
/home/altair/Roboware/install/Robowarepkg/lib/python3.10/site-packages/Robowarepkg/serial_send_node.py
/home/altair/Roboware/install/Robowarepkg/lib/python3.10/site-packages/Robowarepkg/web_socket_node.py
/home/altair/Roboware/install/Robowarepkg/lib/python3.10/site-packages/Robowarepkg/__init__.py
/home/altair/Roboware/install/Robowarepkg/lib/python3.10/site-packages/Robowarepkg/__pycache__/serial_read_node.cpython-310.pyc
/home/altair/Roboware/install/Robowarepkg/lib/python3.10/site-packages/Robowarepkg/__pycache__/Robowarenode.cpython-310.pyc
/home/altair/Roboware/install/Robowarepkg/lib/python3.10/site-packages/Robowarepkg/__pycache__/position_node.cpython-310.pyc
/home/altair/Roboware/install/Robowarepkg/lib/python3.10/site-packages/Robowarepkg/__pycache__/serial_send_node.cpython-310.pyc
/home/altair/Roboware/install/Robowarepkg/lib/python3.10/site-packages/Robowarepkg/__pycache__/web_socket_node.cpython-310.pyc
/home/altair/Roboware/install/Robowarepkg/lib/python3.10/site-packages/Robowarepkg/__pycache__/__init__.cpython-310.pyc
/home/altair/Roboware/install/Robowarepkg/share/ament_index/resource_index/packages/Robowarepkg
/home/altair/Roboware/install/Robowarepkg/share/Robowarepkg/package.xml
/home/altair/Roboware/install/Robowarepkg/lib/python3.10/site-packages/Robowarepkg-0.0.0-py3.10.egg-info/PKG-INFO
/home/altair/Roboware/install/Robowarepkg/lib/python3.10/site-packages/Robowarepkg-0.0.0-py3.10.egg-info/top_level.txt
/home/altair/Roboware/install/Robowarepkg/lib/python3.10/site-packages/Robowarepkg-0.0.0-py3.10.egg-info/requires.txt
/home/altair/Roboware/install/Robowarepkg/lib/python3.10/site-packages/Robowarepkg-0.0.0-py3.10.egg-info/entry_points.txt
/home/altair/Roboware/install/Robowarepkg/lib/python3.10/site-packages/Robowarepkg-0.0.0-py3.10.egg-info/zip-safe
/home/altair/Roboware/install/Robowarepkg/lib/python3.10/site-packages/Robowarepkg-0.0.0-py3.10.egg-info/dependency_links.txt
/home/altair/Roboware/install/Robowarepkg/lib/python3.10/site-packages/Robowarepkg-0.0.0-py3.10.egg-info/SOURCES.txt
/home/altair/Roboware/install/Robowarepkg/lib/Robowarepkg/Robowarenode
/home/altair/Roboware/install/Robowarepkg/lib/Robowarepkg/position_node
/home/altair/Roboware/install/Robowarepkg/lib/Robowarepkg/serial_read_node
/home/altair/Roboware/install/Robowarepkg/lib/Robowarepkg/serial_send_node
/home/altair/Roboware/install/Robowarepkg/lib/Robowarepkg/web_socket_node
