[0.000000] (-) TimerEvent: {}
[0.000334] (Robowarepkg) JobQueued: {'identifier': 'Robowarepkg', 'dependencies': OrderedDict()}
[0.000403] (Robowarepkg) JobStarted: {'identifier': 'Robowarepkg'}
[0.099084] (-) TimerEvent: {}
[0.199415] (-) TimerEvent: {}
[0.300052] (-) TimerEvent: {}
[0.400401] (-) TimerEvent: {}
[0.500769] (-) TimerEvent: {}
[0.601144] (-) TimerEvent: {}
[0.701488] (-) TimerEvent: {}
[0.801889] (-) TimerEvent: {}
[0.844018] (Robowarepkg) Command: {'cmd': ['/usr/bin/python3', '-W', 'ignore:setup.py install is deprecated', '-W', 'ignore:easy_install command is deprecated', 'setup.py', 'egg_info', '--egg-base', '../../build/Robowarepkg', 'build', '--build-base', '/home/altair/Roboware/build/Robowarepkg/build', 'install', '--record', '/home/altair/Roboware/build/Robowarepkg/install.log', '--single-version-externally-managed', 'install_data'], 'cwd': '/home/altair/Roboware/src/Robowarepkg', 'env': {'USER': 'altair', 'XDG_SESSION_TYPE': 'wayland', 'SHLVL': '1', 'HOME': '/home/altair', 'DESKTOP_SESSION': 'ubuntu', 'GNOME_SHELL_SESSION_MODE': 'ubuntu', 'GTK_MODULES': 'gail:atk-bridge', 'SYSTEMD_EXEC_PID': '1362', 'DBUS_SESSION_BUS_ADDRESS': 'unix:path=/run/user/1000/bus', 'COLORTERM': 'truecolor', 'IM_CONFIG_PHASE': '1', 'WAYLAND_DISPLAY': 'wayland-0', 'LOGNAME': 'altair', '_': '/usr/bin/colcon', 'XDG_SESSION_CLASS': 'user', 'USERNAME': 'altair', 'COLUMNS': '101', 'TERM': 'xterm-256color', 'GNOME_DESKTOP_SESSION_ID': 'this-is-deprecated', 'PATH': '/home/altair/.local/bin:/usr/local/sbin:/usr/local/bin:/usr/sbin:/usr/bin:/sbin:/bin:/usr/games:/usr/local/games:/snap/bin:/snap/bin', 'SESSION_MANAGER': 'local/altair-HCAR5000-MI:@/tmp/.ICE-unix/1328,unix/altair-HCAR5000-MI:/tmp/.ICE-unix/1328', 'XDG_MENU_PREFIX': 'gnome-', 'GNOME_TERMINAL_SCREEN': '/org/gnome/Terminal/screen/2d89f77b_5646_4123_a517_c2ecfa5b3ad9', 'GNOME_SETUP_DISPLAY': ':1', 'XDG_RUNTIME_DIR': '/run/user/1000', 'DISPLAY': ':0', 'LANG': 'ja_JP.UTF-8', 'XDG_CURRENT_DESKTOP': 'ubuntu:GNOME', 'XMODIFIERS': '@im=ibus', 'XDG_SESSION_DESKTOP': 'ubuntu', 'XAUTHORITY': '/run/user/1000/.mutter-Xwaylandauth.GB1BZ2', 'GNOME_TERMINAL_SERVICE': ':1.355', 'SSH_AGENT_LAUNCHER': 'gnome-keyring', 'SSH_AUTH_SOCK': '/run/user/1000/keyring/ssh', 'SHELL': '/bin/bash', 'QT_ACCESSIBILITY': '1', 'GDMSESSION': 'ubuntu', 'QT_IM_MODULE': 'ibus', 'PWD': '/home/altair/Roboware/build/Robowarepkg', 'LC_ALL': 'ja_JP.UTF-8', 'XDG_CONFIG_DIRS': '/etc/xdg/xdg-ubuntu:/etc/xdg', 'XDG_DATA_DIRS': '/usr/share/ubuntu:/usr/local/share/:/usr/share/:/var/lib/snapd/desktop', 'LINES': '38', 'COLCON': '1', 'VTE_VERSION': '6800', 'PYTHONPATH': '/home/altair/Roboware/build/Robowarepkg/prefix_override:/usr/lib/python3/dist-packages/colcon_core/task/python/colcon_distutils_commands:/home/altair/Roboware/install/Robowarepkg/lib/python3.10/site-packages:'}, 'shell': False}
[0.902037] (-) TimerEvent: {}
[1.002637] (-) TimerEvent: {}
[1.102926] (-) TimerEvent: {}
[1.130905] (Robowarepkg) StdoutLine: {'line': b'running egg_info\n'}
[1.143492] (Robowarepkg) StdoutLine: {'line': b'writing ../../build/Robowarepkg/Robowarepkg.egg-info/PKG-INFO\n'}
[1.144030] (Robowarepkg) StdoutLine: {'line': b'writing dependency_links to ../../build/Robowarepkg/Robowarepkg.egg-info/dependency_links.txt\n'}
[1.144457] (Robowarepkg) StdoutLine: {'line': b'writing entry points to ../../build/Robowarepkg/Robowarepkg.egg-info/entry_points.txt\n'}
[1.144663] (Robowarepkg) StdoutLine: {'line': b'writing requirements to ../../build/Robowarepkg/Robowarepkg.egg-info/requires.txt\n'}
[1.144811] (Robowarepkg) StdoutLine: {'line': b'writing top-level names to ../../build/Robowarepkg/Robowarepkg.egg-info/top_level.txt\n'}
[1.171870] (Robowarepkg) StdoutLine: {'line': b"reading manifest file '../../build/Robowarepkg/Robowarepkg.egg-info/SOURCES.txt'\n"}
[1.172855] (Robowarepkg) StdoutLine: {'line': b"writing manifest file '../../build/Robowarepkg/Robowarepkg.egg-info/SOURCES.txt'\n"}
[1.173007] (Robowarepkg) StdoutLine: {'line': b'running build\n'}
[1.173084] (Robowarepkg) StdoutLine: {'line': b'running build_py\n'}
[1.173356] (Robowarepkg) StdoutLine: {'line': b'copying Robowarepkg/serial_read_node.py -> /home/altair/Roboware/build/Robowarepkg/build/lib/Robowarepkg\n'}
[1.173671] (Robowarepkg) StdoutLine: {'line': b'copying Robowarepkg/Roboware_node_mpn.py -> /home/altair/Roboware/build/Robowarepkg/build/lib/Robowarepkg\n'}
[1.173864] (Robowarepkg) StdoutLine: {'line': b'copying Robowarepkg/PID_node.py -> /home/altair/Roboware/build/Robowarepkg/build/lib/Robowarepkg\n'}
[1.174175] (Robowarepkg) StdoutLine: {'line': b'copying Robowarepkg/Roboware_node_newmpn.py -> /home/altair/Roboware/build/Robowarepkg/build/lib/Robowarepkg\n'}
[1.174264] (Robowarepkg) StdoutLine: {'line': b'copying Robowarepkg/Roboware_node.py -> /home/altair/Roboware/build/Robowarepkg/build/lib/Robowarepkg\n'}
[1.174316] (Robowarepkg) StdoutLine: {'line': b'copying Robowarepkg/serial_send_node.py -> /home/altair/Roboware/build/Robowarepkg/build/lib/Robowarepkg\n'}
[1.174374] (Robowarepkg) StdoutLine: {'line': b'copying Robowarepkg/web_socket_node.py -> /home/altair/Roboware/build/Robowarepkg/build/lib/Robowarepkg\n'}
[1.174421] (Robowarepkg) StdoutLine: {'line': b'copying Robowarepkg/RealSense_node.py -> /home/altair/Roboware/build/Robowarepkg/build/lib/Robowarepkg\n'}
[1.174496] (Robowarepkg) StdoutLine: {'line': b'copying Robowarepkg/__init__.py -> /home/altair/Roboware/build/Robowarepkg/build/lib/Robowarepkg\n'}
[1.174613] (Robowarepkg) StdoutLine: {'line': b'copying Robowarepkg/Roboware_node_np.py -> /home/altair/Roboware/build/Robowarepkg/build/lib/Robowarepkg\n'}
[1.175004] (Robowarepkg) StdoutLine: {'line': b'running install\n'}
[1.178821] (Robowarepkg) StdoutLine: {'line': b'running install_lib\n'}
[1.192014] (Robowarepkg) StdoutLine: {'line': b'copying /home/altair/Roboware/build/Robowarepkg/build/lib/Robowarepkg/web_socket_node.py -> /home/altair/Roboware/install/Robowarepkg/lib/python3.10/site-packages/Robowarepkg\n'}
[1.192642] (Robowarepkg) StdoutLine: {'line': b'byte-compiling /home/altair/Roboware/install/Robowarepkg/lib/python3.10/site-packages/Robowarepkg/web_socket_node.py to web_socket_node.cpython-310.pyc\n'}
[1.193411] (Robowarepkg) StdoutLine: {'line': b'running install_data\n'}
[1.193657] (Robowarepkg) StdoutLine: {'line': b'copying resource/Robowarepkg -> /home/altair/Roboware/install/Robowarepkg/share/ament_index/resource_index/packages\n'}
[1.193899] (Robowarepkg) StdoutLine: {'line': b'copying package.xml -> /home/altair/Roboware/install/Robowarepkg/share/Robowarepkg\n'}
[1.194077] (Robowarepkg) StdoutLine: {'line': b'running install_egg_info\n'}
[1.203072] (-) TimerEvent: {}
[1.207777] (Robowarepkg) StdoutLine: {'line': b"removing '/home/altair/Roboware/install/Robowarepkg/lib/python3.10/site-packages/Robowarepkg-0.0.0-py3.10.egg-info' (and everything under it)\n"}
[1.208143] (Robowarepkg) StdoutLine: {'line': b'Copying ../../build/Robowarepkg/Robowarepkg.egg-info to /home/altair/Roboware/install/Robowarepkg/lib/python3.10/site-packages/Robowarepkg-0.0.0-py3.10.egg-info\n'}
[1.208819] (Robowarepkg) StdoutLine: {'line': b'running install_scripts\n'}
[1.303252] (-) TimerEvent: {}
[1.309646] (Robowarepkg) StdoutLine: {'line': b'Installing PID_node script to /home/altair/Roboware/install/Robowarepkg/lib/Robowarepkg\n'}
[1.310090] (Robowarepkg) StdoutLine: {'line': b'Installing RealSense_node script to /home/altair/Roboware/install/Robowarepkg/lib/Robowarepkg\n'}
[1.310356] (Robowarepkg) StdoutLine: {'line': b'Installing Roboware_node script to /home/altair/Roboware/install/Robowarepkg/lib/Robowarepkg\n'}
[1.310500] (Robowarepkg) StdoutLine: {'line': b'Installing serial_read_node script to /home/altair/Roboware/install/Robowarepkg/lib/Robowarepkg\n'}
[1.310620] (Robowarepkg) StdoutLine: {'line': b'Installing serial_send_node script to /home/altair/Roboware/install/Robowarepkg/lib/Robowarepkg\n'}
[1.310723] (Robowarepkg) StdoutLine: {'line': b'Installing web_socket_node script to /home/altair/Roboware/install/Robowarepkg/lib/Robowarepkg\n'}
[1.310855] (Robowarepkg) StdoutLine: {'line': b"writing list of installed files to '/home/altair/Roboware/build/Robowarepkg/install.log'\n"}
[1.375105] (Robowarepkg) CommandEnded: {'returncode': 0}
[1.383041] (Robowarepkg) JobEnded: {'identifier': 'Robowarepkg', 'rc': 0}
[1.383830] (-) EventReactorShutdown: {}
