[1.024s] Invoking command in '/home/altair/Roboware/src/Robowarepkg': PYTHONPATH=/home/altair/Roboware/build/Robowarepkg/prefix_override:/usr/lib/python3/dist-packages/colcon_core/task/python/colcon_distutils_commands:/home/altair/Roboware/install/Robowarepkg/lib/python3.10/site-packages: /usr/bin/python3 -W ignore:setup.py install is deprecated -W ignore:easy_install command is deprecated setup.py egg_info --egg-base ../../build/Robowarepkg build --build-base /home/altair/Roboware/build/Robowarepkg/build install --record /home/altair/Roboware/build/Robowarepkg/install.log --single-version-externally-managed install_data
[1.316s] running egg_info
[1.329s] writing ../../build/Robowarepkg/Robowarepkg.egg-info/PKG-INFO
[1.334s] writing dependency_links to ../../build/Robowarepkg/Robowarepkg.egg-info/dependency_links.txt
[1.335s] writing entry points to ../../build/Robowarepkg/Robowarepkg.egg-info/entry_points.txt
[1.335s] writing requirements to ../../build/Robowarepkg/Robowarepkg.egg-info/requires.txt
[1.335s] writing top-level names to ../../build/Robowarepkg/Robowarepkg.egg-info/top_level.txt
[1.363s] reading manifest file '../../build/Robowarepkg/Robowarepkg.egg-info/SOURCES.txt'
[1.364s] writing manifest file '../../build/Robowarepkg/Robowarepkg.egg-info/SOURCES.txt'
[1.364s] running build
[1.364s] running build_py
[1.365s] copying Robowarepkg/serial_read_node.py -> /home/altair/Roboware/build/Robowarepkg/build/lib/Robowarepkg
[1.365s] copying Robowarepkg/Roboware_node_mpn.py -> /home/altair/Roboware/build/Robowarepkg/build/lib/Robowarepkg
[1.365s] copying Robowarepkg/PID_node.py -> /home/altair/Roboware/build/Robowarepkg/build/lib/Robowarepkg
[1.366s] copying Robowarepkg/Roboware_node_newmpn.py -> /home/altair/Roboware/build/Robowarepkg/build/lib/Robowarepkg
[1.366s] copying Robowarepkg/Roboware_node.py -> /home/altair/Roboware/build/Robowarepkg/build/lib/Robowarepkg
[1.366s] copying Robowarepkg/serial_send_node.py -> /home/altair/Roboware/build/Robowarepkg/build/lib/Robowarepkg
[1.366s] copying Robowarepkg/web_socket_node.py -> /home/altair/Roboware/build/Robowarepkg/build/lib/Robowarepkg
[1.367s] copying Robowarepkg/RealSense_node.py -> /home/altair/Roboware/build/Robowarepkg/build/lib/Robowarepkg
[1.367s] copying Robowarepkg/__init__.py -> /home/altair/Roboware/build/Robowarepkg/build/lib/Robowarepkg
[1.367s] copying Robowarepkg/Roboware_node_np.py -> /home/altair/Roboware/build/Robowarepkg/build/lib/Robowarepkg
[1.367s] running install
[1.371s] running install_lib
[1.386s] running install_data
[1.386s] copying resource/Robowarepkg -> /home/altair/Roboware/install/Robowarepkg/share/ament_index/resource_index/packages
[1.387s] copying package.xml -> /home/altair/Roboware/install/Robowarepkg/share/Robowarepkg
[1.387s] running install_egg_info
[1.401s] removing '/home/altair/Roboware/install/Robowarepkg/lib/python3.10/site-packages/Robowarepkg-0.0.0-py3.10.egg-info' (and everything under it)
[1.402s] Copying ../../build/Robowarepkg/Robowarepkg.egg-info to /home/altair/Roboware/install/Robowarepkg/lib/python3.10/site-packages/Robowarepkg-0.0.0-py3.10.egg-info
[1.403s] running install_scripts
[1.503s] Installing PID_node script to /home/altair/Roboware/install/Robowarepkg/lib/Robowarepkg
[1.504s] Installing RealSense_node script to /home/altair/Roboware/install/Robowarepkg/lib/Robowarepkg
[1.504s] Installing Roboware_node script to /home/altair/Roboware/install/Robowarepkg/lib/Robowarepkg
[1.504s] Installing serial_read_node script to /home/altair/Roboware/install/Robowarepkg/lib/Robowarepkg
[1.505s] Installing serial_send_node script to /home/altair/Roboware/install/Robowarepkg/lib/Robowarepkg
[1.505s] Installing web_socket_node script to /home/altair/Roboware/install/Robowarepkg/lib/Robowarepkg
[1.505s] writing list of installed files to '/home/altair/Roboware/build/Robowarepkg/install.log'
[1.571s] Invoked command in '/home/altair/Roboware/src/Robowarepkg' returned '0': PYTHONPATH=/home/altair/Roboware/build/Robowarepkg/prefix_override:/usr/lib/python3/dist-packages/colcon_core/task/python/colcon_distutils_commands:/home/altair/Roboware/install/Robowarepkg/lib/python3.10/site-packages: /usr/bin/python3 -W ignore:setup.py install is deprecated -W ignore:easy_install command is deprecated setup.py egg_info --egg-base ../../build/Robowarepkg build --build-base /home/altair/Roboware/build/Robowarepkg/build install --record /home/altair/Roboware/build/Robowarepkg/install.log --single-version-externally-managed install_data
