[1.263s] Invoking command in '/home/altair/Roboware/src/Robowarepkg': PYTHONPATH=/home/altair/Roboware/build/Robowarepkg/prefix_override:/usr/lib/python3/dist-packages/colcon_core/task/python/colcon_distutils_commands:/home/altair/Roboware/install/Robowarepkg/lib/python3.10/site-packages:${PYTHONPATH} /usr/bin/python3 -W ignore:setup.py install is deprecated -W ignore:easy_install command is deprecated setup.py egg_info --egg-base ../../build/Robowarepkg build --build-base /home/altair/Roboware/build/Robowarepkg/build install --record /home/altair/Roboware/build/Robowarepkg/install.log --single-version-externally-managed install_data
[1.600s] running egg_info
[1.619s] writing ../../build/Robowarepkg/Robowarepkg.egg-info/PKG-INFO
[1.623s] writing dependency_links to ../../build/Robowarepkg/Robowarepkg.egg-info/dependency_links.txt
[1.624s] writing entry points to ../../build/Robowarepkg/Robowarepkg.egg-info/entry_points.txt
[1.624s] writing requirements to ../../build/Robowarepkg/Robowarepkg.egg-info/requires.txt
[1.624s] writing top-level names to ../../build/Robowarepkg/Robowarepkg.egg-info/top_level.txt
[1.664s] reading manifest file '../../build/Robowarepkg/Robowarepkg.egg-info/SOURCES.txt'
[1.666s] writing manifest file '../../build/Robowarepkg/Robowarepkg.egg-info/SOURCES.txt'
[1.666s] running build
[1.666s] running build_py
[1.666s] copying Robowarepkg/serial_read_node.py -> /home/altair/Roboware/build/Robowarepkg/build/lib/Robowarepkg
[1.667s] copying Robowarepkg/Roboware_node_mpn.py -> /home/altair/Roboware/build/Robowarepkg/build/lib/Robowarepkg
[1.668s] copying Robowarepkg/PID_node.py -> /home/altair/Roboware/build/Robowarepkg/build/lib/Robowarepkg
[1.668s] copying Robowarepkg/Roboware_node_newmpn.py -> /home/altair/Roboware/build/Robowarepkg/build/lib/Robowarepkg
[1.668s] copying Robowarepkg/Roboware_node.py -> /home/altair/Roboware/build/Robowarepkg/build/lib/Robowarepkg
[1.669s] copying Robowarepkg/serial_send_node.py -> /home/altair/Roboware/build/Robowarepkg/build/lib/Robowarepkg
[1.669s] copying Robowarepkg/web_socket_node.py -> /home/altair/Roboware/build/Robowarepkg/build/lib/Robowarepkg
[1.669s] copying Robowarepkg/RealSense_node.py -> /home/altair/Roboware/build/Robowarepkg/build/lib/Robowarepkg
[1.670s] copying Robowarepkg/__init__.py -> /home/altair/Roboware/build/Robowarepkg/build/lib/Robowarepkg
[1.670s] copying Robowarepkg/Roboware_node_np.py -> /home/altair/Roboware/build/Robowarepkg/build/lib/Robowarepkg
[1.670s] running install
[1.674s] running install_lib
[1.695s] running install_data
[1.696s] copying resource/Robowarepkg -> /home/altair/Roboware/install/Robowarepkg/share/ament_index/resource_index/packages
[1.696s] copying package.xml -> /home/altair/Roboware/install/Robowarepkg/share/Robowarepkg
[1.696s] running install_egg_info
[1.716s] removing '/home/altair/Roboware/install/Robowarepkg/lib/python3.10/site-packages/Robowarepkg-0.0.0-py3.10.egg-info' (and everything under it)
[1.716s] Copying ../../build/Robowarepkg/Robowarepkg.egg-info to /home/altair/Roboware/install/Robowarepkg/lib/python3.10/site-packages/Robowarepkg-0.0.0-py3.10.egg-info
[1.717s] running install_scripts
[1.871s] Installing PID_node script to /home/altair/Roboware/install/Robowarepkg/lib/Robowarepkg
[1.875s] Installing RealSense_node script to /home/altair/Roboware/install/Robowarepkg/lib/Robowarepkg
[1.875s] Installing Roboware_node script to /home/altair/Roboware/install/Robowarepkg/lib/Robowarepkg
[1.875s] Installing serial_read_node script to /home/altair/Roboware/install/Robowarepkg/lib/Robowarepkg
[1.875s] Installing serial_send_node script to /home/altair/Roboware/install/Robowarepkg/lib/Robowarepkg
[1.875s] Installing web_socket_node script to /home/altair/Roboware/install/Robowarepkg/lib/Robowarepkg
[1.876s] writing list of installed files to '/home/altair/Roboware/build/Robowarepkg/install.log'
[1.943s] Invoked command in '/home/altair/Roboware/src/Robowarepkg' returned '0': PYTHONPATH=/home/altair/Roboware/build/Robowarepkg/prefix_override:/usr/lib/python3/dist-packages/colcon_core/task/python/colcon_distutils_commands:/home/altair/Roboware/install/Robowarepkg/lib/python3.10/site-packages:${PYTHONPATH} /usr/bin/python3 -W ignore:setup.py install is deprecated -W ignore:easy_install command is deprecated setup.py egg_info --egg-base ../../build/Robowarepkg build --build-base /home/altair/Roboware/build/Robowarepkg/build install --record /home/altair/Roboware/build/Robowarepkg/install.log --single-version-externally-managed install_data
