[0.000000] (-) TimerEvent: {}
[0.000201] (Robowarepkg) JobQueued: {'identifier': 'Robowarepkg', 'dependencies': OrderedDict()}
[0.000250] (Robowarepkg) JobStarted: {'identifier': 'Robowarepkg'}
[0.099284] (-) TimerEvent: {}
[0.199635] (-) TimerEvent: {}
[0.300005] (-) TimerEvent: {}
[0.400364] (-) TimerEvent: {}
[0.500768] (-) TimerEvent: {}
[0.601186] (-) TimerEvent: {}
[0.701617] (-) TimerEvent: {}
[0.802052] (-) TimerEvent: {}
[0.902387] (-) TimerEvent: {}
[1.002779] (-) TimerEvent: {}
[1.022580] (Robowarepkg) Command: {'cmd': ['/usr/bin/python3', '-W', 'ignore:setup.py install is deprecated', '-W', 'ignore:easy_install command is deprecated', 'setup.py', 'egg_info', '--egg-base', '../../build/Robowarepkg', 'build', '--build-base', '/home/altair/Roboware/build/Robowarepkg/build', 'install', '--record', '/home/altair/Roboware/build/Robowarepkg/install.log', '--single-version-externally-managed', 'install_data'], 'cwd': '/home/altair/Roboware/src/Robowarepkg', 'env': {'USER': 'altair', 'XDG_SESSION_TYPE': 'wayland', 'SHLVL': '1', 'HOME': '/home/altair', 'DESKTOP_SESSION': 'ubuntu', 'GNOME_SHELL_SESSION_MODE': 'ubuntu', 'GTK_MODULES': 'gail:atk-bridge', 'SYSTEMD_EXEC_PID': '1362', 'DBUS_SESSION_BUS_ADDRESS': 'unix:path=/run/user/1000/bus', 'COLORTERM': 'truecolor', 'IM_CONFIG_PHASE': '1', 'WAYLAND_DISPLAY': 'wayland-0', 'LOGNAME': 'altair', '_': '/usr/bin/colcon', 'XDG_SESSION_CLASS': 'user', 'USERNAME': 'altair', 'COLUMNS': '204', 'TERM': 'xterm-256color', 'GNOME_DESKTOP_SESSION_ID': 'this-is-deprecated', 'PATH': '/home/altair/.local/bin:/usr/local/sbin:/usr/local/bin:/usr/sbin:/usr/bin:/sbin:/bin:/usr/games:/usr/local/games:/snap/bin:/snap/bin', 'SESSION_MANAGER': 'local/altair-HCAR5000-MI:@/tmp/.ICE-unix/1328,unix/altair-HCAR5000-MI:/tmp/.ICE-unix/1328', 'XDG_MENU_PREFIX': 'gnome-', 'GNOME_TERMINAL_SCREEN': '/org/gnome/Terminal/screen/2d89f77b_5646_4123_a517_c2ecfa5b3ad9', 'GNOME_SETUP_DISPLAY': ':1', 'XDG_RUNTIME_DIR': '/run/user/1000', 'DISPLAY': ':0', 'LANG': 'ja_JP.UTF-8', 'XDG_CURRENT_DESKTOP': 'ubuntu:GNOME', 'XMODIFIERS': '@im=ibus', 'XDG_SESSION_DESKTOP': 'ubuntu', 'XAUTHORITY': '/run/user/1000/.mutter-Xwaylandauth.GB1BZ2', 'GNOME_TERMINAL_SERVICE': ':1.355', 'SSH_AGENT_LAUNCHER': 'gnome-keyring', 'SSH_AUTH_SOCK': '/run/user/1000/keyring/ssh', 'SHELL': '/bin/bash', 'QT_ACCESSIBILITY': '1', 'GDMSESSION': 'ubuntu', 'QT_IM_MODULE': 'ibus', 'PWD': '/home/altair/Roboware/build/Robowarepkg', 'LC_ALL': 'ja_JP.UTF-8', 'XDG_CONFIG_DIRS': '/etc/xdg/xdg-ubuntu:/etc/xdg', 'XDG_DATA_DIRS': '/usr/share/ubuntu:/usr/local/share/:/usr/share/:/var/lib/snapd/desktop', 'LINES': '38', 'COLCON': '1', 'VTE_VERSION': '6800', 'PYTHONPATH': '/home/altair/Roboware/build/Robowarepkg/prefix_override:/usr/lib/python3/dist-packages/colcon_core/task/python/colcon_distutils_commands:/home/altair/Roboware/install/Robowarepkg/lib/python3.10/site-packages:'}, 'shell': False}
[1.102913] (-) TimerEvent: {}
[1.203270] (-) TimerEvent: {}
[1.303613] (-) TimerEvent: {}
[1.316075] (Robowarepkg) StdoutLine: {'line': b'running egg_info\n'}
[1.329057] (Robowarepkg) StdoutLine: {'line': b'writing ../../build/Robowarepkg/Robowarepkg.egg-info/PKG-INFO\n'}
[1.334362] (Robowarepkg) StdoutLine: {'line': b'writing dependency_links to ../../build/Robowarepkg/Robowarepkg.egg-info/dependency_links.txt\n'}
[1.334787] (Robowarepkg) StdoutLine: {'line': b'writing entry points to ../../build/Robowarepkg/Robowarepkg.egg-info/entry_points.txt\n'}
[1.335064] (Robowarepkg) StdoutLine: {'line': b'writing requirements to ../../build/Robowarepkg/Robowarepkg.egg-info/requires.txt\n'}
[1.335191] (Robowarepkg) StdoutLine: {'line': b'writing top-level names to ../../build/Robowarepkg/Robowarepkg.egg-info/top_level.txt\n'}
[1.362622] (Robowarepkg) StdoutLine: {'line': b"reading manifest file '../../build/Robowarepkg/Robowarepkg.egg-info/SOURCES.txt'\n"}
[1.364000] (Robowarepkg) StdoutLine: {'line': b"writing manifest file '../../build/Robowarepkg/Robowarepkg.egg-info/SOURCES.txt'\n"}
[1.364188] (Robowarepkg) StdoutLine: {'line': b'running build\n'}
[1.364245] (Robowarepkg) StdoutLine: {'line': b'running build_py\n'}
[1.364806] (Robowarepkg) StdoutLine: {'line': b'copying Robowarepkg/serial_read_node.py -> /home/altair/Roboware/build/Robowarepkg/build/lib/Robowarepkg\n'}
[1.365178] (Robowarepkg) StdoutLine: {'line': b'copying Robowarepkg/Roboware_node_mpn.py -> /home/altair/Roboware/build/Robowarepkg/build/lib/Robowarepkg\n'}
[1.365508] (Robowarepkg) StdoutLine: {'line': b'copying Robowarepkg/PID_node.py -> /home/altair/Roboware/build/Robowarepkg/build/lib/Robowarepkg\n'}
[1.365714] (Robowarepkg) StdoutLine: {'line': b'copying Robowarepkg/Roboware_node_newmpn.py -> /home/altair/Roboware/build/Robowarepkg/build/lib/Robowarepkg\n'}
[1.365953] (Robowarepkg) StdoutLine: {'line': b'copying Robowarepkg/Roboware_node.py -> /home/altair/Roboware/build/Robowarepkg/build/lib/Robowarepkg\n'}
[1.366171] (Robowarepkg) StdoutLine: {'line': b'copying Robowarepkg/serial_send_node.py -> /home/altair/Roboware/build/Robowarepkg/build/lib/Robowarepkg\n'}
[1.366442] (Robowarepkg) StdoutLine: {'line': b'copying Robowarepkg/web_socket_node.py -> /home/altair/Roboware/build/Robowarepkg/build/lib/Robowarepkg\n'}
[1.366701] (Robowarepkg) StdoutLine: {'line': b'copying Robowarepkg/RealSense_node.py -> /home/altair/Roboware/build/Robowarepkg/build/lib/Robowarepkg\n'}
[1.366979] (Robowarepkg) StdoutLine: {'line': b'copying Robowarepkg/__init__.py -> /home/altair/Roboware/build/Robowarepkg/build/lib/Robowarepkg\n'}
[1.367090] (Robowarepkg) StdoutLine: {'line': b'copying Robowarepkg/Roboware_node_np.py -> /home/altair/Roboware/build/Robowarepkg/build/lib/Robowarepkg\n'}
[1.367529] (Robowarepkg) StdoutLine: {'line': b'running install\n'}
[1.371306] (Robowarepkg) StdoutLine: {'line': b'running install_lib\n'}
[1.386019] (Robowarepkg) StdoutLine: {'line': b'running install_data\n'}
[1.386387] (Robowarepkg) StdoutLine: {'line': b'copying resource/Robowarepkg -> /home/altair/Roboware/install/Robowarepkg/share/ament_index/resource_index/packages\n'}
[1.386777] (Robowarepkg) StdoutLine: {'line': b'copying package.xml -> /home/altair/Roboware/install/Robowarepkg/share/Robowarepkg\n'}
[1.387060] (Robowarepkg) StdoutLine: {'line': b'running install_egg_info\n'}
[1.401521] (Robowarepkg) StdoutLine: {'line': b"removing '/home/altair/Roboware/install/Robowarepkg/lib/python3.10/site-packages/Robowarepkg-0.0.0-py3.10.egg-info' (and everything under it)\n"}
[1.401870] (Robowarepkg) StdoutLine: {'line': b'Copying ../../build/Robowarepkg/Robowarepkg.egg-info to /home/altair/Roboware/install/Robowarepkg/lib/python3.10/site-packages/Robowarepkg-0.0.0-py3.10.egg-info\n'}
[1.402711] (Robowarepkg) StdoutLine: {'line': b'running install_scripts\n'}
[1.403688] (-) TimerEvent: {}
[1.503423] (Robowarepkg) StdoutLine: {'line': b'Installing PID_node script to /home/altair/Roboware/install/Robowarepkg/lib/Robowarepkg\n'}
[1.503717] (-) TimerEvent: {}
[1.504275] (Robowarepkg) StdoutLine: {'line': b'Installing RealSense_node script to /home/altair/Roboware/install/Robowarepkg/lib/Robowarepkg\n'}
[1.504533] (Robowarepkg) StdoutLine: {'line': b'Installing Roboware_node script to /home/altair/Roboware/install/Robowarepkg/lib/Robowarepkg\n'}
[1.504649] (Robowarepkg) StdoutLine: {'line': b'Installing serial_read_node script to /home/altair/Roboware/install/Robowarepkg/lib/Robowarepkg\n'}
[1.504767] (Robowarepkg) StdoutLine: {'line': b'Installing serial_send_node script to /home/altair/Roboware/install/Robowarepkg/lib/Robowarepkg\n'}
[1.504904] (Robowarepkg) StdoutLine: {'line': b'Installing web_socket_node script to /home/altair/Roboware/install/Robowarepkg/lib/Robowarepkg\n'}
[1.505042] (Robowarepkg) StdoutLine: {'line': b"writing list of installed files to '/home/altair/Roboware/build/Robowarepkg/install.log'\n"}
[1.570950] (Robowarepkg) CommandEnded: {'returncode': 0}
[1.583358] (Robowarepkg) JobEnded: {'identifier': 'Robowarepkg', 'rc': 0}
[1.584142] (-) EventReactorShutdown: {}
